
                         MODELLER 9.16, 2016/01/07, r10745

     PROTEIN STRUCTURE MODELLING BY SATISFACTION OF SPATIAL RESTRAINTS


                     Copyright(c) 1989-2016 Andrej Sali
                            All Rights Reserved

                             Written by A. Sali
                               with help from
              B. Webb, M.S. Madhusudhan, M-Y. Shen, G.Q. Dong,
          M.A. Marti-Renom, N. Eswar, F. Alber, M. Topf, B. Oliva,
             A. Fiser, R. Sanchez, B. Yerkovich, A. Badretdinov,
                     F. Melo, J.P. Overington, E. Feyfant
                 University of California, San Francisco, USA
                    Rockefeller University, New York, USA
                      Harvard University, Cambridge, USA
                   Imperial Cancer Research Fund, London, UK
              Birkbeck College, University of London, London, UK


Kind, OS, HostName, Kernel, Processor: 4, Darwin dhcp-159-244.public.vu.nl 13.4.0 x86_64
Date and time of compilation         : 2016/01/07 09:10:39
MODELLER executable type             : mac10v4-intel64
Job starting time (YY/MM/DD HH:MM:SS): 2016/02/24 18:05:37


check_ali___> Checking the sequence-structure alignment. 

Implied intrachain target CA(i)-CA(i+1) distances longer than  8.0 angstroms:

ALN_POS  TMPL  RID1  RID2  NAM1  NAM2     DIST
----------------------------------------------
END OF TABLE
read_to_681_> topology.submodel read from topology file:        3
mdtrsr__446W> A potential that relies on one protein is used, yet you have at
              least one known structure available. MDT, not library, potential is used.
0 atoms in HETATM/BLK residues constrained
to protein atoms within 2.30 angstroms
and protein CA atoms within 10.00 angstroms
0 atoms in residues without defined topology
constrained to be rigid bodies
condens_443_> Restraints marked for deletion were removed.
              Total number of restraints before, now:     7961     7147
iupac_m_397W> Atoms were not swapped because of the uncertainty of how to handle the H atom.


>> ENERGY; Differences between the model's features and restraints:
Number of all residues in MODEL                   :      111
Number of all, selected real atoms                :      930     930
Number of all, selected pseudo atoms              :        0       0
Number of all static, selected restraints         :     7147    7147
COVALENT_CYS                                      :        F
NONBONDED_SEL_ATOMS                               :        1
Number of non-bonded pairs (excluding 1-2,1-3,1-4):     1748
Dynamic pairs routine                             : 2, NATM x NATM cell sorting
Atomic shift for contacts update (UPDATE_DYNAMIC) :    0.390
LENNARD_JONES_SWITCH                              :    6.500   7.500
COULOMB_JONES_SWITCH                              :    6.500   7.500
RESIDUE_SPAN_RANGE                                :        0   99999
NLOGN_USE                                         :       15
CONTACT_SHELL                                     :    4.000
DYNAMIC_PAIRS,_SPHERE,_COULOMB,_LENNARD,_MODELLER :        T       T       F       F       F
SPHERE_STDV                                       :    0.050
RADII_FACTOR                                      :    0.820
Current energy                                    :         608.6483





Summary of the restraint violations: 

   NUM     ... number of restraints.
   NUMVI   ... number of restraints with RVIOL > VIOL_REPORT_CUT[i].
   RVIOL   ... relative difference from the best value.
   NUMVP   ... number of restraints with -Ln(pdf) > VIOL_REPORT_CUT2[i].
   RMS_1   ... RMS(feature, minimally_violated_basis_restraint, NUMB).
   RMS_2   ... RMS(feature, best_value, NUMB).
   MOL.PDF ... scaled contribution to -Ln(Molecular pdf).

 #                     RESTRAINT_GROUP      NUM   NUMVI  NUMVP   RMS_1   RMS_2         MOL.PDF     S_i
------------------------------------------------------------------------------------------------------
 1 Bond length potential              :     954       0      0   0.004   0.004      3.2518       1.000
 2 Bond angle potential               :    1292       0      1   1.705   1.705      72.028       1.000
 3 Stereochemical cosine torsion poten:     642       0     30  47.888  47.888      223.97       1.000
 4 Stereochemical improper torsion pot:     415       0      0   1.122   1.122      10.661       1.000
 5 Soft-sphere overlap restraints     :    1748       0      0   0.002   0.002      1.2891       1.000
 6 Lennard-Jones 6-12 potential       :       0       0      0   0.000   0.000      0.0000       1.000
 7 Coulomb point-point electrostatic p:       0       0      0   0.000   0.000      0.0000       1.000
 8 H-bonding potential                :       0       0      0   0.000   0.000      0.0000       1.000
 9 Distance restraints 1 (CA-CA)      :    1222       0      0   0.203   0.203      23.837       1.000
10 Distance restraints 2 (N-O)        :    1312       0      0   0.402   0.402      44.184       1.000
11 Mainchain Phi dihedral restraints  :       0       0      0   0.000   0.000      0.0000       1.000
12 Mainchain Psi dihedral restraints  :       0       0      0   0.000   0.000      0.0000       1.000
13 Mainchain Omega dihedral restraints:     110       0      0   3.831   3.831      19.041       1.000
14 Sidechain Chi_1 dihedral restraints:     102       0      2  80.560  80.560      27.479       1.000
15 Sidechain Chi_2 dihedral restraints:      87       0      0  84.199  84.199      36.775       1.000
16 Sidechain Chi_3 dihedral restraints:      35       0      0  90.775  90.775      27.553       1.000
17 Sidechain Chi_4 dihedral restraints:      11       0      0 103.761 103.761      7.5580       1.000
18 Disulfide distance restraints      :       0       0      0   0.000   0.000      0.0000       1.000
19 Disulfide angle restraints         :       0       0      0   0.000   0.000      0.0000       1.000
20 Disulfide dihedral angle restraints:       0       0      0   0.000   0.000      0.0000       1.000
21 Lower bound distance restraints    :       0       0      0   0.000   0.000      0.0000       1.000
22 Upper bound distance restraints    :       0       0      0   0.000   0.000      0.0000       1.000
23 Distance restraints 3 (SDCH-MNCH)  :     685       0      0   0.531   0.531      19.522       1.000
24 Sidechain Chi_5 dihedral restraints:       0       0      0   0.000   0.000      0.0000       1.000
25 Phi/Psi pair of dihedral restraints:     109      30     19  32.159  90.922      77.183       1.000
26 Distance restraints 4 (SDCH-SDCH)  :     171       0      0   0.956   0.956      14.321       1.000
27 Distance restraints 5 (X-Y)        :       0       0      0   0.000   0.000      0.0000       1.000
28 NMR distance restraints 6 (X-Y)    :       0       0      0   0.000   0.000      0.0000       1.000
29 NMR distance restraints 7 (X-Y)    :       0       0      0   0.000   0.000      0.0000       1.000
30 Minimal distance restraints        :       0       0      0   0.000   0.000      0.0000       1.000
31 Non-bonded restraints              :       0       0      0   0.000   0.000      0.0000       1.000
32 Atomic accessibility restraints    :       0       0      0   0.000   0.000      0.0000       1.000
33 Atomic density restraints          :       0       0      0   0.000   0.000      0.0000       1.000
34 Absolute position restraints       :       0       0      0   0.000   0.000      0.0000       1.000
35 Dihedral angle difference restraint:       0       0      0   0.000   0.000      0.0000       1.000
36 GBSA implicit solvent potential    :       0       0      0   0.000   0.000      0.0000       1.000
37 EM density fitting potential       :       0       0      0   0.000   0.000      0.0000       1.000
38 SAXS restraints                    :       0       0      0   0.000   0.000      0.0000       1.000
39 Symmetry restraints                :       0       0      0   0.000   0.000      0.0000       1.000



# Heavy relative violation of each residue is written to: d2_hmmer.V99990001
# The profile is NOT normalized by the number of restraints.
# The profiles are smoothed over a window of residues:    1
# The sum of all numbers in the file:   14920.6709



List of the violated restraints:
   A restraint is violated when the relative difference
   from the best value (RVIOL) is larger than CUTOFF.

   ICSR   ... index of a restraint in the current set.
   RESNO  ... residue numbers of the first two atoms.
   ATM    ... IUPAC atom names of the first two atoms.
   FEAT   ... the value of the feature in the model.
   restr  ... the mean of the basis restraint with the smallest
              difference from the model (local minimum).
   viol   ... difference from the local minimum.
   rviol  ... relative difference from the local minimum.
   RESTR  ... the best value (global minimum).
   VIOL   ... difference from the best value.
   RVIOL  ... relative difference from the best value.


-------------------------------------------------------------------------------------------------

Feature 25                           : Phi/Psi pair of dihedral restraints     
List of the RVIOL violations larger than   :       6.5000

    #   ICSR  RESNO1/2 ATM1/2   INDATM1/2    FEAT   restr    viol   rviol   RESTR    VIOL   RVIOL
    1   3304   1T   2Y C   N       6    8 -123.52 -124.30    7.92    0.45  -63.50 -176.59   32.13
    1          2Y   2Y N   CA      8    9  143.29  135.40                  -43.40
    2   3305   2Y   3L C   N      18   20  -99.04 -108.50    9.86    0.51  -63.50 -179.96   23.21
    2          3L   3L N   CA     20   21  135.29  132.50                  -41.20
    3   3306   3L   4S C   N      26   28  -73.74  -72.40    4.84    0.24  -64.10  168.22   12.79
    3          4S   4S N   CA     28   29  157.06  152.40                  -35.00
    4   3308   5P   6E C   N      39   41 -179.42 -117.80   65.93    1.97  -63.60 -162.92   32.52
    4          6E   6E N   CA     41   42  160.25  136.80                  -40.30
    5   3309   6E   7E C   N      48   50  -79.12  -69.30   45.40    3.79  -63.60  139.34   17.77
    5          7E   7E N   CA     50   51   98.17  142.50                  -40.30
    6   3310   7E   8W C   N      57   59 -152.07 -124.90   27.36    1.12  -63.00 -168.81   29.90
    6          8W   8W N   CA     59   60  146.63  143.40                  -44.20
    7   3311   8W   9H C   N      71   73 -103.15 -125.60   29.91    0.74  -63.20  166.21   18.63
    7          9H   9H N   CA     73   74  119.04  138.80                  -42.30
    8   3312   9H  10Q C   N      81   83 -117.08 -121.10   22.08    0.98  -63.80  167.01   22.16
    8         10Q  10Q N   CA     83   84  117.99  139.70                  -40.30
    9   3313  10Q  11F C   N      90   92 -133.93 -124.20    9.92    0.44  -63.20 -171.85   30.76
    9         11F  11F N   CA     92   93  141.35  143.30                  -44.30
   10   3315  12I  13Q C   N     109  111  163.11 -121.10   75.92    2.76  -63.80 -139.64   38.97
   10         13Q  13Q N   CA    111  112  144.07  139.70                  -40.30
   11   3316  13Q  14D C   N     118  120 -116.41  -96.50   39.36    1.66  -63.30  179.87   25.63
   11         14D  14D N   CA    120  121  148.15  114.20                  -40.00
   12   3318  15P  16N C   N     133  135 -171.72 -119.90   54.28    1.85  -63.20 -161.88   30.75
   12         16N  16N N   CA    135  136  153.15  137.00                  -41.10
   13   3349  46E  47F C   N     395  397 -126.34 -124.20   93.27    4.45  -63.20  113.54   12.82
   13         47F  47F N   CA    397  398   50.06  143.30                  -44.30
   14   3351  48P  49D C   N     413  415 -177.57  -96.50   82.51    3.38  -63.30 -155.55   21.87
   14         49D  49D N   CA    415  416  129.54  114.20                  -40.00
   15   3352  49D  50Y C   N     421  423 -145.12 -124.30   76.03    3.24  -63.50  135.43   25.21
   15         50Y  50Y N   CA    423  424 -151.48  135.40                  -43.40
   16   3354  51V  52Q C   N     440  442  -84.09  -73.00   39.65    2.82  -63.80  144.37   20.21
   16         52Q  52Q N   CA    442  443  102.64  140.70                  -40.30
   17   3355  52Q  53R C   N     449  451 -136.11 -125.20   98.11    4.96  -63.00  111.51   12.91
   17         53R  53R N   CA    451  452   43.10  140.60                  -41.10
   18   3356  53R  54N C   N     460  462   64.56   55.90   29.61    1.52  -63.20  138.04   22.55
   18         54N  54N N   CA    462  463   11.18   39.50                  -41.10
   19   3358  55L  56I C   N     476  478 -127.76 -120.60   51.23    2.65  -63.40  149.89   26.92
   19         56I  56I N   CA    478  479 -178.97  130.30                  -43.60
   20   3394  91L  92H C   N     767  769   59.89   56.30   19.10    1.45  -63.20  138.89   23.85
   20         92H  92H N   CA    769  770   22.04   40.80                  -42.30
   21   3395  92H  93D C   N     777  779   20.29  -70.90  110.53    9.23  -63.30  135.96   14.75
   21         93D  93D N   CA    779  780 -147.23  150.30                  -40.00
   22   3401  98Y  99L C   N     825  827  -72.27  -70.70   11.07    0.90  -63.50  172.07   23.40
   22         99L  99L N   CA    827  828  130.64  141.60                  -41.20
   23   3402  99L 100E C   N     833  835 -136.75 -117.80   30.16    1.03  -63.60  175.41   27.49
   23        100E 100E N   CA    835  836  160.26  136.80                  -40.30
   24   3403 100E 101S C   N     842  844  -60.98  -72.40   39.76    1.98  -64.10  149.35   11.01
   24        101S 101S N   CA    844  845  114.31  152.40                  -35.00
   25   3406 103P 104E C   N     863  865 -158.49 -117.80   52.80    2.75  -63.60  172.01   19.88
   25        104E 104E N   CA    865  866  103.16  136.80                  -40.30
   26   3407 104E 105S C   N     872  874  160.74 -136.60   89.57    2.91  -64.10  174.13   22.16
   26        105S 105S N   CA    874  875 -144.80  151.20                  -35.00
   27   3408 105S 106E C   N     878  880  -61.12  -69.30   10.29    0.58  -63.60  176.56   23.68
   27        106E 106E N   CA    880  881  136.24  142.50                  -40.30
   28   3409 106E 107S C   N     887  889  -72.26  -72.40   14.76    0.86  -64.10  172.84   12.06
   28        107S 107S N   CA    889  890  137.64  152.40                  -35.00
   29   3411 108L 109W C   N     901  903  -78.67  -71.30   14.09    0.87  -63.00  165.54   21.68
   29        109W 109W N   CA    903  904  151.01  139.00                  -44.20
   30   3412 109W 110E C   N     915  917 -105.25 -117.80   19.43    1.05  -63.60  173.15   25.44
   30        110E 110E N   CA    917  918  151.63  136.80                  -40.30


report______> Distribution of short non-bonded contacts:


DISTANCE1:  0.00 2.10 2.20 2.30 2.40 2.50 2.60 2.70 2.80 2.90 3.00 3.10 3.20 3.30 3.40
DISTANCE2:  2.10 2.20 2.30 2.40 2.50 2.60 2.70 2.80 2.90 3.00 3.10 3.20 3.30 3.40 3.50
FREQUENCY:     0    0    0    0    0   11   12   45   56   84   91  104  118  122  127


<< end of ENERGY.
>> Model assessment by DOPE potential
iatmcls_286W> MODEL atom not classified:  GLY:OXT  GLY


>> ENERGY; Differences between the model's features and restraints:
Number of all residues in MODEL                   :      111
Number of all, selected real atoms                :      930     930
Number of all, selected pseudo atoms              :        0       0
Number of all static, selected restraints         :     7147    7147
COVALENT_CYS                                      :        F
NONBONDED_SEL_ATOMS                               :        1
Number of non-bonded pairs (excluding 1-2,1-3,1-4):   118031
Dynamic pairs routine                             : 1, NATM x NATM double loop
Atomic shift for contacts update (UPDATE_DYNAMIC) :    0.390
LENNARD_JONES_SWITCH                              :    6.500   7.500
COULOMB_JONES_SWITCH                              :    6.500   7.500
RESIDUE_SPAN_RANGE                                :        1    9999
NLOGN_USE                                         :       15
CONTACT_SHELL                                     :   15.000
DYNAMIC_PAIRS,_SPHERE,_COULOMB,_LENNARD,_MODELLER :        T       F       F       F       T
SPHERE_STDV                                       :    0.050
RADII_FACTOR                                      :    0.820
Current energy                                    :       -8098.5708




<< end of ENERGY.
DOPE score               : -8098.570801
>> Model assessment by GA341 potential

Surface library          : /Library/modeller-9.16/modlib/surf5.de
Pair library             : /Library/modeller-9.16/modlib/pair9.de
Chain identifier         : _
% sequence identity      :    22.000000
Sequence length          :          111
Compactness              :     0.118257
Native energy (pair)     :   -23.091375
Native energy (surface)  :     6.007966
Native energy (combined) :     0.561201
Z score (pair)           :    -4.314841
Z score (surface)        :    -1.526765
Z score (combined)       :    -4.163964
GA341 score              :     0.411904

iupac_m_397W> Atoms were not swapped because of the uncertainty of how to handle the H atom.
iupac_m_397W> Atoms were not swapped because of the uncertainty of how to handle the H atom.
iupac_m_397W> Atoms were not swapped because of the uncertainty of how to handle the H atom.


>> ENERGY; Differences between the model's features and restraints:
Number of all residues in MODEL                   :      111
Number of all, selected real atoms                :      930     930
Number of all, selected pseudo atoms              :        0       0
Number of all static, selected restraints         :     7147    7147
COVALENT_CYS                                      :        F
NONBONDED_SEL_ATOMS                               :        1
Number of non-bonded pairs (excluding 1-2,1-3,1-4):     1746
Dynamic pairs routine                             : 2, NATM x NATM cell sorting
Atomic shift for contacts update (UPDATE_DYNAMIC) :    0.390
LENNARD_JONES_SWITCH                              :    6.500   7.500
COULOMB_JONES_SWITCH                              :    6.500   7.500
RESIDUE_SPAN_RANGE                                :        0   99999
NLOGN_USE                                         :       15
CONTACT_SHELL                                     :    4.000
DYNAMIC_PAIRS,_SPHERE,_COULOMB,_LENNARD,_MODELLER :        T       T       F       F       F
SPHERE_STDV                                       :    0.050
RADII_FACTOR                                      :    0.820
Current energy                                    :         590.0085





Summary of the restraint violations: 

   NUM     ... number of restraints.
   NUMVI   ... number of restraints with RVIOL > VIOL_REPORT_CUT[i].
   RVIOL   ... relative difference from the best value.
   NUMVP   ... number of restraints with -Ln(pdf) > VIOL_REPORT_CUT2[i].
   RMS_1   ... RMS(feature, minimally_violated_basis_restraint, NUMB).
   RMS_2   ... RMS(feature, best_value, NUMB).
   MOL.PDF ... scaled contribution to -Ln(Molecular pdf).

 #                     RESTRAINT_GROUP      NUM   NUMVI  NUMVP   RMS_1   RMS_2         MOL.PDF     S_i
------------------------------------------------------------------------------------------------------
 1 Bond length potential              :     954       0      0   0.004   0.004      3.6704       1.000
 2 Bond angle potential               :    1292       0      1   1.744   1.744      75.348       1.000
 3 Stereochemical cosine torsion poten:     642       0     25  47.931  47.931      222.33       1.000
 4 Stereochemical improper torsion pot:     415       0      0   1.199   1.199      12.076       1.000
 5 Soft-sphere overlap restraints     :    1746       0      0   0.003   0.003      1.3692       1.000
 6 Lennard-Jones 6-12 potential       :       0       0      0   0.000   0.000      0.0000       1.000
 7 Coulomb point-point electrostatic p:       0       0      0   0.000   0.000      0.0000       1.000
 8 H-bonding potential                :       0       0      0   0.000   0.000      0.0000       1.000
 9 Distance restraints 1 (CA-CA)      :    1222       0      0   0.224   0.224      27.630       1.000
10 Distance restraints 2 (N-O)        :    1312       0      0   0.375   0.375      45.526       1.000
11 Mainchain Phi dihedral restraints  :       0       0      0   0.000   0.000      0.0000       1.000
12 Mainchain Psi dihedral restraints  :       0       0      0   0.000   0.000      0.0000       1.000
13 Mainchain Omega dihedral restraints:     110       0      0   3.694   3.694      17.699       1.000
14 Sidechain Chi_1 dihedral restraints:     102       0      0  75.134  75.134      21.572       1.000
15 Sidechain Chi_2 dihedral restraints:      87       0      0  71.633  71.633      30.838       1.000
16 Sidechain Chi_3 dihedral restraints:      35       0      1  98.513  98.513      28.055       1.000
17 Sidechain Chi_4 dihedral restraints:      11       0      0  77.131  77.131      5.8420       1.000
18 Disulfide distance restraints      :       0       0      0   0.000   0.000      0.0000       1.000
19 Disulfide angle restraints         :       0       0      0   0.000   0.000      0.0000       1.000
20 Disulfide dihedral angle restraints:       0       0      0   0.000   0.000      0.0000       1.000
21 Lower bound distance restraints    :       0       0      0   0.000   0.000      0.0000       1.000
22 Upper bound distance restraints    :       0       0      0   0.000   0.000      0.0000       1.000
23 Distance restraints 3 (SDCH-MNCH)  :     685       0      0   0.409   0.409      14.335       1.000
24 Sidechain Chi_5 dihedral restraints:       0       0      0   0.000   0.000      0.0000       1.000
25 Phi/Psi pair of dihedral restraints:     109      34     15  32.525  95.193      73.219       1.000
26 Distance restraints 4 (SDCH-SDCH)  :     171       0      0   0.701   0.701      10.500       1.000
27 Distance restraints 5 (X-Y)        :       0       0      0   0.000   0.000      0.0000       1.000
28 NMR distance restraints 6 (X-Y)    :       0       0      0   0.000   0.000      0.0000       1.000
29 NMR distance restraints 7 (X-Y)    :       0       0      0   0.000   0.000      0.0000       1.000
30 Minimal distance restraints        :       0       0      0   0.000   0.000      0.0000       1.000
31 Non-bonded restraints              :       0       0      0   0.000   0.000      0.0000       1.000
32 Atomic accessibility restraints    :       0       0      0   0.000   0.000      0.0000       1.000
33 Atomic density restraints          :       0       0      0   0.000   0.000      0.0000       1.000
34 Absolute position restraints       :       0       0      0   0.000   0.000      0.0000       1.000
35 Dihedral angle difference restraint:       0       0      0   0.000   0.000      0.0000       1.000
36 GBSA implicit solvent potential    :       0       0      0   0.000   0.000      0.0000       1.000
37 EM density fitting potential       :       0       0      0   0.000   0.000      0.0000       1.000
38 SAXS restraints                    :       0       0      0   0.000   0.000      0.0000       1.000
39 Symmetry restraints                :       0       0      0   0.000   0.000      0.0000       1.000



# Heavy relative violation of each residue is written to: d2_hmmer.V99990002
# The profile is NOT normalized by the number of restraints.
# The profiles are smoothed over a window of residues:    1
# The sum of all numbers in the file:   14221.3906



List of the violated restraints:
   A restraint is violated when the relative difference
   from the best value (RVIOL) is larger than CUTOFF.

   ICSR   ... index of a restraint in the current set.
   RESNO  ... residue numbers of the first two atoms.
   ATM    ... IUPAC atom names of the first two atoms.
   FEAT   ... the value of the feature in the model.
   restr  ... the mean of the basis restraint with the smallest
              difference from the model (local minimum).
   viol   ... difference from the local minimum.
   rviol  ... relative difference from the local minimum.
   RESTR  ... the best value (global minimum).
   VIOL   ... difference from the best value.
   RVIOL  ... relative difference from the best value.


-------------------------------------------------------------------------------------------------

Feature 25                           : Phi/Psi pair of dihedral restraints     
List of the RVIOL violations larger than   :       6.5000

    #   ICSR  RESNO1/2 ATM1/2   INDATM1/2    FEAT   restr    viol   rviol   RESTR    VIOL   RVIOL
    1   3304   1T   2Y C   N       6    8 -109.32  -98.40   15.51    1.20  -63.50  167.18   24.36
    1          2Y   2Y N   CA      8    9  117.38  128.40                  -43.40
    2   3305   2Y   3L C   N      18   20 -104.80 -108.50    8.42    0.48  -63.50 -176.56   28.00
    2          3L   3L N   CA     20   21  140.06  132.50                  -41.20
    3   3306   3L   4S C   N      26   28 -115.14 -136.60   21.46    0.86  -64.10 -179.15   16.64
    3          4S   4S N   CA     28   29  151.50  151.20                  -35.00
    4   3307   4S   5P C   N      32   34  -64.90  -58.70    8.01    0.62  -64.50  172.63   12.90
    4          5P   5P N   CA     34   35  -25.43  -30.50                  147.20
    5   3308   5P   6E C   N      39   41   67.28  -69.30  136.59   10.30  -63.60 -138.55   25.68
    5          6E   6E N   CA     41   42  141.07  142.50                  -40.30
    6   3309   6E   7E C   N      48   50  -75.82  -69.30   17.77    1.12  -63.60  161.13   22.16
    6          7E   7E N   CA     50   51  159.03  142.50                  -40.30
    7   3310   7E   8W C   N      57   59  -64.84  -71.30   13.79    1.17  -63.00  164.63   20.69
    7          8W   8W N   CA     59   60  151.18  139.00                  -44.20
    8   3311   8W   9H C   N      71   73  -63.31  -67.60    4.66    0.40  -63.20  175.86   21.99
    8          9H   9H N   CA     73   74  141.84  140.00                  -42.30
    9   3312   9H  10Q C   N      81   83 -129.54 -121.10   70.09    3.19  -63.80  128.51   22.26
    9         10Q  10Q N   CA     83   84 -150.72  139.70                  -40.30
   10   3313  10Q  11F C   N      90   92  -56.88  -71.40   18.11    1.55  -63.20  164.30   22.39
   10         11F  11F N   CA     92   93  151.52  140.70                  -44.30
   11   3315  12I  13Q C   N     109  111 -129.27 -121.10   22.11    0.89  -63.80  172.37   28.80
   11         13Q  13Q N   CA    111  112  160.25  139.70                  -40.30
   12   3316  13Q  14D C   N     118  120  -87.88  -96.50   19.33    0.81  -63.30  139.09   15.83
   12         14D  14D N   CA    120  121   96.91  114.20                  -40.00
   13   3317  14D  15P C   N     126  128  -58.89  -58.70    4.03    0.32  -64.50  173.77   12.67
   13         15P  15P N   CA    128  129  -26.48  -30.50                  147.20
   14   3318  15P  16N C   N     133  135  -65.69  -71.20    9.16    0.49  -63.20  176.60   21.94
   14         16N  16N N   CA    135  136  135.49  142.80                  -41.10
   15   3349  46E  47F C   N     395  397 -114.09 -124.20   96.12    4.27  -63.20  105.15   11.97
   15         47F  47F N   CA    397  398   47.71  143.30                  -44.30
   16   3351  48P  49D C   N     413  415  160.12  -96.50  114.98    4.68  -63.30  171.60   20.56
   16         49D  49D N   CA    415  416   63.89  114.20                  -40.00
   17   3355  52Q  53R C   N     449  451  -98.86 -125.20   26.36    1.04  -63.00 -177.30   27.16
   17         53R  53R N   CA    451  452  139.76  140.60                  -41.10
   18   3356  53R  54N C   N     460  462   47.93   55.90    9.08    0.73  -63.20  139.87   22.91
   18         54N  54N N   CA    462  463   43.85   39.50                  -41.10
   19   3357  54N  55L C   N     468  470 -122.63  -63.50   99.48   17.39  -63.50   99.48   17.39
   19         55L  55L N   CA    470  471 -121.21  -41.20                  -41.20
   20   3358  55L  56I C   N     476  478 -118.29 -120.60   21.27    1.30  -63.40  173.85   30.51
   20         56I  56I N   CA    478  479  151.44  130.30                  -43.60
   21   3359  56I  57D C   N     484  486   43.90   54.50   48.39    2.78  -70.90  130.56    7.07
   21         57D  57D N   CA    486  487   88.12   40.90                  150.30
   22   3394  91L  92H C   N     767  769   57.62   56.30   15.34    1.26  -63.20  138.55   23.80
   22         92H  92H N   CA    769  770   25.52   40.80                  -42.30
   23   3395  92H  93D C   N     777  779   19.75  -70.90  109.27    9.13  -63.30  136.79   14.81
   23         93D  93D N   CA    779  780 -148.69  150.30                  -40.00
   24   3401  98Y  99L C   N     825  827 -159.34 -108.50   50.99    2.38  -63.50 -158.15   24.73
   24         99L  99L N   CA    827  828  136.44  132.50                  -41.20
   25   3402  99L 100E C   N     833  835  -65.62  -69.30    5.53    0.31  -63.60  178.69   23.72
   25        100E 100E N   CA    835  836  138.38  142.50                  -40.30
   26   3403 100E 101S C   N     842  844 -108.25 -136.60   33.86    1.03  -64.10  173.39   10.77
   26        101S 101S N   CA    844  845  132.67  151.20                  -35.00
   27   3405 102I 103P C   N     856  858  -62.90  -58.70    4.45    0.47  -64.50  176.26   13.07
   27        103P 103P N   CA    858  859  -29.05  -30.50                  147.20
   28   3406 103P 104E C   N     863  865 -104.89 -117.80   28.90    1.14  -63.60  156.78   18.95
   28        104E 104E N   CA    865  866  110.95  136.80                  -40.30
   29   3407 104E 105S C   N     872  874 -130.93 -136.60   49.51    2.39  -64.10  152.44    9.66
   29        105S 105S N   CA    874  875  102.01  151.20                  -35.00
   30   3408 105S 106E C   N     878  880 -127.29 -117.80   36.48    1.96  -63.60  155.52   18.14
   30        106E 106E N   CA    880  881  101.58  136.80                  -40.30
   31   3409 106E 107S C   N     887  889  154.58 -136.60   75.25    2.35  -64.10 -158.69   24.70
   31        107S 107S N   CA    889  890 -178.36  151.20                  -35.00
   32   3410 107S 108L C   N     893  895 -104.27 -108.50   11.59    0.57  -63.50  167.94   21.35
   32        108L 108L N   CA    895  896  121.71  132.50                  -41.20
   33   3411 108L 109W C   N     901  903 -126.34 -124.90   11.73    0.60  -63.00 -172.99   20.69
   33        109W 109W N   CA    903  904  131.76  143.40                  -44.20
   34   3412 109W 110E C   N     915  917 -136.35 -117.80   31.59    1.12  -63.60  173.34   27.19
   34        110E 110E N   CA    917  918  162.37  136.80                  -40.30


report______> Distribution of short non-bonded contacts:


DISTANCE1:  0.00 2.10 2.20 2.30 2.40 2.50 2.60 2.70 2.80 2.90 3.00 3.10 3.20 3.30 3.40
DISTANCE2:  2.10 2.20 2.30 2.40 2.50 2.60 2.70 2.80 2.90 3.00 3.10 3.20 3.30 3.40 3.50
FREQUENCY:     0    0    0    0    0    7    9   45   62   86   88  102  116  144  118


<< end of ENERGY.
>> Model assessment by DOPE potential
iatmcls_286W> MODEL atom not classified:  GLY:OXT  GLY


>> ENERGY; Differences between the model's features and restraints:
Number of all residues in MODEL                   :      111
Number of all, selected real atoms                :      930     930
Number of all, selected pseudo atoms              :        0       0
Number of all static, selected restraints         :     7147    7147
COVALENT_CYS                                      :        F
NONBONDED_SEL_ATOMS                               :        1
Number of non-bonded pairs (excluding 1-2,1-3,1-4):   122519
Dynamic pairs routine                             : 1, NATM x NATM double loop
Atomic shift for contacts update (UPDATE_DYNAMIC) :    0.390
LENNARD_JONES_SWITCH                              :    6.500   7.500
COULOMB_JONES_SWITCH                              :    6.500   7.500
RESIDUE_SPAN_RANGE                                :        1    9999
NLOGN_USE                                         :       15
CONTACT_SHELL                                     :   15.000
DYNAMIC_PAIRS,_SPHERE,_COULOMB,_LENNARD,_MODELLER :        T       F       F       F       T
SPHERE_STDV                                       :    0.050
RADII_FACTOR                                      :    0.820
Current energy                                    :       -8201.2285




<< end of ENERGY.
DOPE score               : -8201.228516
>> Model assessment by GA341 potential

Surface library          : /Library/modeller-9.16/modlib/surf5.de
Pair library             : /Library/modeller-9.16/modlib/pair9.de
Chain identifier         : _
% sequence identity      :    22.000000
Sequence length          :          111
Compactness              :     0.170627
Native energy (pair)     :     5.654327
Native energy (surface)  :     4.559594
Native energy (combined) :     1.611715
Z score (pair)           :    -2.891589
Z score (surface)        :    -1.805347
Z score (combined)       :    -2.797034
GA341 score              :     0.144663

iupac_m_397W> Atoms were not swapped because of the uncertainty of how to handle the H atom.
iupac_m_397W> Atoms were not swapped because of the uncertainty of how to handle the H atom.
iupac_m_397W> Atoms were not swapped because of the uncertainty of how to handle the H atom.
iupac_m_397W> Atoms were not swapped because of the uncertainty of how to handle the H atom.
iupac_m_484W> Dihedral still outside +-90:      -90.4091


>> ENERGY; Differences between the model's features and restraints:
Number of all residues in MODEL                   :      111
Number of all, selected real atoms                :      930     930
Number of all, selected pseudo atoms              :        0       0
Number of all static, selected restraints         :     7147    7147
COVALENT_CYS                                      :        F
NONBONDED_SEL_ATOMS                               :        1
Number of non-bonded pairs (excluding 1-2,1-3,1-4):     1679
Dynamic pairs routine                             : 2, NATM x NATM cell sorting
Atomic shift for contacts update (UPDATE_DYNAMIC) :    0.390
LENNARD_JONES_SWITCH                              :    6.500   7.500
COULOMB_JONES_SWITCH                              :    6.500   7.500
RESIDUE_SPAN_RANGE                                :        0   99999
NLOGN_USE                                         :       15
CONTACT_SHELL                                     :    4.000
DYNAMIC_PAIRS,_SPHERE,_COULOMB,_LENNARD,_MODELLER :        T       T       F       F       F
SPHERE_STDV                                       :    0.050
RADII_FACTOR                                      :    0.820
Current energy                                    :         602.1365





Summary of the restraint violations: 

   NUM     ... number of restraints.
   NUMVI   ... number of restraints with RVIOL > VIOL_REPORT_CUT[i].
   RVIOL   ... relative difference from the best value.
   NUMVP   ... number of restraints with -Ln(pdf) > VIOL_REPORT_CUT2[i].
   RMS_1   ... RMS(feature, minimally_violated_basis_restraint, NUMB).
   RMS_2   ... RMS(feature, best_value, NUMB).
   MOL.PDF ... scaled contribution to -Ln(Molecular pdf).

 #                     RESTRAINT_GROUP      NUM   NUMVI  NUMVP   RMS_1   RMS_2         MOL.PDF     S_i
------------------------------------------------------------------------------------------------------
 1 Bond length potential              :     954       0      0   0.004   0.004      3.7235       1.000
 2 Bond angle potential               :    1292       0      0   1.797   1.797      79.477       1.000
 3 Stereochemical cosine torsion poten:     642       0     21  46.485  46.485      211.82       1.000
 4 Stereochemical improper torsion pot:     415       0      1   1.191   1.191      12.070       1.000
 5 Soft-sphere overlap restraints     :    1679       0      0   0.002   0.002     0.99223       1.000
 6 Lennard-Jones 6-12 potential       :       0       0      0   0.000   0.000      0.0000       1.000
 7 Coulomb point-point electrostatic p:       0       0      0   0.000   0.000      0.0000       1.000
 8 H-bonding potential                :       0       0      0   0.000   0.000      0.0000       1.000
 9 Distance restraints 1 (CA-CA)      :    1222       0      1   0.253   0.253      29.699       1.000
10 Distance restraints 2 (N-O)        :    1312       0      1   0.418   0.418      49.619       1.000
11 Mainchain Phi dihedral restraints  :       0       0      0   0.000   0.000      0.0000       1.000
12 Mainchain Psi dihedral restraints  :       0       0      0   0.000   0.000      0.0000       1.000
13 Mainchain Omega dihedral restraints:     110       0      1   4.075   4.075      21.539       1.000
14 Sidechain Chi_1 dihedral restraints:     102       0      1  73.430  73.430      27.672       1.000
15 Sidechain Chi_2 dihedral restraints:      87       0      0  87.211  87.211      34.406       1.000
16 Sidechain Chi_3 dihedral restraints:      35       0      0  82.149  82.149      24.423       1.000
17 Sidechain Chi_4 dihedral restraints:      11       0      0  50.270  50.270      6.2746       1.000
18 Disulfide distance restraints      :       0       0      0   0.000   0.000      0.0000       1.000
19 Disulfide angle restraints         :       0       0      0   0.000   0.000      0.0000       1.000
20 Disulfide dihedral angle restraints:       0       0      0   0.000   0.000      0.0000       1.000
21 Lower bound distance restraints    :       0       0      0   0.000   0.000      0.0000       1.000
22 Upper bound distance restraints    :       0       0      0   0.000   0.000      0.0000       1.000
23 Distance restraints 3 (SDCH-MNCH)  :     685       0      0   0.440   0.440      14.994       1.000
24 Sidechain Chi_5 dihedral restraints:       0       0      0   0.000   0.000      0.0000       1.000
25 Phi/Psi pair of dihedral restraints:     109      29     15  29.749  86.403      65.311       1.000
26 Distance restraints 4 (SDCH-SDCH)  :     171       0      0   1.110   1.110      20.115       1.000
27 Distance restraints 5 (X-Y)        :       0       0      0   0.000   0.000      0.0000       1.000
28 NMR distance restraints 6 (X-Y)    :       0       0      0   0.000   0.000      0.0000       1.000
29 NMR distance restraints 7 (X-Y)    :       0       0      0   0.000   0.000      0.0000       1.000
30 Minimal distance restraints        :       0       0      0   0.000   0.000      0.0000       1.000
31 Non-bonded restraints              :       0       0      0   0.000   0.000      0.0000       1.000
32 Atomic accessibility restraints    :       0       0      0   0.000   0.000      0.0000       1.000
33 Atomic density restraints          :       0       0      0   0.000   0.000      0.0000       1.000
34 Absolute position restraints       :       0       0      0   0.000   0.000      0.0000       1.000
35 Dihedral angle difference restraint:       0       0      0   0.000   0.000      0.0000       1.000
36 GBSA implicit solvent potential    :       0       0      0   0.000   0.000      0.0000       1.000
37 EM density fitting potential       :       0       0      0   0.000   0.000      0.0000       1.000
38 SAXS restraints                    :       0       0      0   0.000   0.000      0.0000       1.000
39 Symmetry restraints                :       0       0      0   0.000   0.000      0.0000       1.000



# Heavy relative violation of each residue is written to: d2_hmmer.V99990003
# The profile is NOT normalized by the number of restraints.
# The profiles are smoothed over a window of residues:    1
# The sum of all numbers in the file:   14386.1953



List of the violated restraints:
   A restraint is violated when the relative difference
   from the best value (RVIOL) is larger than CUTOFF.

   ICSR   ... index of a restraint in the current set.
   RESNO  ... residue numbers of the first two atoms.
   ATM    ... IUPAC atom names of the first two atoms.
   FEAT   ... the value of the feature in the model.
   restr  ... the mean of the basis restraint with the smallest
              difference from the model (local minimum).
   viol   ... difference from the local minimum.
   rviol  ... relative difference from the local minimum.
   RESTR  ... the best value (global minimum).
   VIOL   ... difference from the best value.
   RVIOL  ... relative difference from the best value.


-------------------------------------------------------------------------------------------------

Feature 25                           : Phi/Psi pair of dihedral restraints     
List of the RVIOL violations larger than   :       6.5000

    #   ICSR  RESNO1/2 ATM1/2   INDATM1/2    FEAT   restr    viol   rviol   RESTR    VIOL   RVIOL
    1   3304   1T   2Y C   N       6    8  -67.09  -98.40   34.41    1.82  -63.50  173.95   27.78
    1          2Y   2Y N   CA      8    9  142.69  128.40                  -43.40
    2   3305   2Y   3L C   N      18   20  -64.40  -70.70    8.29    0.83  -63.50  171.81   23.91
    2          3L   3L N   CA     20   21  146.99  141.60                  -41.20
    3   3306   3L   4S C   N      26   28 -140.44 -136.60   21.83    1.02  -64.10  170.37   17.82
    3          4S   4S N   CA     28   29  172.69  151.20                  -35.00
    4   3308   5P   6E C   N      39   41  -82.30  -69.30   13.20    1.08  -63.60 -179.58   25.10
    4          6E   6E N   CA     41   42  140.25  142.50                  -40.30
    5   3309   6E   7E C   N      48   50  175.61 -117.80   76.63    2.24  -63.60 -171.29   31.54
    5          7E   7E N   CA     50   51  174.72  136.80                  -40.30
    6   3310   7E   8W C   N      57   59  -91.87  -71.30   39.75    3.40  -63.00  151.95   17.50
    6          8W   8W N   CA     59   60  104.99  139.00                  -44.20
    7   3311   8W   9H C   N      71   73 -156.00 -125.60   45.20    1.13  -63.20  172.53   27.51
    7          9H   9H N   CA     73   74  172.25  138.80                  -42.30
    8   3312   9H  10Q C   N      81   83 -108.32 -121.10   15.19    0.47  -63.80  177.46   23.99
    8         10Q  10Q N   CA     83   84  131.49  139.70                  -40.30
    9   3313  10Q  11F C   N      90   92 -140.85 -124.20   17.17    0.79  -63.20 -167.08   31.84
    9         11F  11F N   CA     92   93  139.10  143.30                  -44.30
   10   3315  12I  13Q C   N     109  111 -119.29 -121.10   21.63    1.00  -63.80  167.88   22.21
   10         13Q  13Q N   CA    111  112  118.14  139.70                  -40.30
   11   3316  13Q  14D C   N     118  120  -91.77  -70.90   35.08    1.24  -63.30  144.35   19.63
   11         14D  14D N   CA    120  121  178.49  150.30                  -40.00
   12   3318  15P  16N C   N     133  135 -108.99 -119.90   45.23    1.79  -63.20  141.80   15.68
   12         16N  16N N   CA    135  136   93.11  137.00                  -41.10
   13   3349  46E  47F C   N     395  397 -119.31 -124.20   90.87    4.16  -63.20  111.94   12.71
   13         47F  47F N   CA    397  398   52.57  143.30                  -44.30
   14   3351  48P  49D C   N     413  415  165.27  -96.50  102.85    4.23  -63.30 -140.89   35.30
   14         49D  49D N   CA    415  416  144.69  114.20                  -40.00
   15   3352  49D  50Y C   N     421  423 -136.22 -124.30   83.56    3.93  -63.50  122.43   22.76
   15         50Y  50Y N   CA    423  424 -141.90  135.40                  -43.40
   16   3357  54N  55L C   N     468  470 -129.88 -108.50   44.88    2.15  -63.50  161.14   26.48
   16         55L  55L N   CA    470  471  171.96  132.50                  -41.20
   17   3358  55L  56I C   N     476  478 -145.43 -120.60   31.79    1.44  -63.40 -174.62   33.37
   17         56I  56I N   CA    478  479  150.16  130.30                  -43.60
   18   3359  56I  57D C   N     484  486 -150.88  -96.50   56.93    2.32  -70.90   95.91    8.02
   18         57D  57D N   CA    486  487   97.37  114.20                  150.30
   19   3394  91L  92H C   N     767  769   56.19   56.30   13.76    1.23  -63.20  138.06   23.71
   19         92H  92H N   CA    769  770   27.04   40.80                  -42.30
   20   3395  92H  93D C   N     777  779   16.07  -70.90  109.29    9.07  -63.30  130.45   14.12
   20         93D  93D N   CA    779  780 -143.52  150.30                  -40.00
   21   3401  98Y  99L C   N     825  827  -81.52 -108.50   44.85    2.08  -63.50  139.05   18.35
   21         99L  99L N   CA    827  828   96.68  132.50                  -41.20
   22   3402  99L 100E C   N     833  835  -76.44  -69.30    7.68    0.48  -63.60  174.84   24.02
   22        100E 100E N   CA    835  836  145.33  142.50                  -40.30
   23   3403 100E 101S C   N     842  844 -137.14 -136.60   21.85    1.10  -64.10  168.60   17.44
   23        101S 101S N   CA    844  845  173.04  151.20                  -35.00
   24   3406 103P 104E C   N     863  865 -126.44 -117.80   22.44    1.23  -63.60  168.55   19.79
   24        104E 104E N   CA    865  866  116.10  136.80                  -40.30
   25   3408 105S 106E C   N     878  880 -123.47 -117.80   39.04    1.85  -63.60  156.21   24.20
   25        106E 106E N   CA    880  881  175.42  136.80                  -40.30
   26   3409 106E 107S C   N     887  889  -78.09  -72.40   47.37    2.59  -64.10  126.35   10.05
   26        107S 107S N   CA    889  890 -160.57  152.40                  -35.00
   27   3410 107S 108L C   N     893  895  -61.68  -70.70   16.13    1.55  -63.50  163.83   22.64
   27        108L 108L N   CA    895  896  154.98  141.60                  -41.20
   28   3411 108L 109W C   N     901  903  -56.39  -71.30   20.12    1.17  -63.00  169.81   21.64
   28        109W 109W N   CA    903  904  125.49  139.00                  -44.20
   29   3412 109W 110E C   N     915  917 -137.59 -117.80   30.66    1.04  -63.60  175.81   27.59
   29        110E 110E N   CA    917  918  160.21  136.80                  -40.30


report______> Distribution of short non-bonded contacts:


DISTANCE1:  0.00 2.10 2.20 2.30 2.40 2.50 2.60 2.70 2.80 2.90 3.00 3.10 3.20 3.30 3.40
DISTANCE2:  2.10 2.20 2.30 2.40 2.50 2.60 2.70 2.80 2.90 3.00 3.10 3.20 3.30 3.40 3.50
FREQUENCY:     0    0    0    0    0    7   13   41   56   77   85   98  111  134  106


<< end of ENERGY.
>> Model assessment by DOPE potential
iatmcls_286W> MODEL atom not classified:  GLY:OXT  GLY


>> ENERGY; Differences between the model's features and restraints:
Number of all residues in MODEL                   :      111
Number of all, selected real atoms                :      930     930
Number of all, selected pseudo atoms              :        0       0
Number of all static, selected restraints         :     7147    7147
COVALENT_CYS                                      :        F
NONBONDED_SEL_ATOMS                               :        1
Number of non-bonded pairs (excluding 1-2,1-3,1-4):   116687
Dynamic pairs routine                             : 1, NATM x NATM double loop
Atomic shift for contacts update (UPDATE_DYNAMIC) :    0.390
LENNARD_JONES_SWITCH                              :    6.500   7.500
COULOMB_JONES_SWITCH                              :    6.500   7.500
RESIDUE_SPAN_RANGE                                :        1    9999
NLOGN_USE                                         :       15
CONTACT_SHELL                                     :   15.000
DYNAMIC_PAIRS,_SPHERE,_COULOMB,_LENNARD,_MODELLER :        T       F       F       F       T
SPHERE_STDV                                       :    0.050
RADII_FACTOR                                      :    0.820
Current energy                                    :       -8134.5615




<< end of ENERGY.
DOPE score               : -8134.561523
>> Model assessment by GA341 potential

Surface library          : /Library/modeller-9.16/modlib/surf5.de
Pair library             : /Library/modeller-9.16/modlib/pair9.de
Chain identifier         : _
% sequence identity      :    22.000000
Sequence length          :          111
Compactness              :     0.093581
Native energy (pair)     :   -24.415776
Native energy (surface)  :     5.482298
Native energy (combined) :     0.417046
Z score (pair)           :    -4.024973
Z score (surface)        :    -1.657140
Z score (combined)       :    -3.578883
GA341 score              :     0.239783

iupac_m_397W> Atoms were not swapped because of the uncertainty of how to handle the H atom.
iupac_m_397W> Atoms were not swapped because of the uncertainty of how to handle the H atom.
iupac_m_484W> Dihedral still outside +-90:      -90.2325
iupac_m_397W> Atoms were not swapped because of the uncertainty of how to handle the H atom.
iupac_m_397W> Atoms were not swapped because of the uncertainty of how to handle the H atom.


>> ENERGY; Differences between the model's features and restraints:
Number of all residues in MODEL                   :      111
Number of all, selected real atoms                :      930     930
Number of all, selected pseudo atoms              :        0       0
Number of all static, selected restraints         :     7147    7147
COVALENT_CYS                                      :        F
NONBONDED_SEL_ATOMS                               :        1
Number of non-bonded pairs (excluding 1-2,1-3,1-4):     1802
Dynamic pairs routine                             : 2, NATM x NATM cell sorting
Atomic shift for contacts update (UPDATE_DYNAMIC) :    0.390
LENNARD_JONES_SWITCH                              :    6.500   7.500
COULOMB_JONES_SWITCH                              :    6.500   7.500
RESIDUE_SPAN_RANGE                                :        0   99999
NLOGN_USE                                         :       15
CONTACT_SHELL                                     :    4.000
DYNAMIC_PAIRS,_SPHERE,_COULOMB,_LENNARD,_MODELLER :        T       T       F       F       F
SPHERE_STDV                                       :    0.050
RADII_FACTOR                                      :    0.820
Current energy                                    :         599.7786





Summary of the restraint violations: 

   NUM     ... number of restraints.
   NUMVI   ... number of restraints with RVIOL > VIOL_REPORT_CUT[i].
   RVIOL   ... relative difference from the best value.
   NUMVP   ... number of restraints with -Ln(pdf) > VIOL_REPORT_CUT2[i].
   RMS_1   ... RMS(feature, minimally_violated_basis_restraint, NUMB).
   RMS_2   ... RMS(feature, best_value, NUMB).
   MOL.PDF ... scaled contribution to -Ln(Molecular pdf).

 #                     RESTRAINT_GROUP      NUM   NUMVI  NUMVP   RMS_1   RMS_2         MOL.PDF     S_i
------------------------------------------------------------------------------------------------------
 1 Bond length potential              :     954       0      0   0.004   0.004      3.8604       1.000
 2 Bond angle potential               :    1292       0      1   1.772   1.772      77.778       1.000
 3 Stereochemical cosine torsion poten:     642       0     20  47.109  47.109      213.19       1.000
 4 Stereochemical improper torsion pot:     415       0      0   1.099   1.099      10.486       1.000
 5 Soft-sphere overlap restraints     :    1802       0      0   0.003   0.003      1.8967       1.000
 6 Lennard-Jones 6-12 potential       :       0       0      0   0.000   0.000      0.0000       1.000
 7 Coulomb point-point electrostatic p:       0       0      0   0.000   0.000      0.0000       1.000
 8 H-bonding potential                :       0       0      0   0.000   0.000      0.0000       1.000
 9 Distance restraints 1 (CA-CA)      :    1222       0      0   0.265   0.265      30.275       1.000
10 Distance restraints 2 (N-O)        :    1312       0      1   0.348   0.348      48.996       1.000
11 Mainchain Phi dihedral restraints  :       0       0      0   0.000   0.000      0.0000       1.000
12 Mainchain Psi dihedral restraints  :       0       0      0   0.000   0.000      0.0000       1.000
13 Mainchain Omega dihedral restraints:     110       0      1   3.976   3.976      20.506       1.000
14 Sidechain Chi_1 dihedral restraints:     102       0      0  74.696  74.696      19.725       1.000
15 Sidechain Chi_2 dihedral restraints:      87       0      2  80.976  80.976      35.610       1.000
16 Sidechain Chi_3 dihedral restraints:      35       0      0  92.292  92.292      28.648       1.000
17 Sidechain Chi_4 dihedral restraints:      11       0      0  52.729  52.729      6.5588       1.000
18 Disulfide distance restraints      :       0       0      0   0.000   0.000      0.0000       1.000
19 Disulfide angle restraints         :       0       0      0   0.000   0.000      0.0000       1.000
20 Disulfide dihedral angle restraints:       0       0      0   0.000   0.000      0.0000       1.000
21 Lower bound distance restraints    :       0       0      0   0.000   0.000      0.0000       1.000
22 Upper bound distance restraints    :       0       0      0   0.000   0.000      0.0000       1.000
23 Distance restraints 3 (SDCH-MNCH)  :     685       0      0   0.475   0.475      22.829       1.000
24 Sidechain Chi_5 dihedral restraints:       0       0      0   0.000   0.000      0.0000       1.000
25 Phi/Psi pair of dihedral restraints:     109      31      9  27.858  92.738      57.609       1.000
26 Distance restraints 4 (SDCH-SDCH)  :     171       0      0   1.026   1.026      21.808       1.000
27 Distance restraints 5 (X-Y)        :       0       0      0   0.000   0.000      0.0000       1.000
28 NMR distance restraints 6 (X-Y)    :       0       0      0   0.000   0.000      0.0000       1.000
29 NMR distance restraints 7 (X-Y)    :       0       0      0   0.000   0.000      0.0000       1.000
30 Minimal distance restraints        :       0       0      0   0.000   0.000      0.0000       1.000
31 Non-bonded restraints              :       0       0      0   0.000   0.000      0.0000       1.000
32 Atomic accessibility restraints    :       0       0      0   0.000   0.000      0.0000       1.000
33 Atomic density restraints          :       0       0      0   0.000   0.000      0.0000       1.000
34 Absolute position restraints       :       0       0      0   0.000   0.000      0.0000       1.000
35 Dihedral angle difference restraint:       0       0      0   0.000   0.000      0.0000       1.000
36 GBSA implicit solvent potential    :       0       0      0   0.000   0.000      0.0000       1.000
37 EM density fitting potential       :       0       0      0   0.000   0.000      0.0000       1.000
38 SAXS restraints                    :       0       0      0   0.000   0.000      0.0000       1.000
39 Symmetry restraints                :       0       0      0   0.000   0.000      0.0000       1.000



# Heavy relative violation of each residue is written to: d2_hmmer.V99990004
# The profile is NOT normalized by the number of restraints.
# The profiles are smoothed over a window of residues:    1
# The sum of all numbers in the file:   14592.3115



List of the violated restraints:
   A restraint is violated when the relative difference
   from the best value (RVIOL) is larger than CUTOFF.

   ICSR   ... index of a restraint in the current set.
   RESNO  ... residue numbers of the first two atoms.
   ATM    ... IUPAC atom names of the first two atoms.
   FEAT   ... the value of the feature in the model.
   restr  ... the mean of the basis restraint with the smallest
              difference from the model (local minimum).
   viol   ... difference from the local minimum.
   rviol  ... relative difference from the local minimum.
   RESTR  ... the best value (global minimum).
   VIOL   ... difference from the best value.
   RVIOL  ... relative difference from the best value.


-------------------------------------------------------------------------------------------------

Feature 25                           : Phi/Psi pair of dihedral restraints     
List of the RVIOL violations larger than   :       6.5000

    #   ICSR  RESNO1/2 ATM1/2   INDATM1/2    FEAT   restr    viol   rviol   RESTR    VIOL   RVIOL
    1   3304   1T   2Y C   N       6    8  -90.60  -98.40    8.06    0.35  -63.50  175.92   26.57
    1          2Y   2Y N   CA      8    9  130.42  128.40                  -43.40
    2   3305   2Y   3L C   N      18   20 -109.38 -108.50    9.27    0.49  -63.50 -177.08   28.21
    2          3L   3L N   CA     20   21  141.73  132.50                  -41.20
    3   3306   3L   4S C   N      26   28  -83.56  -72.40   15.33    0.74  -64.10  163.24   13.08
    3          4S   4S N   CA     28   29  162.92  152.40                  -35.00
    4   3308   5P   6E C   N      39   41  -97.09 -117.80   21.32    0.91  -63.60 -179.02   26.02
    4          6E   6E N   CA     41   42  141.84  136.80                  -40.30
    5   3309   6E   7E C   N      48   50  -79.82  -69.30   17.91    1.02  -63.60  163.50   22.70
    5          7E   7E N   CA     50   51  157.00  142.50                  -40.30
    6   3310   7E   8W C   N      57   59  -66.13  -71.30    5.23    0.40  -63.00  176.02   22.20
    6          8W   8W N   CA     59   60  139.81  139.00                  -44.20
    7   3311   8W   9H C   N      71   73 -112.05 -125.60   38.66    1.68  -63.20  150.82   22.05
    7          9H   9H N   CA     73   74  175.01  138.80                  -42.30
    8   3312   9H  10Q C   N      81   83  -63.04  -73.00   18.97    1.09  -63.80  164.86   24.28
    8         10Q  10Q N   CA     83   84  124.56  140.70                  -40.30
    9   3313  10Q  11F C   N      90   92 -150.33 -124.20   48.07    1.50  -63.20  158.20   27.36
    9         11F  11F N   CA     92   93 -176.35  143.30                  -44.30
   10   3315  12I  13Q C   N     109  111 -161.70 -121.10   41.32    1.72  -63.80 -161.81   25.48
   10         13Q  13Q N   CA    111  112  132.02  139.70                  -40.30
   11   3316  13Q  14D C   N     118  120 -121.14  -96.50   44.11    1.85  -63.30  178.83   25.81
   11         14D  14D N   CA    120  121  150.79  114.20                  -40.00
   12   3318  15P  16N C   N     133  135 -142.44 -119.90   24.44    0.79  -63.20 -170.21   28.20
   12         16N  16N N   CA    135  136  146.45  137.00                  -41.10
   13   3349  46E  47F C   N     395  397 -121.99  -63.20  102.38   11.55  -63.20  102.38   11.55
   13         47F  47F N   CA    397  398   39.52  -44.30                  -44.30
   14   3351  48P  49D C   N     413  415  -50.72  -96.50   59.45    2.43  -63.30  168.34   20.05
   14         49D  49D N   CA    415  416  152.13  114.20                  -40.00
   15   3352  49D  50Y C   N     421  423 -132.25 -124.30   17.39    0.69  -63.50  179.43   31.89
   15         50Y  50Y N   CA    423  424  150.86  135.40                  -43.40
   16   3354  51V  52Q C   N     440  442  -79.93  -73.00   76.57    5.15  -63.80  105.98   14.78
   16         52Q  52Q N   CA    442  443   64.44  140.70                  -40.30
   17   3355  52Q  53R C   N     449  451 -167.55 -125.20   54.39    1.61  -63.00  178.09   30.91
   17         53R  53R N   CA    451  452  174.73  140.60                  -41.10
   18   3356  53R  54N C   N     460  462  -76.86  -71.20   30.79    2.13  -63.20  154.24   18.56
   18         54N  54N N   CA    462  463  112.53  142.80                  -41.10
   19   3357  54N  55L C   N     468  470 -121.00 -108.50   45.24    2.29  -63.50  153.96   24.94
   19         55L  55L N   CA    470  471  175.98  132.50                  -41.20
   20   3394  91L  92H C   N     767  769   66.39   56.30   20.15    1.53  -63.20  145.27   24.94
   20         92H  92H N   CA    769  770   23.36   40.80                  -42.30
   21   3395  92H  93D C   N     777  779   45.24  -70.90  122.21   10.13  -63.30  170.65   18.65
   21         93D  93D N   CA    779  780 -171.68  150.30                  -40.00
   22   3401  98Y  99L C   N     825  827 -125.51 -108.50   17.28    0.86  -63.50 -178.45   22.53
   22         99L  99L N   CA    827  828  129.43  132.50                  -41.20
   23   3402  99L 100E C   N     833  835  -66.79  -69.30    3.53    0.20  -63.60  179.71   24.14
   23        100E 100E N   CA    835  836  140.01  142.50                  -40.30
   24   3403 100E 101S C   N     842  844 -109.53 -136.60   32.36    0.99  -64.10  174.48   10.83
   24        101S 101S N   CA    844  845  133.46  151.20                  -35.00
   25   3406 103P 104E C   N     863  865 -100.78 -117.80   24.65    0.80  -63.60  163.56   20.00
   25        104E 104E N   CA    865  866  118.97  136.80                  -40.30
   26   3407 104E 105S C   N     872  874 -157.23 -136.60   24.72    0.75  -64.10 -174.70   20.13
   26        105S 105S N   CA    874  875  164.81  151.20                  -35.00
   27   3408 105S 106E C   N     878  880  -68.72  -69.30    7.43    0.59  -63.60  169.87   22.93
   27        106E 106E N   CA    880  881  149.91  142.50                  -40.30
   28   3409 106E 107S C   N     887  889  -63.71  -72.40   12.31    0.58  -64.10  178.68   12.97
   28        107S 107S N   CA    889  890  143.67  152.40                  -35.00
   29   3410 107S 108L C   N     893  895 -111.74 -108.50   13.75    0.71  -63.50  179.53   27.89
   29        108L 108L N   CA    895  896  145.87  132.50                  -41.20
   30   3411 108L 109W C   N     901  903  -58.94  -71.30   17.87    1.05  -63.00  170.35   21.54
   30        109W 109W N   CA    903  904  126.10  139.00                  -44.20
   31   3412 109W 110E C   N     915  917 -135.28 -117.80   28.09    0.97  -63.60  176.15   27.51
   31        110E 110E N   CA    917  918  158.79  136.80                  -40.30


report______> Distribution of short non-bonded contacts:


DISTANCE1:  0.00 2.10 2.20 2.30 2.40 2.50 2.60 2.70 2.80 2.90 3.00 3.10 3.20 3.30 3.40
DISTANCE2:  2.10 2.20 2.30 2.40 2.50 2.60 2.70 2.80 2.90 3.00 3.10 3.20 3.30 3.40 3.50
FREQUENCY:     0    0    0    0    0   12   13   42   64   96   84  114  114  157  136


<< end of ENERGY.
>> Model assessment by DOPE potential
iatmcls_286W> MODEL atom not classified:  GLY:OXT  GLY


>> ENERGY; Differences between the model's features and restraints:
Number of all residues in MODEL                   :      111
Number of all, selected real atoms                :      930     930
Number of all, selected pseudo atoms              :        0       0
Number of all static, selected restraints         :     7147    7147
COVALENT_CYS                                      :        F
NONBONDED_SEL_ATOMS                               :        1
Number of non-bonded pairs (excluding 1-2,1-3,1-4):   117711
Dynamic pairs routine                             : 1, NATM x NATM double loop
Atomic shift for contacts update (UPDATE_DYNAMIC) :    0.390
LENNARD_JONES_SWITCH                              :    6.500   7.500
COULOMB_JONES_SWITCH                              :    6.500   7.500
RESIDUE_SPAN_RANGE                                :        1    9999
NLOGN_USE                                         :       15
CONTACT_SHELL                                     :   15.000
DYNAMIC_PAIRS,_SPHERE,_COULOMB,_LENNARD,_MODELLER :        T       F       F       F       T
SPHERE_STDV                                       :    0.050
RADII_FACTOR                                      :    0.820
Current energy                                    :       -7894.4819




<< end of ENERGY.
DOPE score               : -7894.481934
>> Model assessment by GA341 potential

Surface library          : /Library/modeller-9.16/modlib/surf5.de
Pair library             : /Library/modeller-9.16/modlib/pair9.de
Chain identifier         : _
% sequence identity      :    22.000000
Sequence length          :          111
Compactness              :     0.088994
Native energy (pair)     :   -38.148955
Native energy (surface)  :     1.882793
Native energy (combined) :    -1.331070
Z score (pair)           :    -4.648847
Z score (surface)        :    -2.614404
Z score (combined)       :    -4.537895
GA341 score              :     0.505806

iupac_m_397W> Atoms were not swapped because of the uncertainty of how to handle the H atom.
iupac_m_397W> Atoms were not swapped because of the uncertainty of how to handle the H atom.
iupac_m_397W> Atoms were not swapped because of the uncertainty of how to handle the H atom.


>> ENERGY; Differences between the model's features and restraints:
Number of all residues in MODEL                   :      111
Number of all, selected real atoms                :      930     930
Number of all, selected pseudo atoms              :        0       0
Number of all static, selected restraints         :     7147    7147
COVALENT_CYS                                      :        F
NONBONDED_SEL_ATOMS                               :        1
Number of non-bonded pairs (excluding 1-2,1-3,1-4):     1770
Dynamic pairs routine                             : 2, NATM x NATM cell sorting
Atomic shift for contacts update (UPDATE_DYNAMIC) :    0.390
LENNARD_JONES_SWITCH                              :    6.500   7.500
COULOMB_JONES_SWITCH                              :    6.500   7.500
RESIDUE_SPAN_RANGE                                :        0   99999
NLOGN_USE                                         :       15
CONTACT_SHELL                                     :    4.000
DYNAMIC_PAIRS,_SPHERE,_COULOMB,_LENNARD,_MODELLER :        T       T       F       F       F
SPHERE_STDV                                       :    0.050
RADII_FACTOR                                      :    0.820
Current energy                                    :         672.8632





Summary of the restraint violations: 

   NUM     ... number of restraints.
   NUMVI   ... number of restraints with RVIOL > VIOL_REPORT_CUT[i].
   RVIOL   ... relative difference from the best value.
   NUMVP   ... number of restraints with -Ln(pdf) > VIOL_REPORT_CUT2[i].
   RMS_1   ... RMS(feature, minimally_violated_basis_restraint, NUMB).
   RMS_2   ... RMS(feature, best_value, NUMB).
   MOL.PDF ... scaled contribution to -Ln(Molecular pdf).

 #                     RESTRAINT_GROUP      NUM   NUMVI  NUMVP   RMS_1   RMS_2         MOL.PDF     S_i
------------------------------------------------------------------------------------------------------
 1 Bond length potential              :     954       0      0   0.004   0.004      4.3404       1.000
 2 Bond angle potential               :    1292       0      2   1.946   1.946      92.212       1.000
 3 Stereochemical cosine torsion poten:     642       0     21  45.512  45.512      210.17       1.000
 4 Stereochemical improper torsion pot:     415       0      0   1.289   1.289      13.643       1.000
 5 Soft-sphere overlap restraints     :    1770       0      0   0.003   0.003      1.5504       1.000
 6 Lennard-Jones 6-12 potential       :       0       0      0   0.000   0.000      0.0000       1.000
 7 Coulomb point-point electrostatic p:       0       0      0   0.000   0.000      0.0000       1.000
 8 H-bonding potential                :       0       0      0   0.000   0.000      0.0000       1.000
 9 Distance restraints 1 (CA-CA)      :    1222       0      0   0.230   0.230      28.067       1.000
10 Distance restraints 2 (N-O)        :    1312       0      1   0.437   0.437      61.222       1.000
11 Mainchain Phi dihedral restraints  :       0       0      0   0.000   0.000      0.0000       1.000
12 Mainchain Psi dihedral restraints  :       0       0      0   0.000   0.000      0.0000       1.000
13 Mainchain Omega dihedral restraints:     110       0      1   4.435   4.435      25.515       1.000
14 Sidechain Chi_1 dihedral restraints:     102       0      0  71.930  71.930      19.249       1.000
15 Sidechain Chi_2 dihedral restraints:      87       0      1  78.923  78.923      40.444       1.000
16 Sidechain Chi_3 dihedral restraints:      35       0      0 100.415 100.415      29.346       1.000
17 Sidechain Chi_4 dihedral restraints:      11       0      0  98.951  98.951      7.5736       1.000
18 Disulfide distance restraints      :       0       0      0   0.000   0.000      0.0000       1.000
19 Disulfide angle restraints         :       0       0      0   0.000   0.000      0.0000       1.000
20 Disulfide dihedral angle restraints:       0       0      0   0.000   0.000      0.0000       1.000
21 Lower bound distance restraints    :       0       0      0   0.000   0.000      0.0000       1.000
22 Upper bound distance restraints    :       0       0      0   0.000   0.000      0.0000       1.000
23 Distance restraints 3 (SDCH-MNCH)  :     685       0      0   0.526   0.526      23.638       1.000
24 Sidechain Chi_5 dihedral restraints:       0       0      0   0.000   0.000      0.0000       1.000
25 Phi/Psi pair of dihedral restraints:     109      32     18  32.897  94.372      89.067       1.000
26 Distance restraints 4 (SDCH-SDCH)  :     171       0      1   1.119   1.119      26.829       1.000
27 Distance restraints 5 (X-Y)        :       0       0      0   0.000   0.000      0.0000       1.000
28 NMR distance restraints 6 (X-Y)    :       0       0      0   0.000   0.000      0.0000       1.000
29 NMR distance restraints 7 (X-Y)    :       0       0      0   0.000   0.000      0.0000       1.000
30 Minimal distance restraints        :       0       0      0   0.000   0.000      0.0000       1.000
31 Non-bonded restraints              :       0       0      0   0.000   0.000      0.0000       1.000
32 Atomic accessibility restraints    :       0       0      0   0.000   0.000      0.0000       1.000
33 Atomic density restraints          :       0       0      0   0.000   0.000      0.0000       1.000
34 Absolute position restraints       :       0       0      0   0.000   0.000      0.0000       1.000
35 Dihedral angle difference restraint:       0       0      0   0.000   0.000      0.0000       1.000
36 GBSA implicit solvent potential    :       0       0      0   0.000   0.000      0.0000       1.000
37 EM density fitting potential       :       0       0      0   0.000   0.000      0.0000       1.000
38 SAXS restraints                    :       0       0      0   0.000   0.000      0.0000       1.000
39 Symmetry restraints                :       0       0      0   0.000   0.000      0.0000       1.000



# Heavy relative violation of each residue is written to: d2_hmmer.V99990005
# The profile is NOT normalized by the number of restraints.
# The profiles are smoothed over a window of residues:    1
# The sum of all numbers in the file:   14948.2988



List of the violated restraints:
   A restraint is violated when the relative difference
   from the best value (RVIOL) is larger than CUTOFF.

   ICSR   ... index of a restraint in the current set.
   RESNO  ... residue numbers of the first two atoms.
   ATM    ... IUPAC atom names of the first two atoms.
   FEAT   ... the value of the feature in the model.
   restr  ... the mean of the basis restraint with the smallest
              difference from the model (local minimum).
   viol   ... difference from the local minimum.
   rviol  ... relative difference from the local minimum.
   RESTR  ... the best value (global minimum).
   VIOL   ... difference from the best value.
   RVIOL  ... relative difference from the best value.


-------------------------------------------------------------------------------------------------

Feature 25                           : Phi/Psi pair of dihedral restraints     
List of the RVIOL violations larger than   :       6.5000

    #   ICSR  RESNO1/2 ATM1/2   INDATM1/2    FEAT   restr    viol   rviol   RESTR    VIOL   RVIOL
    1   3304   1T   2Y C   N       6    8  -90.35  -98.40    8.07    0.31  -63.50  174.39   26.34
    1          2Y   2Y N   CA      8    9  128.91  128.40                  -43.40
    2   3305   2Y   3L C   N      18   20  -78.21  -70.70   17.79    1.12  -63.50  161.74   23.33
    2          3L   3L N   CA     20   21  157.72  141.60                  -41.20
    3   3306   3L   4S C   N      26   28  -66.72  -72.40    5.87    0.45  -64.10  171.13   12.56
    3          4S   4S N   CA     28   29  153.89  152.40                  -35.00
    4   3307   4S   5P C   N      32   34  -53.39  -58.70   10.19    0.60  -64.50  173.96   13.58
    4          5P   5P N   CA     34   35  -39.19  -30.50                  147.20
    5   3308   5P   6E C   N      39   41  -67.97  -69.30    2.76    0.16  -63.60  179.68   24.20
    5          6E   6E N   CA     41   42  140.08  142.50                  -40.30
    6   3309   6E   7E C   N      48   50 -136.70 -117.80   21.35    0.62  -63.60 -172.22   29.15
    6          7E   7E N   CA     50   51  146.73  136.80                  -40.30
    7   3310   7E   8W C   N      57   59  -80.43  -71.30   20.21    1.72  -63.00  166.08   19.79
    7          8W   8W N   CA     59   60  120.97  139.00                  -44.20
    8   3311   8W   9H C   N      71   73 -171.43 -125.60   48.95    2.03  -63.20 -163.60   20.97
    8          9H   9H N   CA     73   74  121.59  138.80                  -42.30
    9   3312   9H  10Q C   N      81   83   61.55  -73.00  144.50   11.10  -63.80  177.95   23.20
    9         10Q  10Q N   CA     83   84 -166.61  140.70                  -40.30
   10   3313  10Q  11F C   N      90   92 -117.07 -124.20   10.17    0.27  -63.20 -172.45   29.63
   10         11F  11F N   CA     92   93  136.06  143.30                  -44.30
   11   3315  12I  13Q C   N     109  111 -168.96 -121.10   60.50    1.89  -63.80  177.51   31.31
   11         13Q  13Q N   CA    111  112  176.70  139.70                  -40.30
   12   3318  15P  16N C   N     133  135 -122.30 -119.90   81.02    3.63  -63.20  116.95   17.91
   12         16N  16N N   CA    135  136 -142.02  137.00                  -41.10
   13   3350  47F  48P C   N     406  408  -60.68  -64.50   40.18    2.80  -58.70  137.71   11.22
   13         48P  48P N   CA    408  409  107.20  147.20                  -30.50
   14   3351  48P  49D C   N     413  415 -161.04  -96.50   68.25    2.81  -63.30 -158.34   21.40
   14         49D  49D N   CA    415  416  136.39  114.20                  -40.00
   15   3352  49D  50Y C   N     421  423  -66.06  -98.40   32.34    1.25  -63.50  171.72   27.12
   15         50Y  50Y N   CA    423  424  128.30  128.40                  -43.40
   16   3354  51V  52Q C   N     440  442  -72.99  -73.00   61.06    3.99  -63.80  118.30   17.88
   16         52Q  52Q N   CA    442  443 -158.24  140.70                  -40.30
   17   3356  53R  54N C   N     460  462  -54.34  -71.20   27.35    1.45  -63.20  162.61   20.82
   17         54N  54N N   CA    462  463  121.27  142.80                  -41.10
   18   3357  54N  55L C   N     468  470  -71.20  -70.70    3.67    0.30  -63.50  179.33   24.47
   18         55L  55L N   CA    470  471  137.96  141.60                  -41.20
   19   3358  55L  56I C   N     476  478 -146.27 -120.60   67.69    2.97  -63.40  148.70   27.32
   19         56I  56I N   CA    478  479 -167.06  130.30                  -43.60
   20   3371  68T  69G C   N     581  583 -170.70   82.20  108.44    6.59  -62.40  113.13   18.63
   20         69G  69G N   CA    583  584   -8.49    8.50                  -41.20
   21   3394  91L  92H C   N     767  769   57.67   56.30    9.46    0.74  -63.20  141.58   24.31
   21         92H  92H N   CA    769  770   31.44   40.80                  -42.30
   22   3395  92H  93D C   N     777  779   10.58  -70.90  106.83    8.79  -63.30  124.83   13.45
   22         93D  93D N   CA    779  780 -140.61  150.30                  -40.00
   23   3401  98Y  99L C   N     825  827  -67.26  -70.70    3.61    0.29  -63.50  178.36   24.98
   23         99L  99L N   CA    827  828  140.48  141.60                  -41.20
   24   3402  99L 100E C   N     833  835 -167.03 -117.80   71.66    2.34  -63.60  166.76   27.74
   24        100E 100E N   CA    835  836 -171.12  136.80                  -40.30
   25   3403 100E 101S C   N     842  844  -62.37  -72.40   36.08    1.80  -64.10  152.76   11.17
   25        101S 101S N   CA    844  845  117.75  152.40                  -35.00
   26   3406 103P 104E C   N     863  865 -133.81 -117.80   16.11    0.63  -63.60 -171.13   22.18
   26        104E 104E N   CA    865  866  135.03  136.80                  -40.30
   27   3407 104E 105S C   N     872  874  -76.68  -72.40    4.94    0.40  -64.10  175.51   13.50
   27        105S 105S N   CA    874  875  149.94  152.40                  -35.00
   28   3408 105S 106E C   N     878  880  -66.36  -69.30   16.13    1.13  -63.60  166.96   22.11
   28        106E 106E N   CA    880  881  126.63  142.50                  -40.30
   29   3409 106E 107S C   N     887  889  179.85 -136.60   44.88    2.07  -64.10 -149.74   14.43
   29        107S 107S N   CA    889  890  140.34  151.20                  -35.00
   30   3410 107S 108L C   N     893  895 -132.83 -108.50   34.11    1.91  -63.50  165.05   20.27
   30        108L 108L N   CA    895  896  108.59  132.50                  -41.20
   31   3411 108L 109W C   N     901  903 -171.24 -124.90   46.36    2.01  -63.00 -157.52   32.58
   31        109W 109W N   CA    903  904  144.68  143.40                  -44.20
   32   3412 109W 110E C   N     915  917 -108.96 -117.80   11.44    0.35  -63.60  175.79   21.28
   32        110E 110E N   CA    917  918  129.53  136.80                  -40.30


report______> Distribution of short non-bonded contacts:


DISTANCE1:  0.00 2.10 2.20 2.30 2.40 2.50 2.60 2.70 2.80 2.90 3.00 3.10 3.20 3.30 3.40
DISTANCE2:  2.10 2.20 2.30 2.40 2.50 2.60 2.70 2.80 2.90 3.00 3.10 3.20 3.30 3.40 3.50
FREQUENCY:     0    0    0    0    0    9   11   39   61   76  106  101  106  137  136


<< end of ENERGY.
>> Model assessment by DOPE potential
iatmcls_286W> MODEL atom not classified:  GLY:OXT  GLY


>> ENERGY; Differences between the model's features and restraints:
Number of all residues in MODEL                   :      111
Number of all, selected real atoms                :      930     930
Number of all, selected pseudo atoms              :        0       0
Number of all static, selected restraints         :     7147    7147
COVALENT_CYS                                      :        F
NONBONDED_SEL_ATOMS                               :        1
Number of non-bonded pairs (excluding 1-2,1-3,1-4):   125280
Dynamic pairs routine                             : 1, NATM x NATM double loop
Atomic shift for contacts update (UPDATE_DYNAMIC) :    0.390
LENNARD_JONES_SWITCH                              :    6.500   7.500
COULOMB_JONES_SWITCH                              :    6.500   7.500
RESIDUE_SPAN_RANGE                                :        1    9999
NLOGN_USE                                         :       15
CONTACT_SHELL                                     :   15.000
DYNAMIC_PAIRS,_SPHERE,_COULOMB,_LENNARD,_MODELLER :        T       F       F       F       T
SPHERE_STDV                                       :    0.050
RADII_FACTOR                                      :    0.820
Current energy                                    :       -8144.2109




<< end of ENERGY.
DOPE score               : -8144.210938
>> Model assessment by GA341 potential

Surface library          : /Library/modeller-9.16/modlib/surf5.de
Pair library             : /Library/modeller-9.16/modlib/pair9.de
Chain identifier         : _
% sequence identity      :    22.000000
Sequence length          :          111
Compactness              :     0.085535
Native energy (pair)     :    -9.043457
Native energy (surface)  :     2.908618
Native energy (combined) :     0.347966
Z score (pair)           :    -3.444715
Z score (surface)        :    -2.207063
Z score (combined)       :    -3.459750
GA341 score              :     0.211101


>> Summary of successfully produced models:
Filename                          molpdf     DOPE score    GA341 score
----------------------------------------------------------------------
d2_hmmer.B99990001.pdb         608.64825    -8098.57080        0.41190
d2_hmmer.B99990002.pdb         590.00854    -8201.22852        0.14466
d2_hmmer.B99990003.pdb         602.13654    -8134.56152        0.23978
d2_hmmer.B99990004.pdb         599.77863    -7894.48193        0.50581
d2_hmmer.B99990005.pdb         672.86322    -8144.21094        0.21110

