
                         MODELLER 9.16, 2016/01/07, r10745

     PROTEIN STRUCTURE MODELLING BY SATISFACTION OF SPATIAL RESTRAINTS


                     Copyright(c) 1989-2016 Andrej Sali
                            All Rights Reserved

                             Written by A. Sali
                               with help from
              B. Webb, M.S. Madhusudhan, M-Y. Shen, G.Q. Dong,
          M.A. Marti-Renom, N. Eswar, F. Alber, M. Topf, B. Oliva,
             A. Fiser, R. Sanchez, B. Yerkovich, A. Badretdinov,
                     F. Melo, J.P. Overington, E. Feyfant
                 University of California, San Francisco, USA
                    Rockefeller University, New York, USA
                      Harvard University, Cambridge, USA
                   Imperial Cancer Research Fund, London, UK
              Birkbeck College, University of London, London, UK


Kind, OS, HostName, Kernel, Processor: 4, Darwin dhcp-159-244.public.vu.nl 13.4.0 x86_64
Date and time of compilation         : 2016/01/07 09:10:39
MODELLER executable type             : mac10v4-intel64
Job starting time (YY/MM/DD HH:MM:SS): 2016/02/24 18:06:45


check_ali___> Checking the sequence-structure alignment. 

Implied intrachain target CA(i)-CA(i+1) distances longer than  8.0 angstroms:

ALN_POS  TMPL  RID1  RID2  NAM1  NAM2     DIST
----------------------------------------------
END OF TABLE
read_to_681_> topology.submodel read from topology file:        3
The following 1 residues contain 6-membered rings with poor geometries
after transfer from templates. Rebuilding rings from internal coordinates:
   <Residue 98 (type TYR)>
mdtrsr__446W> A potential that relies on one protein is used, yet you have at
              least one known structure available. MDT, not library, potential is used.
0 atoms in HETATM/BLK residues constrained
to protein atoms within 2.30 angstroms
and protein CA atoms within 10.00 angstroms
0 atoms in residues without defined topology
constrained to be rigid bodies
condens_443_> Restraints marked for deletion were removed.
              Total number of restraints before, now:     8979     8165
iupac_m_397W> Atoms were not swapped because of the uncertainty of how to handle the H atom.


>> ENERGY; Differences between the model's features and restraints:
Number of all residues in MODEL                   :      111
Number of all, selected real atoms                :      930     930
Number of all, selected pseudo atoms              :        0       0
Number of all static, selected restraints         :     8165    8165
COVALENT_CYS                                      :        F
NONBONDED_SEL_ATOMS                               :        1
Number of non-bonded pairs (excluding 1-2,1-3,1-4):     2121
Dynamic pairs routine                             : 2, NATM x NATM cell sorting
Atomic shift for contacts update (UPDATE_DYNAMIC) :    0.390
LENNARD_JONES_SWITCH                              :    6.500   7.500
COULOMB_JONES_SWITCH                              :    6.500   7.500
RESIDUE_SPAN_RANGE                                :        0   99999
NLOGN_USE                                         :       15
CONTACT_SHELL                                     :    4.000
DYNAMIC_PAIRS,_SPHERE,_COULOMB,_LENNARD,_MODELLER :        T       T       F       F       F
SPHERE_STDV                                       :    0.050
RADII_FACTOR                                      :    0.820
Current energy                                    :         702.4814





Summary of the restraint violations: 

   NUM     ... number of restraints.
   NUMVI   ... number of restraints with RVIOL > VIOL_REPORT_CUT[i].
   RVIOL   ... relative difference from the best value.
   NUMVP   ... number of restraints with -Ln(pdf) > VIOL_REPORT_CUT2[i].
   RMS_1   ... RMS(feature, minimally_violated_basis_restraint, NUMB).
   RMS_2   ... RMS(feature, best_value, NUMB).
   MOL.PDF ... scaled contribution to -Ln(Molecular pdf).

 #                     RESTRAINT_GROUP      NUM   NUMVI  NUMVP   RMS_1   RMS_2         MOL.PDF     S_i
------------------------------------------------------------------------------------------------------
 1 Bond length potential              :     954       0      0   0.004   0.004      4.8882       1.000
 2 Bond angle potential               :    1292       1      1   1.911   1.911      92.377       1.000
 3 Stereochemical cosine torsion poten:     642       0     20  46.097  46.097      205.82       1.000
 4 Stereochemical improper torsion pot:     415       0      0   1.193   1.193      12.158       1.000
 5 Soft-sphere overlap restraints     :    2121       0      1   0.005   0.005      7.0547       1.000
 6 Lennard-Jones 6-12 potential       :       0       0      0   0.000   0.000      0.0000       1.000
 7 Coulomb point-point electrostatic p:       0       0      0   0.000   0.000      0.0000       1.000
 8 H-bonding potential                :       0       0      0   0.000   0.000      0.0000       1.000
 9 Distance restraints 1 (CA-CA)      :    1646       0      2   0.325   0.325      58.111       1.000
10 Distance restraints 2 (N-O)        :    1715       1      3   0.451   0.451      92.187       1.000
11 Mainchain Phi dihedral restraints  :       0       0      0   0.000   0.000      0.0000       1.000
12 Mainchain Psi dihedral restraints  :       0       0      0   0.000   0.000      0.0000       1.000
13 Mainchain Omega dihedral restraints:     110       0      3   4.871   4.871      30.783       1.000
14 Sidechain Chi_1 dihedral restraints:     102       0      1  79.320  79.320      20.088       1.000
15 Sidechain Chi_2 dihedral restraints:      87       0      0  84.711  84.711      40.267       1.000
16 Sidechain Chi_3 dihedral restraints:      35       0      0  78.618  78.618      28.560       1.000
17 Sidechain Chi_4 dihedral restraints:      11       0      0 102.365 102.365      7.2992       1.000
18 Disulfide distance restraints      :       0       0      0   0.000   0.000      0.0000       1.000
19 Disulfide angle restraints         :       0       0      0   0.000   0.000      0.0000       1.000
20 Disulfide dihedral angle restraints:       0       0      0   0.000   0.000      0.0000       1.000
21 Lower bound distance restraints    :       0       0      0   0.000   0.000      0.0000       1.000
22 Upper bound distance restraints    :       0       0      0   0.000   0.000      0.0000       1.000
23 Distance restraints 3 (SDCH-MNCH)  :     836       0      1   0.690   0.690      28.357       1.000
24 Sidechain Chi_5 dihedral restraints:       0       0      0   0.000   0.000      0.0000       1.000
25 Phi/Psi pair of dihedral restraints:     109      15     18  30.582  68.690      40.925       1.000
26 Distance restraints 4 (SDCH-SDCH)  :     211       0      4   1.404   1.404      33.607       1.000
27 Distance restraints 5 (X-Y)        :       0       0      0   0.000   0.000      0.0000       1.000
28 NMR distance restraints 6 (X-Y)    :       0       0      0   0.000   0.000      0.0000       1.000
29 NMR distance restraints 7 (X-Y)    :       0       0      0   0.000   0.000      0.0000       1.000
30 Minimal distance restraints        :       0       0      0   0.000   0.000      0.0000       1.000
31 Non-bonded restraints              :       0       0      0   0.000   0.000      0.0000       1.000
32 Atomic accessibility restraints    :       0       0      0   0.000   0.000      0.0000       1.000
33 Atomic density restraints          :       0       0      0   0.000   0.000      0.0000       1.000
34 Absolute position restraints       :       0       0      0   0.000   0.000      0.0000       1.000
35 Dihedral angle difference restraint:       0       0      0   0.000   0.000      0.0000       1.000
36 GBSA implicit solvent potential    :       0       0      0   0.000   0.000      0.0000       1.000
37 EM density fitting potential       :       0       0      0   0.000   0.000      0.0000       1.000
38 SAXS restraints                    :       0       0      0   0.000   0.000      0.0000       1.000
39 Symmetry restraints                :       0       0      0   0.000   0.000      0.0000       1.000



# Heavy relative violation of each residue is written to: d2_emboss.V99990001
# The profile is NOT normalized by the number of restraints.
# The profiles are smoothed over a window of residues:    1
# The sum of all numbers in the file:   12944.2969



List of the violated restraints:
   A restraint is violated when the relative difference
   from the best value (RVIOL) is larger than CUTOFF.

   ICSR   ... index of a restraint in the current set.
   RESNO  ... residue numbers of the first two atoms.
   ATM    ... IUPAC atom names of the first two atoms.
   FEAT   ... the value of the feature in the model.
   restr  ... the mean of the basis restraint with the smallest
              difference from the model (local minimum).
   viol   ... difference from the local minimum.
   rviol  ... relative difference from the local minimum.
   RESTR  ... the best value (global minimum).
   VIOL   ... difference from the best value.
   RVIOL  ... relative difference from the best value.


-------------------------------------------------------------------------------------------------

Feature  2                           : Bond angle potential                    
List of the RVIOL violations larger than   :       4.5000

    #   ICSR  RESNO1/2 ATM1/2   INDATM1/2    FEAT   restr    viol   rviol   RESTR    VIOL   RVIOL
    1   1194  20L  20L N   CA    166  167  124.02  107.00   17.02    4.89  107.00   17.02    4.89

-------------------------------------------------------------------------------------------------

Feature 10                           : Distance restraints 2 (N-O)             
List of the RVIOL violations larger than   :       4.5000

    #   ICSR  RESNO1/2 ATM1/2   INDATM1/2    FEAT   restr    viol   rviol   RESTR    VIOL   RVIOL
    1   5712  20L  64A N   O     166  550    4.58    2.80    1.79    5.91    2.80    1.79    5.91

-------------------------------------------------------------------------------------------------

Feature 25                           : Phi/Psi pair of dihedral restraints     
List of the RVIOL violations larger than   :       6.5000

    #   ICSR  RESNO1/2 ATM1/2   INDATM1/2    FEAT   restr    viol   rviol   RESTR    VIOL   RVIOL
    1   3313  10Q  11F C   N      90   92 -117.54 -124.20   76.94    3.46  -63.20  123.55   14.20
    1         11F  11F N   CA     92   93   66.65  143.30                  -44.30
    2   3319  16N  17V C   N     141  143  -64.88  -62.40   26.90    3.27  -73.50  155.05   13.13
    2         17V  17V N   CA    143  144  -15.61  -42.40                  139.20
    3   3320  17V  18I C   N     148  150  -54.76  -63.40   11.95    1.84 -120.60 -170.36   13.28
    3         18I  18I N   CA    150  151  -51.85  -43.60                  130.30
    4   3322  19L  20L C   N     164  166  -61.20  -63.50    2.50    0.46 -108.50  179.08    9.11
    4         20L  20L N   CA    166  167  -40.22  -41.20                  132.50
    5   3347  44F  45R C   N     375  377  -65.04 -125.20   62.79    2.97  -63.00  160.35   21.80
    5         45R  45R N   CA    377  378  158.56  140.60                  -41.10
    6   3349  46E  47F C   N     395  397 -113.11 -124.20   48.84    2.00  -63.20  148.67   17.68
    6         47F  47F N   CA    397  398   95.74  143.30                  -44.30
    7   3352  49D  50Y C   N     421  423 -109.25 -124.30   23.42    1.85  -63.50  169.55   29.23
    7         50Y  50Y N   CA    423  424  153.34  135.40                  -43.40
    8   3354  51V  52Q C   N     440  442 -138.81 -121.10   38.81    2.03  -63.80  163.67   21.12
    8         52Q  52Q N   CA    442  443  105.17  139.70                  -40.30
    9   3356  53R  54N C   N     460  462   78.44   55.90   42.69    2.09  -63.20  148.41   24.02
    9         54N  54N N   CA    462  463    3.25   39.50                  -41.10
   10   3403 100E 101S C   N     842  844   94.26 -136.60  131.14    4.64  -64.10 -141.20   18.08
   10        101S 101S N   CA    844  845  174.02  151.20                  -35.00
   11   3406 103P 104E C   N     863  865  -56.44  -69.30   16.25    0.92  -63.60  173.02   23.46
   11        104E 104E N   CA    865  866  132.57  142.50                  -40.30
   12   3407 104E 105S C   N     872  874 -148.28 -136.60   42.18    1.86  -64.10  157.62   17.49
   12        105S 105S N   CA    874  875 -168.27  151.20                  -35.00
   13   3409 106E 107S C   N     887  889 -161.14 -136.60   34.18    1.10  -64.10  178.66   19.95
   13        107S 107S N   CA    889  890  174.98  151.20                  -35.00
   14   3410 107S 108L C   N     893  895   99.45 -108.50  152.24    7.34  -63.50 -127.33   41.85
   14        108L 108L N   CA    895  896  124.87  132.50                  -41.20
   15   3411 108L 109W C   N     901  903 -130.69 -124.90   40.38    2.09  -63.00  162.41   17.83
   15        109W 109W N   CA    903  904  103.44  143.40                  -44.20


report______> Distribution of short non-bonded contacts:


DISTANCE1:  0.00 2.10 2.20 2.30 2.40 2.50 2.60 2.70 2.80 2.90 3.00 3.10 3.20 3.30 3.40
DISTANCE2:  2.10 2.20 2.30 2.40 2.50 2.60 2.70 2.80 2.90 3.00 3.10 3.20 3.30 3.40 3.50
FREQUENCY:     0    0    0    0    0    8   27   63   80  116  111  134  143  151  143


<< end of ENERGY.
>> Model assessment by DOPE potential
iatmcls_286W> MODEL atom not classified:  GLY:OXT  GLY


>> ENERGY; Differences between the model's features and restraints:
Number of all residues in MODEL                   :      111
Number of all, selected real atoms                :      930     930
Number of all, selected pseudo atoms              :        0       0
Number of all static, selected restraints         :     8165    8165
COVALENT_CYS                                      :        F
NONBONDED_SEL_ATOMS                               :        1
Number of non-bonded pairs (excluding 1-2,1-3,1-4):   155753
Dynamic pairs routine                             : 1, NATM x NATM double loop
Atomic shift for contacts update (UPDATE_DYNAMIC) :    0.390
LENNARD_JONES_SWITCH                              :    6.500   7.500
COULOMB_JONES_SWITCH                              :    6.500   7.500
RESIDUE_SPAN_RANGE                                :        1    9999
NLOGN_USE                                         :       15
CONTACT_SHELL                                     :   15.000
DYNAMIC_PAIRS,_SPHERE,_COULOMB,_LENNARD,_MODELLER :        T       F       F       F       T
SPHERE_STDV                                       :    0.050
RADII_FACTOR                                      :    0.820
Current energy                                    :       -9548.8164




<< end of ENERGY.
DOPE score               : -9548.816406
>> Model assessment by GA341 potential

Surface library          : /Library/modeller-9.16/modlib/surf5.de
Pair library             : /Library/modeller-9.16/modlib/pair9.de
Chain identifier         : _
% sequence identity      :    28.000000
Sequence length          :          111
Compactness              :     0.233176
Native energy (pair)     :    17.758023
Native energy (surface)  :     0.062932
Native energy (combined) :     0.716240
Z score (pair)           :    -3.576927
Z score (surface)        :    -2.620991
Z score (combined)       :    -4.330406
GA341 score              :     0.787487

iupac_m_397W> Atoms were not swapped because of the uncertainty of how to handle the H atom.
iupac_m_397W> Atoms were not swapped because of the uncertainty of how to handle the H atom.


>> ENERGY; Differences between the model's features and restraints:
Number of all residues in MODEL                   :      111
Number of all, selected real atoms                :      930     930
Number of all, selected pseudo atoms              :        0       0
Number of all static, selected restraints         :     8165    8165
COVALENT_CYS                                      :        F
NONBONDED_SEL_ATOMS                               :        1
Number of non-bonded pairs (excluding 1-2,1-3,1-4):     2095
Dynamic pairs routine                             : 2, NATM x NATM cell sorting
Atomic shift for contacts update (UPDATE_DYNAMIC) :    0.390
LENNARD_JONES_SWITCH                              :    6.500   7.500
COULOMB_JONES_SWITCH                              :    6.500   7.500
RESIDUE_SPAN_RANGE                                :        0   99999
NLOGN_USE                                         :       15
CONTACT_SHELL                                     :    4.000
DYNAMIC_PAIRS,_SPHERE,_COULOMB,_LENNARD,_MODELLER :        T       T       F       F       F
SPHERE_STDV                                       :    0.050
RADII_FACTOR                                      :    0.820
Current energy                                    :         845.6811





Summary of the restraint violations: 

   NUM     ... number of restraints.
   NUMVI   ... number of restraints with RVIOL > VIOL_REPORT_CUT[i].
   RVIOL   ... relative difference from the best value.
   NUMVP   ... number of restraints with -Ln(pdf) > VIOL_REPORT_CUT2[i].
   RMS_1   ... RMS(feature, minimally_violated_basis_restraint, NUMB).
   RMS_2   ... RMS(feature, best_value, NUMB).
   MOL.PDF ... scaled contribution to -Ln(Molecular pdf).

 #                     RESTRAINT_GROUP      NUM   NUMVI  NUMVP   RMS_1   RMS_2         MOL.PDF     S_i
------------------------------------------------------------------------------------------------------
 1 Bond length potential              :     954       0      0   0.006   0.006      8.5369       1.000
 2 Bond angle potential               :    1292       0      3   2.156   2.156      114.08       1.000
 3 Stereochemical cosine torsion poten:     642       0     26  46.643  46.643      210.35       1.000
 4 Stereochemical improper torsion pot:     415       0      0   1.272   1.272      14.561       1.000
 5 Soft-sphere overlap restraints     :    2095       0      0   0.004   0.004      3.9698       1.000
 6 Lennard-Jones 6-12 potential       :       0       0      0   0.000   0.000      0.0000       1.000
 7 Coulomb point-point electrostatic p:       0       0      0   0.000   0.000      0.0000       1.000
 8 H-bonding potential                :       0       0      0   0.000   0.000      0.0000       1.000
 9 Distance restraints 1 (CA-CA)      :    1646       0      7   0.564   0.564      109.05       1.000
10 Distance restraints 2 (N-O)        :    1715       0      4   0.601   0.601      121.26       1.000
11 Mainchain Phi dihedral restraints  :       0       0      0   0.000   0.000      0.0000       1.000
12 Mainchain Psi dihedral restraints  :       0       0      0   0.000   0.000      0.0000       1.000
13 Mainchain Omega dihedral restraints:     110       3      6   6.830   6.830      60.513       1.000
14 Sidechain Chi_1 dihedral restraints:     102       0      0  79.857  79.857      29.395       1.000
15 Sidechain Chi_2 dihedral restraints:      87       0      0  80.968  80.968      34.588       1.000
16 Sidechain Chi_3 dihedral restraints:      35       0      0  81.278  81.278      28.886       1.000
17 Sidechain Chi_4 dihedral restraints:      11       0      0 105.242 105.242      8.7251       1.000
18 Disulfide distance restraints      :       0       0      0   0.000   0.000      0.0000       1.000
19 Disulfide angle restraints         :       0       0      0   0.000   0.000      0.0000       1.000
20 Disulfide dihedral angle restraints:       0       0      0   0.000   0.000      0.0000       1.000
21 Lower bound distance restraints    :       0       0      0   0.000   0.000      0.0000       1.000
22 Upper bound distance restraints    :       0       0      0   0.000   0.000      0.0000       1.000
23 Distance restraints 3 (SDCH-MNCH)  :     836       0      0   0.480   0.480      14.571       1.000
24 Sidechain Chi_5 dihedral restraints:       0       0      0   0.000   0.000      0.0000       1.000
25 Phi/Psi pair of dihedral restraints:     109      17     16  32.100  70.567      60.114       1.000
26 Distance restraints 4 (SDCH-SDCH)  :     211       0      2   1.384   1.384      27.077       1.000
27 Distance restraints 5 (X-Y)        :       0       0      0   0.000   0.000      0.0000       1.000
28 NMR distance restraints 6 (X-Y)    :       0       0      0   0.000   0.000      0.0000       1.000
29 NMR distance restraints 7 (X-Y)    :       0       0      0   0.000   0.000      0.0000       1.000
30 Minimal distance restraints        :       0       0      0   0.000   0.000      0.0000       1.000
31 Non-bonded restraints              :       0       0      0   0.000   0.000      0.0000       1.000
32 Atomic accessibility restraints    :       0       0      0   0.000   0.000      0.0000       1.000
33 Atomic density restraints          :       0       0      0   0.000   0.000      0.0000       1.000
34 Absolute position restraints       :       0       0      0   0.000   0.000      0.0000       1.000
35 Dihedral angle difference restraint:       0       0      0   0.000   0.000      0.0000       1.000
36 GBSA implicit solvent potential    :       0       0      0   0.000   0.000      0.0000       1.000
37 EM density fitting potential       :       0       0      0   0.000   0.000      0.0000       1.000
38 SAXS restraints                    :       0       0      0   0.000   0.000      0.0000       1.000
39 Symmetry restraints                :       0       0      0   0.000   0.000      0.0000       1.000



# Heavy relative violation of each residue is written to: d2_emboss.V99990002
# The profile is NOT normalized by the number of restraints.
# The profiles are smoothed over a window of residues:    1
# The sum of all numbers in the file:   14149.3643



List of the violated restraints:
   A restraint is violated when the relative difference
   from the best value (RVIOL) is larger than CUTOFF.

   ICSR   ... index of a restraint in the current set.
   RESNO  ... residue numbers of the first two atoms.
   ATM    ... IUPAC atom names of the first two atoms.
   FEAT   ... the value of the feature in the model.
   restr  ... the mean of the basis restraint with the smallest
              difference from the model (local minimum).
   viol   ... difference from the local minimum.
   rviol  ... relative difference from the local minimum.
   RESTR  ... the best value (global minimum).
   VIOL   ... difference from the best value.
   RVIOL  ... relative difference from the best value.


-------------------------------------------------------------------------------------------------

Feature 13                           : Mainchain Omega dihedral restraints     
List of the RVIOL violations larger than   :       4.5000

    #   ICSR  RESNO1/2 ATM1/2   INDATM1/2    FEAT   restr    viol   rviol   RESTR    VIOL   RVIOL
    1   3430  18I  18I CA  C     151  156 -141.64 -180.00   38.36    7.67 -180.00   38.36    7.67

-------------------------------------------------------------------------------------------------

Feature 25                           : Phi/Psi pair of dihedral restraints     
List of the RVIOL violations larger than   :       6.5000

    #   ICSR  RESNO1/2 ATM1/2   INDATM1/2    FEAT   restr    viol   rviol   RESTR    VIOL   RVIOL
    1   3313  10Q  11F C   N      90   92 -113.81 -124.20   72.08    3.13  -63.20  126.81   14.75
    1         11F  11F N   CA     92   93   71.98  143.30                  -44.30
    2   3319  16N  17V C   N     141  143  -76.49  -62.40   26.65    2.92  -73.50  159.00   13.63
    2         17V  17V N   CA    143  144  -19.77  -42.40                  139.20
    3   3321  18I  19L C   N     156  158 -106.89 -108.50   27.91    1.52  -63.50  164.27   25.48
    3         19L  19L N   CA    158  159  160.37  132.50                  -41.20
    4   3347  44F  45R C   N     375  377  -99.36  -63.00   94.16   15.21  -63.00   94.16   15.21
    4         45R  45R N   CA    377  378 -127.96  -41.10                  -41.10
    5   3349  46E  47F C   N     395  397   67.13  -71.40  141.92   10.60  -63.20 -165.67   22.18
    5         47F  47F N   CA    397  398  171.55  140.70                  -44.30
    6   3351  48P  49D C   N     413  415  -73.13  -96.50   34.27    1.43  -63.30  129.51   15.41
    6         49D  49D N   CA    415  416   89.14  114.20                  -40.00
    7   3352  49D  50Y C   N     421  423 -144.07 -124.30   31.06    1.29  -63.50  176.68   31.96
    7         50Y  50Y N   CA    423  424  159.36  135.40                  -43.40
    8   3354  51V  52Q C   N     440  442 -168.63 -121.10   58.78    2.91  -63.80  179.27   22.98
    8         52Q  52Q N   CA    442  443  105.12  139.70                  -40.30
    9   3355  52Q  53R C   N     449  451  174.55 -125.20   78.66    4.26  -63.00  179.42   20.98
    9         53R  53R N   CA    451  452   90.03  140.60                  -41.10
   10   3356  53R  54N C   N     460  462   66.52   55.90   44.30    2.39  -63.20  135.06   21.79
   10         54N  54N N   CA    462  463   -3.51   39.50                  -41.10
   11   3388  85F  86E C   N     712  714  -58.62  -69.30   16.07    0.90  -63.60  170.87   23.06
   11         86E  86E N   CA    714  715  130.50  142.50                  -40.30
   12   3403 100E 101S C   N     842  844 -142.32 -136.60   18.91    0.82  -64.10  174.32   18.24
   12        101S 101S N   CA    844  845  169.22  151.20                  -35.00
   13   3406 103P 104E C   N     863  865 -163.37 -117.80   54.87    1.62  -63.60 -177.90   29.72
   13        104E 104E N   CA    865  866  167.36  136.80                  -40.30
   14   3408 105S 106E C   N     878  880 -106.60 -117.80   11.20    0.41  -63.60 -177.64   22.24
   14        106E 106E N   CA    880  881  136.92  136.80                  -40.30
   15   3409 106E 107S C   N     887  889  175.38 -136.60   67.87    2.19  -64.10  174.25   21.26
   15        107S 107S N   CA    889  890 -160.85  151.20                  -35.00
   16   3410 107S 108L C   N     893  895 -115.08 -108.50   56.02    2.95  -63.50  140.48   22.70
   16        108L 108L N   CA    895  896 -171.86  132.50                  -41.20
   17   3411 108L 109W C   N     901  903  -62.94  -71.30   19.87    1.27  -63.00  165.17   20.65
   17        109W 109W N   CA    903  904  120.97  139.00                  -44.20


report______> Distribution of short non-bonded contacts:


DISTANCE1:  0.00 2.10 2.20 2.30 2.40 2.50 2.60 2.70 2.80 2.90 3.00 3.10 3.20 3.30 3.40
DISTANCE2:  2.10 2.20 2.30 2.40 2.50 2.60 2.70 2.80 2.90 3.00 3.10 3.20 3.30 3.40 3.50
FREQUENCY:     0    0    0    0    0    7   15   68   66   97  106  124  154  161  156


<< end of ENERGY.
>> Model assessment by DOPE potential
iatmcls_286W> MODEL atom not classified:  GLY:OXT  GLY


>> ENERGY; Differences between the model's features and restraints:
Number of all residues in MODEL                   :      111
Number of all, selected real atoms                :      930     930
Number of all, selected pseudo atoms              :        0       0
Number of all static, selected restraints         :     8165    8165
COVALENT_CYS                                      :        F
NONBONDED_SEL_ATOMS                               :        1
Number of non-bonded pairs (excluding 1-2,1-3,1-4):   154398
Dynamic pairs routine                             : 1, NATM x NATM double loop
Atomic shift for contacts update (UPDATE_DYNAMIC) :    0.390
LENNARD_JONES_SWITCH                              :    6.500   7.500
COULOMB_JONES_SWITCH                              :    6.500   7.500
RESIDUE_SPAN_RANGE                                :        1    9999
NLOGN_USE                                         :       15
CONTACT_SHELL                                     :   15.000
DYNAMIC_PAIRS,_SPHERE,_COULOMB,_LENNARD,_MODELLER :        T       F       F       F       T
SPHERE_STDV                                       :    0.050
RADII_FACTOR                                      :    0.820
Current energy                                    :      -10128.4434




<< end of ENERGY.
DOPE score               : -10128.443359
>> Model assessment by GA341 potential

Surface library          : /Library/modeller-9.16/modlib/surf5.de
Pair library             : /Library/modeller-9.16/modlib/pair9.de
Chain identifier         : _
% sequence identity      :    28.000000
Sequence length          :          111
Compactness              :     0.177984
Native energy (pair)     :     8.473757
Native energy (surface)  :    -1.601924
Native energy (combined) :    -0.082799
Z score (pair)           :    -4.543744
Z score (surface)        :    -3.148444
Z score (combined)       :    -4.909860
GA341 score              :     0.915185

iupac_m_397W> Atoms were not swapped because of the uncertainty of how to handle the H atom.


>> ENERGY; Differences between the model's features and restraints:
Number of all residues in MODEL                   :      111
Number of all, selected real atoms                :      930     930
Number of all, selected pseudo atoms              :        0       0
Number of all static, selected restraints         :     8165    8165
COVALENT_CYS                                      :        F
NONBONDED_SEL_ATOMS                               :        1
Number of non-bonded pairs (excluding 1-2,1-3,1-4):     2043
Dynamic pairs routine                             : 2, NATM x NATM cell sorting
Atomic shift for contacts update (UPDATE_DYNAMIC) :    0.390
LENNARD_JONES_SWITCH                              :    6.500   7.500
COULOMB_JONES_SWITCH                              :    6.500   7.500
RESIDUE_SPAN_RANGE                                :        0   99999
NLOGN_USE                                         :       15
CONTACT_SHELL                                     :    4.000
DYNAMIC_PAIRS,_SPHERE,_COULOMB,_LENNARD,_MODELLER :        T       T       F       F       F
SPHERE_STDV                                       :    0.050
RADII_FACTOR                                      :    0.820
Current energy                                    :         716.9061





Summary of the restraint violations: 

   NUM     ... number of restraints.
   NUMVI   ... number of restraints with RVIOL > VIOL_REPORT_CUT[i].
   RVIOL   ... relative difference from the best value.
   NUMVP   ... number of restraints with -Ln(pdf) > VIOL_REPORT_CUT2[i].
   RMS_1   ... RMS(feature, minimally_violated_basis_restraint, NUMB).
   RMS_2   ... RMS(feature, best_value, NUMB).
   MOL.PDF ... scaled contribution to -Ln(Molecular pdf).

 #                     RESTRAINT_GROUP      NUM   NUMVI  NUMVP   RMS_1   RMS_2         MOL.PDF     S_i
------------------------------------------------------------------------------------------------------
 1 Bond length potential              :     954       0      0   0.005   0.005      8.1937       1.000
 2 Bond angle potential               :    1292       1      3   2.103   2.103      107.53       1.000
 3 Stereochemical cosine torsion poten:     642       0     21  46.157  46.157      199.92       1.000
 4 Stereochemical improper torsion pot:     415       0      1   1.243   1.243      12.981       1.000
 5 Soft-sphere overlap restraints     :    2043       0      2   0.007   0.007      10.470       1.000
 6 Lennard-Jones 6-12 potential       :       0       0      0   0.000   0.000      0.0000       1.000
 7 Coulomb point-point electrostatic p:       0       0      0   0.000   0.000      0.0000       1.000
 8 H-bonding potential                :       0       0      0   0.000   0.000      0.0000       1.000
 9 Distance restraints 1 (CA-CA)      :    1646       0      5   0.425   0.425      83.997       1.000
10 Distance restraints 2 (N-O)        :    1715       1      2   0.488   0.488      93.086       1.000
11 Mainchain Phi dihedral restraints  :       0       0      0   0.000   0.000      0.0000       1.000
12 Mainchain Psi dihedral restraints  :       0       0      0   0.000   0.000      0.0000       1.000
13 Mainchain Omega dihedral restraints:     110       1      1   4.844   4.844      30.439       1.000
14 Sidechain Chi_1 dihedral restraints:     102       0      1  75.280  75.280      22.915       1.000
15 Sidechain Chi_2 dihedral restraints:      87       0      0  78.107  78.107      31.755       1.000
16 Sidechain Chi_3 dihedral restraints:      35       0      0  97.753  97.753      28.284       1.000
17 Sidechain Chi_4 dihedral restraints:      11       0      0 103.494 103.494      9.5132       1.000
18 Disulfide distance restraints      :       0       0      0   0.000   0.000      0.0000       1.000
19 Disulfide angle restraints         :       0       0      0   0.000   0.000      0.0000       1.000
20 Disulfide dihedral angle restraints:       0       0      0   0.000   0.000      0.0000       1.000
21 Lower bound distance restraints    :       0       0      0   0.000   0.000      0.0000       1.000
22 Upper bound distance restraints    :       0       0      0   0.000   0.000      0.0000       1.000
23 Distance restraints 3 (SDCH-MNCH)  :     836       0      0   0.506   0.506      11.295       1.000
24 Sidechain Chi_5 dihedral restraints:       0       0      0   0.000   0.000      0.0000       1.000
25 Phi/Psi pair of dihedral restraints:     109      15     16  30.550  68.404      45.909       1.000
26 Distance restraints 4 (SDCH-SDCH)  :     211       0      0   1.201   1.201      20.618       1.000
27 Distance restraints 5 (X-Y)        :       0       0      0   0.000   0.000      0.0000       1.000
28 NMR distance restraints 6 (X-Y)    :       0       0      0   0.000   0.000      0.0000       1.000
29 NMR distance restraints 7 (X-Y)    :       0       0      0   0.000   0.000      0.0000       1.000
30 Minimal distance restraints        :       0       0      0   0.000   0.000      0.0000       1.000
31 Non-bonded restraints              :       0       0      0   0.000   0.000      0.0000       1.000
32 Atomic accessibility restraints    :       0       0      0   0.000   0.000      0.0000       1.000
33 Atomic density restraints          :       0       0      0   0.000   0.000      0.0000       1.000
34 Absolute position restraints       :       0       0      0   0.000   0.000      0.0000       1.000
35 Dihedral angle difference restraint:       0       0      0   0.000   0.000      0.0000       1.000
36 GBSA implicit solvent potential    :       0       0      0   0.000   0.000      0.0000       1.000
37 EM density fitting potential       :       0       0      0   0.000   0.000      0.0000       1.000
38 SAXS restraints                    :       0       0      0   0.000   0.000      0.0000       1.000
39 Symmetry restraints                :       0       0      0   0.000   0.000      0.0000       1.000



# Heavy relative violation of each residue is written to: d2_emboss.V99990003
# The profile is NOT normalized by the number of restraints.
# The profiles are smoothed over a window of residues:    1
# The sum of all numbers in the file:   12727.9688



List of the violated restraints:
   A restraint is violated when the relative difference
   from the best value (RVIOL) is larger than CUTOFF.

   ICSR   ... index of a restraint in the current set.
   RESNO  ... residue numbers of the first two atoms.
   ATM    ... IUPAC atom names of the first two atoms.
   FEAT   ... the value of the feature in the model.
   restr  ... the mean of the basis restraint with the smallest
              difference from the model (local minimum).
   viol   ... difference from the local minimum.
   rviol  ... relative difference from the local minimum.
   RESTR  ... the best value (global minimum).
   VIOL   ... difference from the best value.
   RVIOL  ... relative difference from the best value.


-------------------------------------------------------------------------------------------------

Feature  2                           : Bond angle potential                    
List of the RVIOL violations larger than   :       4.5000

    #   ICSR  RESNO1/2 ATM1/2   INDATM1/2    FEAT   restr    viol   rviol   RESTR    VIOL   RVIOL
    1   1180  18I  19L C   N     156  158  152.01  120.00   32.01    7.27  120.00   32.01    7.27

-------------------------------------------------------------------------------------------------

Feature 10                           : Distance restraints 2 (N-O)             
List of the RVIOL violations larger than   :       4.5000

    #   ICSR  RESNO1/2 ATM1/2   INDATM1/2    FEAT   restr    viol   rviol   RESTR    VIOL   RVIOL
    1   5712  20L  64A N   O     166  550    4.25    2.80    1.45    4.80    2.80    1.45    4.80

-------------------------------------------------------------------------------------------------

Feature 25                           : Phi/Psi pair of dihedral restraints     
List of the RVIOL violations larger than   :       6.5000

    #   ICSR  RESNO1/2 ATM1/2   INDATM1/2    FEAT   restr    viol   rviol   RESTR    VIOL   RVIOL
    1   3313  10Q  11F C   N      90   92 -115.25 -124.20   78.65    3.48  -63.20  121.22   13.97
    1         11F  11F N   CA     92   93   65.17  143.30                  -44.30
    2   3319  16N  17V C   N     141  143  -69.32  -62.40   26.81    3.05  -73.50  155.75   13.26
    2         17V  17V N   CA    143  144  -16.50  -42.40                  139.20
    3   3322  19L  20L C   N     164  166   82.87  -70.70  157.31   13.08 -108.50  170.48    8.43
    3         20L  20L N   CA    166  167  107.47  141.60                  132.50
    4   3347  44F  45R C   N     375  377  -60.04 -125.20   73.03    3.72  -63.00  145.34   19.44
    4         45R  45R N   CA    377  378  173.59  140.60                  -41.10
    5   3349  46E  47F C   N     395  397 -126.97 -124.20   34.98    1.71  -63.20  165.51   19.34
    5         47F  47F N   CA    397  398  108.43  143.30                  -44.30
    6   3352  49D  50Y C   N     421  423  -78.46  -98.40   22.34    1.24  -63.50  178.74   29.13
    6         50Y  50Y N   CA    423  424  138.49  128.40                  -43.40
    7   3354  51V  52Q C   N     440  442 -166.25 -121.10   46.55    1.54  -63.80 -162.67   34.24
    7         52Q  52Q N   CA    442  443  151.05  139.70                  -40.30
    8   3355  52Q  53R C   N     449  451 -160.54 -125.20   40.32    1.21  -63.00 -173.56   31.71
    8         53R  53R N   CA    451  452  160.01  140.60                  -41.10
    9   3388  85F  86E C   N     712  714  -56.08  -69.30   13.52    0.92  -63.60 -179.86   24.43
    9         86E  86E N   CA    714  715  139.68  142.50                  -40.30
   10   3403 100E 101S C   N     842  844  -36.99  -72.40   62.11    2.84  -64.10  139.04   11.89
   10        101S 101S N   CA    844  845  101.37  152.40                  -35.00
   11   3406 103P 104E C   N     863  865  163.49 -117.80   85.39    2.53  -63.60 -159.74   33.65
   11        104E 104E N   CA    865  866  169.91  136.80                  -40.30
   12   3407 104E 105S C   N     872  874  -75.49  -72.40    8.71    0.62  -64.10  179.62   12.38
   12        105S 105S N   CA    874  875  144.26  152.40                  -35.00
   13   3408 105S 106E C   N     878  880 -157.82 -117.80   44.35    1.30  -63.60 -171.04   30.40
   13        106E 106E N   CA    880  881  155.91  136.80                  -40.30
   14   3410 107S 108L C   N     893  895 -119.35 -108.50   44.12    2.26  -63.50  154.01   24.84
   14        108L 108L N   CA    895  896  175.27  132.50                  -41.20
   15   3411 108L 109W C   N     901  903  -85.12  -71.30   42.19    3.51  -63.00  145.04   16.95
   15        109W 109W N   CA    903  904   99.14  139.00                  -44.20


report______> Distribution of short non-bonded contacts:


DISTANCE1:  0.00 2.10 2.20 2.30 2.40 2.50 2.60 2.70 2.80 2.90 3.00 3.10 3.20 3.30 3.40
DISTANCE2:  2.10 2.20 2.30 2.40 2.50 2.60 2.70 2.80 2.90 3.00 3.10 3.20 3.30 3.40 3.50
FREQUENCY:     0    0    0    0    0    5   22   55   69   91  100  135  157  140  164


<< end of ENERGY.
>> Model assessment by DOPE potential
iatmcls_286W> MODEL atom not classified:  GLY:OXT  GLY


>> ENERGY; Differences between the model's features and restraints:
Number of all residues in MODEL                   :      111
Number of all, selected real atoms                :      930     930
Number of all, selected pseudo atoms              :        0       0
Number of all static, selected restraints         :     8165    8165
COVALENT_CYS                                      :        F
NONBONDED_SEL_ATOMS                               :        1
Number of non-bonded pairs (excluding 1-2,1-3,1-4):   155368
Dynamic pairs routine                             : 1, NATM x NATM double loop
Atomic shift for contacts update (UPDATE_DYNAMIC) :    0.390
LENNARD_JONES_SWITCH                              :    6.500   7.500
COULOMB_JONES_SWITCH                              :    6.500   7.500
RESIDUE_SPAN_RANGE                                :        1    9999
NLOGN_USE                                         :       15
CONTACT_SHELL                                     :   15.000
DYNAMIC_PAIRS,_SPHERE,_COULOMB,_LENNARD,_MODELLER :        T       F       F       F       T
SPHERE_STDV                                       :    0.050
RADII_FACTOR                                      :    0.820
Current energy                                    :       -9925.1592




<< end of ENERGY.
DOPE score               : -9925.159180
>> Model assessment by GA341 potential

Surface library          : /Library/modeller-9.16/modlib/surf5.de
Pair library             : /Library/modeller-9.16/modlib/pair9.de
Chain identifier         : _
% sequence identity      :    28.000000
Sequence length          :          111
Compactness              :     0.256500
Native energy (pair)     :    27.215281
Native energy (surface)  :     1.957744
Native energy (combined) :     1.747399
Z score (pair)           :    -3.601492
Z score (surface)        :    -2.125456
Z score (combined)       :    -3.506258
GA341 score              :     0.508439

iupac_m_397W> Atoms were not swapped because of the uncertainty of how to handle the H atom.


>> ENERGY; Differences between the model's features and restraints:
Number of all residues in MODEL                   :      111
Number of all, selected real atoms                :      930     930
Number of all, selected pseudo atoms              :        0       0
Number of all static, selected restraints         :     8165    8165
COVALENT_CYS                                      :        F
NONBONDED_SEL_ATOMS                               :        1
Number of non-bonded pairs (excluding 1-2,1-3,1-4):     2163
Dynamic pairs routine                             : 2, NATM x NATM cell sorting
Atomic shift for contacts update (UPDATE_DYNAMIC) :    0.390
LENNARD_JONES_SWITCH                              :    6.500   7.500
COULOMB_JONES_SWITCH                              :    6.500   7.500
RESIDUE_SPAN_RANGE                                :        0   99999
NLOGN_USE                                         :       15
CONTACT_SHELL                                     :    4.000
DYNAMIC_PAIRS,_SPHERE,_COULOMB,_LENNARD,_MODELLER :        T       T       F       F       F
SPHERE_STDV                                       :    0.050
RADII_FACTOR                                      :    0.820
Current energy                                    :         856.4395





Summary of the restraint violations: 

   NUM     ... number of restraints.
   NUMVI   ... number of restraints with RVIOL > VIOL_REPORT_CUT[i].
   RVIOL   ... relative difference from the best value.
   NUMVP   ... number of restraints with -Ln(pdf) > VIOL_REPORT_CUT2[i].
   RMS_1   ... RMS(feature, minimally_violated_basis_restraint, NUMB).
   RMS_2   ... RMS(feature, best_value, NUMB).
   MOL.PDF ... scaled contribution to -Ln(Molecular pdf).

 #                     RESTRAINT_GROUP      NUM   NUMVI  NUMVP   RMS_1   RMS_2         MOL.PDF     S_i
------------------------------------------------------------------------------------------------------
 1 Bond length potential              :     954       0      0   0.007   0.007      12.828       1.000
 2 Bond angle potential               :    1292       2      5   2.295   2.295      133.51       1.000
 3 Stereochemical cosine torsion poten:     642       0     25  46.785  46.785      210.66       1.000
 4 Stereochemical improper torsion pot:     415       0      0   1.242   1.242      13.914       1.000
 5 Soft-sphere overlap restraints     :    2163       0      0   0.006   0.006      8.3057       1.000
 6 Lennard-Jones 6-12 potential       :       0       0      0   0.000   0.000      0.0000       1.000
 7 Coulomb point-point electrostatic p:       0       0      0   0.000   0.000      0.0000       1.000
 8 H-bonding potential                :       0       0      0   0.000   0.000      0.0000       1.000
 9 Distance restraints 1 (CA-CA)      :    1646       0      1   0.432   0.432      84.747       1.000
10 Distance restraints 2 (N-O)        :    1715       0      6   0.561   0.561      124.14       1.000
11 Mainchain Phi dihedral restraints  :       0       0      0   0.000   0.000      0.0000       1.000
12 Mainchain Psi dihedral restraints  :       0       0      0   0.000   0.000      0.0000       1.000
13 Mainchain Omega dihedral restraints:     110       0      7   5.779   5.779      43.330       1.000
14 Sidechain Chi_1 dihedral restraints:     102       0      1  74.461  74.461      34.299       1.000
15 Sidechain Chi_2 dihedral restraints:      87       0      1  87.153  87.153      46.020       1.000
16 Sidechain Chi_3 dihedral restraints:      35       0      0  74.007  74.007      24.033       1.000
17 Sidechain Chi_4 dihedral restraints:      11       0      0  91.369  91.369      7.0500       1.000
18 Disulfide distance restraints      :       0       0      0   0.000   0.000      0.0000       1.000
19 Disulfide angle restraints         :       0       0      0   0.000   0.000      0.0000       1.000
20 Disulfide dihedral angle restraints:       0       0      0   0.000   0.000      0.0000       1.000
21 Lower bound distance restraints    :       0       0      0   0.000   0.000      0.0000       1.000
22 Upper bound distance restraints    :       0       0      0   0.000   0.000      0.0000       1.000
23 Distance restraints 3 (SDCH-MNCH)  :     836       0      0   0.504   0.504      22.688       1.000
24 Sidechain Chi_5 dihedral restraints:       0       0      0   0.000   0.000      0.0000       1.000
25 Phi/Psi pair of dihedral restraints:     109      14     18  34.165  64.858      66.293       1.000
26 Distance restraints 4 (SDCH-SDCH)  :     211       0      0   1.145   1.145      24.619       1.000
27 Distance restraints 5 (X-Y)        :       0       0      0   0.000   0.000      0.0000       1.000
28 NMR distance restraints 6 (X-Y)    :       0       0      0   0.000   0.000      0.0000       1.000
29 NMR distance restraints 7 (X-Y)    :       0       0      0   0.000   0.000      0.0000       1.000
30 Minimal distance restraints        :       0       0      0   0.000   0.000      0.0000       1.000
31 Non-bonded restraints              :       0       0      0   0.000   0.000      0.0000       1.000
32 Atomic accessibility restraints    :       0       0      0   0.000   0.000      0.0000       1.000
33 Atomic density restraints          :       0       0      0   0.000   0.000      0.0000       1.000
34 Absolute position restraints       :       0       0      0   0.000   0.000      0.0000       1.000
35 Dihedral angle difference restraint:       0       0      0   0.000   0.000      0.0000       1.000
36 GBSA implicit solvent potential    :       0       0      0   0.000   0.000      0.0000       1.000
37 EM density fitting potential       :       0       0      0   0.000   0.000      0.0000       1.000
38 SAXS restraints                    :       0       0      0   0.000   0.000      0.0000       1.000
39 Symmetry restraints                :       0       0      0   0.000   0.000      0.0000       1.000



# Heavy relative violation of each residue is written to: d2_emboss.V99990004
# The profile is NOT normalized by the number of restraints.
# The profiles are smoothed over a window of residues:    1
# The sum of all numbers in the file:   13454.9248



List of the violated restraints:
   A restraint is violated when the relative difference
   from the best value (RVIOL) is larger than CUTOFF.

   ICSR   ... index of a restraint in the current set.
   RESNO  ... residue numbers of the first two atoms.
   ATM    ... IUPAC atom names of the first two atoms.
   FEAT   ... the value of the feature in the model.
   restr  ... the mean of the basis restraint with the smallest
              difference from the model (local minimum).
   viol   ... difference from the local minimum.
   rviol  ... relative difference from the local minimum.
   RESTR  ... the best value (global minimum).
   VIOL   ... difference from the best value.
   RVIOL  ... relative difference from the best value.


-------------------------------------------------------------------------------------------------

Feature 25                           : Phi/Psi pair of dihedral restraints     
List of the RVIOL violations larger than   :       6.5000

    #   ICSR  RESNO1/2 ATM1/2   INDATM1/2    FEAT   restr    viol   rviol   RESTR    VIOL   RVIOL
    1   3313  10Q  11F C   N      90   92 -111.90 -124.20   81.43    3.52  -63.20  117.66   13.62
    1         11F  11F N   CA     92   93   62.81  143.30                  -44.30
    2   3320  17V  18I C   N     148  150  -78.24  -63.40   15.88    2.63 -120.60  173.50    8.33
    2         18I  18I N   CA    150  151  -37.95  -43.60                  130.30
    3   3321  18I  19L C   N     156  158  129.14 -108.50  158.98    8.83  -63.50 -177.74   27.24
    3         19L  19L N   CA    158  159   30.99  132.50                  -41.20
    4   3349  46E  47F C   N     395  397   -0.53  -71.40   88.63    5.00  -63.20  145.91   24.31
    4         47F  47F N   CA    397  398   87.47  140.70                  -44.30
    5   3352  49D  50Y C   N     421  423  -51.58  -98.40   49.89    2.42  -63.50  171.36   26.59
    5         50Y  50Y N   CA    423  424  145.65  128.40                  -43.40
    6   3354  51V  52Q C   N     440  442 -162.65 -121.10   68.82    2.39  -63.80  159.48   28.29
    6         52Q  52Q N   CA    442  443 -165.44  139.70                  -40.30
    7   3355  52Q  53R C   N     449  451 -145.69 -125.20   21.04    0.73  -63.00 -167.78   31.60
    7         53R  53R N   CA    451  452  145.38  140.60                  -41.10
    8   3356  53R  54N C   N     460  462  172.70  -63.20  128.30   20.62  -63.20  128.30   20.62
    8         54N  54N N   CA    462  463  -73.63  -41.10                  -41.10
    9   3403 100E 101S C   N     842  844 -129.42 -136.60   10.12    0.56  -64.10  179.00   17.59
    9        101S 101S N   CA    844  845  158.34  151.20                  -35.00
   10   3406 103P 104E C   N     863  865  179.74 -117.80   73.98    2.18  -63.60 -175.26   30.82
   10        104E 104E N   CA    865  866  176.45  136.80                  -40.30
   11   3407 104E 105S C   N     872  874  -87.86  -72.40   39.29    2.83  -64.10  153.13    9.93
   11        105S 105S N   CA    874  875  116.28  152.40                  -35.00
   12   3408 105S 106E C   N     878  880 -143.39 -117.80   28.04    0.83  -63.60 -170.92   29.68
   12        106E 106E N   CA    880  881  148.27  136.80                  -40.30
   13   3410 107S 108L C   N     893  895 -111.01 -108.50   26.51    1.46  -63.50  154.78   19.35
   13        108L 108L N   CA    895  896  106.11  132.50                  -41.20
   14   3411 108L 109W C   N     901  903 -132.31 -124.90   68.00    3.46  -63.00  138.58   15.29
   14        109W 109W N   CA    903  904   75.81  143.40                  -44.20


report______> Distribution of short non-bonded contacts:


DISTANCE1:  0.00 2.10 2.20 2.30 2.40 2.50 2.60 2.70 2.80 2.90 3.00 3.10 3.20 3.30 3.40
DISTANCE2:  2.10 2.20 2.30 2.40 2.50 2.60 2.70 2.80 2.90 3.00 3.10 3.20 3.30 3.40 3.50
FREQUENCY:     0    0    0    0    0    7   17   69   72  105  116  107  169  160  190


<< end of ENERGY.
>> Model assessment by DOPE potential
iatmcls_286W> MODEL atom not classified:  GLY:OXT  GLY


>> ENERGY; Differences between the model's features and restraints:
Number of all residues in MODEL                   :      111
Number of all, selected real atoms                :      930     930
Number of all, selected pseudo atoms              :        0       0
Number of all static, selected restraints         :     8165    8165
COVALENT_CYS                                      :        F
NONBONDED_SEL_ATOMS                               :        1
Number of non-bonded pairs (excluding 1-2,1-3,1-4):   154654
Dynamic pairs routine                             : 1, NATM x NATM double loop
Atomic shift for contacts update (UPDATE_DYNAMIC) :    0.390
LENNARD_JONES_SWITCH                              :    6.500   7.500
COULOMB_JONES_SWITCH                              :    6.500   7.500
RESIDUE_SPAN_RANGE                                :        1    9999
NLOGN_USE                                         :       15
CONTACT_SHELL                                     :   15.000
DYNAMIC_PAIRS,_SPHERE,_COULOMB,_LENNARD,_MODELLER :        T       F       F       F       T
SPHERE_STDV                                       :    0.050
RADII_FACTOR                                      :    0.820
Current energy                                    :       -9722.4092




<< end of ENERGY.
DOPE score               : -9722.409180
>> Model assessment by GA341 potential

Surface library          : /Library/modeller-9.16/modlib/surf5.de
Pair library             : /Library/modeller-9.16/modlib/pair9.de
Chain identifier         : _
% sequence identity      :    28.000000
Sequence length          :          111
Compactness              :     0.186326
Native energy (pair)     :     3.916569
Native energy (surface)  :    -0.917260
Native energy (combined) :    -0.088250
Z score (pair)           :    -4.757900
Z score (surface)        :    -2.968539
Z score (combined)       :    -4.820541
GA341 score              :     0.899497

iupac_m_397W> Atoms were not swapped because of the uncertainty of how to handle the H atom.
iupac_m_397W> Atoms were not swapped because of the uncertainty of how to handle the H atom.
iupac_m_397W> Atoms were not swapped because of the uncertainty of how to handle the H atom.


>> ENERGY; Differences between the model's features and restraints:
Number of all residues in MODEL                   :      111
Number of all, selected real atoms                :      930     930
Number of all, selected pseudo atoms              :        0       0
Number of all static, selected restraints         :     8165    8165
COVALENT_CYS                                      :        F
NONBONDED_SEL_ATOMS                               :        1
Number of non-bonded pairs (excluding 1-2,1-3,1-4):     2053
Dynamic pairs routine                             : 2, NATM x NATM cell sorting
Atomic shift for contacts update (UPDATE_DYNAMIC) :    0.390
LENNARD_JONES_SWITCH                              :    6.500   7.500
COULOMB_JONES_SWITCH                              :    6.500   7.500
RESIDUE_SPAN_RANGE                                :        0   99999
NLOGN_USE                                         :       15
CONTACT_SHELL                                     :    4.000
DYNAMIC_PAIRS,_SPHERE,_COULOMB,_LENNARD,_MODELLER :        T       T       F       F       F
SPHERE_STDV                                       :    0.050
RADII_FACTOR                                      :    0.820
Current energy                                    :         780.3348





Summary of the restraint violations: 

   NUM     ... number of restraints.
   NUMVI   ... number of restraints with RVIOL > VIOL_REPORT_CUT[i].
   RVIOL   ... relative difference from the best value.
   NUMVP   ... number of restraints with -Ln(pdf) > VIOL_REPORT_CUT2[i].
   RMS_1   ... RMS(feature, minimally_violated_basis_restraint, NUMB).
   RMS_2   ... RMS(feature, best_value, NUMB).
   MOL.PDF ... scaled contribution to -Ln(Molecular pdf).

 #                     RESTRAINT_GROUP      NUM   NUMVI  NUMVP   RMS_1   RMS_2         MOL.PDF     S_i
------------------------------------------------------------------------------------------------------
 1 Bond length potential              :     954       0      0   0.006   0.006      9.8040       1.000
 2 Bond angle potential               :    1292       2      5   2.292   2.292      129.19       1.000
 3 Stereochemical cosine torsion poten:     642       0     22  45.527  45.527      198.46       1.000
 4 Stereochemical improper torsion pot:     415       0      0   1.361   1.361      15.571       1.000
 5 Soft-sphere overlap restraints     :    2053       0      0   0.005   0.005      6.7131       1.000
 6 Lennard-Jones 6-12 potential       :       0       0      0   0.000   0.000      0.0000       1.000
 7 Coulomb point-point electrostatic p:       0       0      0   0.000   0.000      0.0000       1.000
 8 H-bonding potential                :       0       0      0   0.000   0.000      0.0000       1.000
 9 Distance restraints 1 (CA-CA)      :    1646       0      1   0.379   0.379      72.302       1.000
10 Distance restraints 2 (N-O)        :    1715       0      3   0.521   0.521      104.77       1.000
11 Mainchain Phi dihedral restraints  :       0       0      0   0.000   0.000      0.0000       1.000
12 Mainchain Psi dihedral restraints  :       0       0      0   0.000   0.000      0.0000       1.000
13 Mainchain Omega dihedral restraints:     110       3      4   6.967   6.967      62.966       1.000
14 Sidechain Chi_1 dihedral restraints:     102       0      0  75.788  75.788      25.046       1.000
15 Sidechain Chi_2 dihedral restraints:      87       0      1  83.555  83.555      41.449       1.000
16 Sidechain Chi_3 dihedral restraints:      35       0      0  79.289  79.289      24.831       1.000
17 Sidechain Chi_4 dihedral restraints:      11       0      0  95.812  95.812      7.0720       1.000
18 Disulfide distance restraints      :       0       0      0   0.000   0.000      0.0000       1.000
19 Disulfide angle restraints         :       0       0      0   0.000   0.000      0.0000       1.000
20 Disulfide dihedral angle restraints:       0       0      0   0.000   0.000      0.0000       1.000
21 Lower bound distance restraints    :       0       0      0   0.000   0.000      0.0000       1.000
22 Upper bound distance restraints    :       0       0      0   0.000   0.000      0.0000       1.000
23 Distance restraints 3 (SDCH-MNCH)  :     836       0      0   0.476   0.476      11.967       1.000
24 Sidechain Chi_5 dihedral restraints:       0       0      0   0.000   0.000      0.0000       1.000
25 Phi/Psi pair of dihedral restraints:     109      15     12  29.255  65.948      46.297       1.000
26 Distance restraints 4 (SDCH-SDCH)  :     211       0      0   1.308   1.308      23.895       1.000
27 Distance restraints 5 (X-Y)        :       0       0      0   0.000   0.000      0.0000       1.000
28 NMR distance restraints 6 (X-Y)    :       0       0      0   0.000   0.000      0.0000       1.000
29 NMR distance restraints 7 (X-Y)    :       0       0      0   0.000   0.000      0.0000       1.000
30 Minimal distance restraints        :       0       0      0   0.000   0.000      0.0000       1.000
31 Non-bonded restraints              :       0       0      0   0.000   0.000      0.0000       1.000
32 Atomic accessibility restraints    :       0       0      0   0.000   0.000      0.0000       1.000
33 Atomic density restraints          :       0       0      0   0.000   0.000      0.0000       1.000
34 Absolute position restraints       :       0       0      0   0.000   0.000      0.0000       1.000
35 Dihedral angle difference restraint:       0       0      0   0.000   0.000      0.0000       1.000
36 GBSA implicit solvent potential    :       0       0      0   0.000   0.000      0.0000       1.000
37 EM density fitting potential       :       0       0      0   0.000   0.000      0.0000       1.000
38 SAXS restraints                    :       0       0      0   0.000   0.000      0.0000       1.000
39 Symmetry restraints                :       0       0      0   0.000   0.000      0.0000       1.000



# Heavy relative violation of each residue is written to: d2_emboss.V99990005
# The profile is NOT normalized by the number of restraints.
# The profiles are smoothed over a window of residues:    1
# The sum of all numbers in the file:   13397.3457



List of the violated restraints:
   A restraint is violated when the relative difference
   from the best value (RVIOL) is larger than CUTOFF.

   ICSR   ... index of a restraint in the current set.
   RESNO  ... residue numbers of the first two atoms.
   ATM    ... IUPAC atom names of the first two atoms.
   FEAT   ... the value of the feature in the model.
   restr  ... the mean of the basis restraint with the smallest
              difference from the model (local minimum).
   viol   ... difference from the local minimum.
   rviol  ... relative difference from the local minimum.
   RESTR  ... the best value (global minimum).
   VIOL   ... difference from the best value.
   RVIOL  ... relative difference from the best value.


-------------------------------------------------------------------------------------------------

Feature 13                           : Mainchain Omega dihedral restraints     
List of the RVIOL violations larger than   :       4.5000

    #   ICSR  RESNO1/2 ATM1/2   INDATM1/2    FEAT   restr    viol   rviol   RESTR    VIOL   RVIOL
    1   3430  18I  18I CA  C     151  156 -145.11 -180.00   34.89    6.97 -180.00   34.89    6.97

-------------------------------------------------------------------------------------------------

Feature 25                           : Phi/Psi pair of dihedral restraints     
List of the RVIOL violations larger than   :       6.5000

    #   ICSR  RESNO1/2 ATM1/2   INDATM1/2    FEAT   restr    viol   rviol   RESTR    VIOL   RVIOL
    1   3313  10Q  11F C   N      90   92 -107.49 -124.20   82.25    3.43  -63.20  115.87   13.55
    1         11F  11F N   CA     92   93   62.77  143.30                  -44.30
    2   3319  16N  17V C   N     141  143  -90.17  -62.40   71.64    7.90  -73.50  116.76   10.16
    2         17V  17V N   CA    143  144   23.64  -42.40                  139.20
    3   3321  18I  19L C   N     156  158  -79.42  -70.70    9.28    0.72  -63.50  174.75   25.21
    3         19L  19L N   CA    158  159  144.77  141.60                  -41.20
    4   3347  44F  45R C   N     375  377  -62.52 -125.20   65.58    2.16  -63.00  162.41   21.97
    4         45R  45R N   CA    377  378  121.31  140.60                  -41.10
    5   3349  46E  47F C   N     395  397   56.69  -71.40  130.53    8.07  -63.20 -160.13   35.00
    5         47F  47F N   CA    397  398  115.62  140.70                  -44.30
    6   3350  47F  48P C   N     406  408  -63.84  -58.70    6.95    0.95  -64.50  177.62   13.29
    6         48P  48P N   CA    408  409  -35.18  -30.50                  147.20
    7   3352  49D  50Y C   N     421  423 -114.88 -124.30   14.89    1.17  -63.50  177.27   30.74
    7         50Y  50Y N   CA    423  424  146.93  135.40                  -43.40
    8   3354  51V  52Q C   N     440  442 -158.23 -121.10   39.99    1.26  -63.80 -169.76   32.82
    8         52Q  52Q N   CA    442  443  154.55  139.70                  -40.30
    9   3355  52Q  53R C   N     449  451 -139.18 -125.20   18.63    1.01  -63.00 -174.28   21.25
    9         53R  53R N   CA    451  452  128.28  140.60                  -41.10
   10   3403 100E 101S C   N     842  844 -122.22 -136.60   26.09    1.48  -64.10  162.76   15.90
   10        101S 101S N   CA    844  845  172.97  151.20                  -35.00
   11   3406 103P 104E C   N     863  865 -173.05 -117.80   90.21    3.13  -63.60  156.31   26.46
   11        104E 104E N   CA    865  866 -151.89  136.80                  -40.30
   12   3407 104E 105S C   N     872  874  -75.06  -72.40   73.09    4.21  -64.10  100.16    7.96
   12        105S 105S N   CA    874  875 -134.56  152.40                  -35.00
   13   3408 105S 106E C   N     878  880  -58.03  -69.30   12.83    0.76  -63.60  176.76   23.87
   13        106E 106E N   CA    880  881  136.37  142.50                  -40.30
   14   3409 106E 107S C   N     887  889 -158.20 -136.60   46.37    1.80  -64.10  162.74   18.58
   14        107S 107S N   CA    889  890 -167.77  151.20                  -35.00
   15   3410 107S 108L C   N     893  895  -84.92  -70.70   25.12    1.56  -63.50  157.95   23.22
   15        108L 108L N   CA    895  896  162.31  141.60                  -41.20


report______> Distribution of short non-bonded contacts:


DISTANCE1:  0.00 2.10 2.20 2.30 2.40 2.50 2.60 2.70 2.80 2.90 3.00 3.10 3.20 3.30 3.40
DISTANCE2:  2.10 2.20 2.30 2.40 2.50 2.60 2.70 2.80 2.90 3.00 3.10 3.20 3.30 3.40 3.50
FREQUENCY:     0    0    0    0    0    7   17   61   63   88  119  123  135  165  157


<< end of ENERGY.
>> Model assessment by DOPE potential
iatmcls_286W> MODEL atom not classified:  GLY:OXT  GLY


>> ENERGY; Differences between the model's features and restraints:
Number of all residues in MODEL                   :      111
Number of all, selected real atoms                :      930     930
Number of all, selected pseudo atoms              :        0       0
Number of all static, selected restraints         :     8165    8165
COVALENT_CYS                                      :        F
NONBONDED_SEL_ATOMS                               :        1
Number of non-bonded pairs (excluding 1-2,1-3,1-4):   151980
Dynamic pairs routine                             : 1, NATM x NATM double loop
Atomic shift for contacts update (UPDATE_DYNAMIC) :    0.390
LENNARD_JONES_SWITCH                              :    6.500   7.500
COULOMB_JONES_SWITCH                              :    6.500   7.500
RESIDUE_SPAN_RANGE                                :        1    9999
NLOGN_USE                                         :       15
CONTACT_SHELL                                     :   15.000
DYNAMIC_PAIRS,_SPHERE,_COULOMB,_LENNARD,_MODELLER :        T       F       F       F       T
SPHERE_STDV                                       :    0.050
RADII_FACTOR                                      :    0.820
Current energy                                    :       -9764.3467




<< end of ENERGY.
DOPE score               : -9764.346680
>> Model assessment by GA341 potential

Surface library          : /Library/modeller-9.16/modlib/surf5.de
Pair library             : /Library/modeller-9.16/modlib/pair9.de
Chain identifier         : _
% sequence identity      :    28.000000
Sequence length          :          111
Compactness              :     0.169896
Native energy (pair)     :     8.571836
Native energy (surface)  :    -1.230309
Native energy (combined) :     0.018057
Z score (pair)           :    -4.532135
Z score (surface)        :    -2.956195
Z score (combined)       :    -4.744544
GA341 score              :     0.871830


>> Summary of successfully produced models:
Filename                          molpdf     DOPE score    GA341 score
----------------------------------------------------------------------
d2_emboss.B99990001.pdb        702.48145    -9548.81641        0.78749
d2_emboss.B99990002.pdb        845.68109   -10128.44336        0.91519
d2_emboss.B99990003.pdb        716.90613    -9925.15918        0.50844
d2_emboss.B99990004.pdb        856.43945    -9722.40918        0.89950
d2_emboss.B99990005.pdb        780.33478    -9764.34668        0.87183

