
                         MODELLER 9.16, 2016/01/07, r10745

     PROTEIN STRUCTURE MODELLING BY SATISFACTION OF SPATIAL RESTRAINTS


                     Copyright(c) 1989-2016 Andrej Sali
                            All Rights Reserved

                             Written by A. Sali
                               with help from
              B. Webb, M.S. Madhusudhan, M-Y. Shen, G.Q. Dong,
          M.A. Marti-Renom, N. Eswar, F. Alber, M. Topf, B. Oliva,
             A. Fiser, R. Sanchez, B. Yerkovich, A. Badretdinov,
                     F. Melo, J.P. Overington, E. Feyfant
                 University of California, San Francisco, USA
                    Rockefeller University, New York, USA
                      Harvard University, Cambridge, USA
                   Imperial Cancer Research Fund, London, UK
              Birkbeck College, University of London, London, UK


Kind, OS, HostName, Kernel, Processor: 4, Darwin Oliviers-MacBook.local 13.4.0 x86_64
Date and time of compilation         : 2016/01/07 09:10:39
MODELLER executable type             : mac10v4-intel64
Job starting time (YY/MM/DD HH:MM:SS): 2016/02/23 14:46:57


check_ali___> Checking the sequence-structure alignment. 

Implied intrachain target CA(i)-CA(i+1) distances longer than  8.0 angstroms:

ALN_POS  TMPL  RID1  RID2  NAM1  NAM2     DIST
----------------------------------------------
     40     1   30    65      M     H   11.310
END OF TABLE
read_to_681_> topology.submodel read from topology file:        3
mdtrsr__446W> A potential that relies on one protein is used, yet you have at
              least one known structure available. MDT, not library, potential is used.
0 atoms in HETATM/BLK residues constrained
to protein atoms within 2.30 angstroms
and protein CA atoms within 10.00 angstroms
0 atoms in residues without defined topology
constrained to be rigid bodies
condens_443_> Restraints marked for deletion were removed.
              Total number of restraints before, now:     5180     4493
iupac_m_397W> Atoms were not swapped because of the uncertainty of how to handle the H atom.


>> ENERGY; Differences between the model's features and restraints:
Number of all residues in MODEL                   :       95
Number of all, selected real atoms                :      789     789
Number of all, selected pseudo atoms              :        0       0
Number of all static, selected restraints         :     4493    4493
COVALENT_CYS                                      :        F
NONBONDED_SEL_ATOMS                               :        1
Number of non-bonded pairs (excluding 1-2,1-3,1-4):     1179
Dynamic pairs routine                             : 2, NATM x NATM cell sorting
Atomic shift for contacts update (UPDATE_DYNAMIC) :    0.390
LENNARD_JONES_SWITCH                              :    6.500   7.500
COULOMB_JONES_SWITCH                              :    6.500   7.500
RESIDUE_SPAN_RANGE                                :        0   99999
NLOGN_USE                                         :       15
CONTACT_SHELL                                     :    4.000
DYNAMIC_PAIRS,_SPHERE,_COULOMB,_LENNARD,_MODELLER :        T       T       F       F       F
SPHERE_STDV                                       :    0.050
RADII_FACTOR                                      :    0.820
Current energy                                    :         555.2150





Summary of the restraint violations: 

   NUM     ... number of restraints.
   NUMVI   ... number of restraints with RVIOL > VIOL_REPORT_CUT[i].
   RVIOL   ... relative difference from the best value.
   NUMVP   ... number of restraints with -Ln(pdf) > VIOL_REPORT_CUT2[i].
   RMS_1   ... RMS(feature, minimally_violated_basis_restraint, NUMB).
   RMS_2   ... RMS(feature, best_value, NUMB).
   MOL.PDF ... scaled contribution to -Ln(Molecular pdf).

 #                     RESTRAINT_GROUP      NUM   NUMVI  NUMVP   RMS_1   RMS_2         MOL.PDF     S_i
------------------------------------------------------------------------------------------------------
 1 Bond length potential              :     813       0      0   0.003   0.003      1.4966       1.000
 2 Bond angle potential               :    1093       0      0   1.292   1.292      34.473       1.000
 3 Stereochemical cosine torsion poten:     554       0     21  48.894  48.894      200.46       1.000
 4 Stereochemical improper torsion pot:     374       0      0   0.749   0.749      4.2797       1.000
 5 Soft-sphere overlap restraints     :    1179       0      0   0.002   0.002     0.56377       1.000
 6 Lennard-Jones 6-12 potential       :       0       0      0   0.000   0.000      0.0000       1.000
 7 Coulomb point-point electrostatic p:       0       0      0   0.000   0.000      0.0000       1.000
 8 H-bonding potential                :       0       0      0   0.000   0.000      0.0000       1.000
 9 Distance restraints 1 (CA-CA)      :     395       0      3   1.016   1.016      58.377       1.000
10 Distance restraints 2 (N-O)        :     474       0      4   0.806   0.806      53.013       1.000
11 Mainchain Phi dihedral restraints  :       0       0      0   0.000   0.000      0.0000       1.000
12 Mainchain Psi dihedral restraints  :       0       0      0   0.000   0.000      0.0000       1.000
13 Mainchain Omega dihedral restraints:      94       0      0   2.838   2.838      8.9257       1.000
14 Sidechain Chi_1 dihedral restraints:      84       0      0  89.217  89.217      22.476       1.000
15 Sidechain Chi_2 dihedral restraints:      73       0      0  73.143  73.143      27.387       1.000
16 Sidechain Chi_3 dihedral restraints:      24       0      0  91.249  91.249      16.072       1.000
17 Sidechain Chi_4 dihedral restraints:      11       0      0  98.190  98.190      7.1574       1.000
18 Disulfide distance restraints      :       0       0      0   0.000   0.000      0.0000       1.000
19 Disulfide angle restraints         :       0       0      0   0.000   0.000      0.0000       1.000
20 Disulfide dihedral angle restraints:       0       0      0   0.000   0.000      0.0000       1.000
21 Lower bound distance restraints    :       0       0      0   0.000   0.000      0.0000       1.000
22 Upper bound distance restraints    :       0       0      0   0.000   0.000      0.0000       1.000
23 Distance restraints 3 (SDCH-MNCH)  :     383       0      0   0.549   0.549      7.4281       1.000
24 Sidechain Chi_5 dihedral restraints:       0       0      0   0.000   0.000      0.0000       1.000
25 Phi/Psi pair of dihedral restraints:      93      42     12  35.598 119.040      106.09       1.000
26 Distance restraints 4 (SDCH-SDCH)  :      28       0      0   1.594   1.594      7.0171       1.000
27 Distance restraints 5 (X-Y)        :       0       0      0   0.000   0.000      0.0000       1.000
28 NMR distance restraints 6 (X-Y)    :       0       0      0   0.000   0.000      0.0000       1.000
29 NMR distance restraints 7 (X-Y)    :       0       0      0   0.000   0.000      0.0000       1.000
30 Minimal distance restraints        :       0       0      0   0.000   0.000      0.0000       1.000
31 Non-bonded restraints              :       0       0      0   0.000   0.000      0.0000       1.000
32 Atomic accessibility restraints    :       0       0      0   0.000   0.000      0.0000       1.000
33 Atomic density restraints          :       0       0      0   0.000   0.000      0.0000       1.000
34 Absolute position restraints       :       0       0      0   0.000   0.000      0.0000       1.000
35 Dihedral angle difference restraint:       0       0      0   0.000   0.000      0.0000       1.000
36 GBSA implicit solvent potential    :       0       0      0   0.000   0.000      0.0000       1.000
37 EM density fitting potential       :       0       0      0   0.000   0.000      0.0000       1.000
38 SAXS restraints                    :       0       0      0   0.000   0.000      0.0000       1.000
39 Symmetry restraints                :       0       0      0   0.000   0.000      0.0000       1.000



# Heavy relative violation of each residue is written to: D1_3koj_05.V99990001
# The profile is NOT normalized by the number of restraints.
# The profiles are smoothed over a window of residues:    1
# The sum of all numbers in the file:   14623.5537



List of the violated restraints:
   A restraint is violated when the relative difference
   from the best value (RVIOL) is larger than CUTOFF.

   ICSR   ... index of a restraint in the current set.
   RESNO  ... residue numbers of the first two atoms.
   ATM    ... IUPAC atom names of the first two atoms.
   FEAT   ... the value of the feature in the model.
   restr  ... the mean of the basis restraint with the smallest
              difference from the model (local minimum).
   viol   ... difference from the local minimum.
   rviol  ... relative difference from the local minimum.
   RESTR  ... the best value (global minimum).
   VIOL   ... difference from the best value.
   RVIOL  ... relative difference from the best value.


-------------------------------------------------------------------------------------------------

Feature 25                           : Phi/Psi pair of dihedral restraints     
List of the RVIOL violations larger than   :       6.5000

    #   ICSR  RESNO1/2 ATM1/2   INDATM1/2    FEAT   restr    viol   rviol   RESTR    VIOL   RVIOL
    1   2835   1M   2G C   N       7    9 -178.81 -167.20   12.07    0.32   82.20 -169.48   13.62
    1          2G   2G N   CA      9   10  171.28  174.60                    8.50
    2   2836   2G   3H C   N      11   13  -70.77  -67.60    8.89    0.76  -63.20  174.17   21.31
    2          3H   3H N   CA     13   14  131.70  140.00                  -42.30
    3   2838   4H   5H C   N      31   33  -64.07  -67.60    4.32    0.38  -63.20  175.20   21.96
    3          5H   5H N   CA     33   34  142.50  140.00                  -42.30
    4   2839   5H   6H C   N      41   43 -103.74 -125.60   36.78    1.67  -63.20  154.72   21.99
    4          6H   6H N   CA     43   44  168.39  138.80                  -42.30
    5   2865  31S  32L C   N     264  266   64.11   60.20    3.96    0.41  -63.50  145.62   26.86
    5         32L  32L N   CA    266  267   28.95   29.60                  -41.20
    6   2866  32L  33R C   N     272  274  -89.09 -125.20   70.00    2.45  -63.00  124.49   15.23
    6         33R  33R N   CA    274  275   80.63  140.60                  -41.10
    7   2887  53H  54E C   N     437  439 -104.79 -117.80   15.73    0.79  -63.60  178.87   26.18
    7         54E  54E N   CA    439  440  145.64  136.80                  -40.30
    8   2888  54E  55G C   N     446  448   82.02   78.70   14.24    0.28   82.20  171.55    8.32
    8         55G  55G N   CA    448  449 -179.94 -166.10                    8.50
    9   2890  56V  57N C   N     457  459  -71.11  -71.20    1.45    0.10  -63.20  174.83   22.30
    9         57N  57N N   CA    459  460  144.25  142.80                  -41.10
   10   2891  57N  58G C   N     465  467   60.40   78.70   32.12    0.53   82.20  149.80    8.35
   10         58G  58G N   CA    467  468 -139.70 -166.10                    8.50
   11   2892  58G  59G C   N     469  471   74.59   78.70    4.15    0.19   82.20  174.19    8.84
   11         59G  59G N   CA    471  472 -165.52 -166.10                    8.50
   12   2893  59G  60F C   N     473  475  -69.18  -71.40    2.62    0.15  -63.20  176.49   24.91
   12         60F  60F N   CA    475  476  139.31  140.70                  -44.30
   13   2894  60F  61A C   N     484  486 -140.42 -134.00    9.18    0.28  -62.50 -177.03   34.16
   13         61A  61A N   CA    486  487  153.55  147.00                  -40.90
   14   2895  61A  62G C   N     489  491   88.15   78.70   34.96    0.63   82.20  151.86    7.67
   14         62G  62G N   CA    491  492  160.25 -166.10                    8.50
   15   2896  62G  63N C   N     493  495 -106.25 -119.90   21.65    0.65  -63.20  166.94   18.83
   15         63N  63N N   CA    495  496  120.19  137.00                  -41.10
   16   2897  63N  64R C   N     501  503  -98.76  -72.10   27.21    1.96  -63.00  175.24   26.14
   16         64R  64R N   CA    503  504  147.35  141.90                  -41.10
   17   2898  64R  65E C   N     512  514 -104.79 -117.80   14.84    0.43  -63.60  174.89   21.33
   17         65E  65E N   CA    514  515  129.66  136.80                  -40.30
   18   2899  65E  66Q C   N     521  523 -107.15 -121.10   26.54    0.97  -63.80  163.29   21.98
   18         66Q  66Q N   CA    523  524  117.13  139.70                  -40.30
   19   2900  66Q  67M C   N     530  532 -138.94 -125.60   15.23    0.46  -63.40 -172.45   33.96
   19         67M  67M N   CA    532  533  147.84  140.50                  -40.50
   20   2901  67M  68N C   N     538  540  -68.62  -71.20    5.01    0.27  -63.20  179.68   22.17
   20         68N  68N N   CA    540  541  138.50  142.80                  -41.10
   21   2903  69V  70F C   N     553  555 -113.86 -124.20   11.27    0.56  -63.20  175.38   27.73
   21         70F  70F N   CA    555  556  147.80  143.30                  -44.30
   22   2904  70F  71Y C   N     564  566 -111.28  -98.40   12.88    0.50  -63.50  178.40   26.04
   22         71Y  71Y N   CA    566  567  128.48  128.40                  -43.40
   23   2905  71Y  72D C   N     576  578  -84.64  -96.50   12.16    0.50  -63.30  153.01   17.69
   23         72D  72D N   CA    578  579  111.52  114.20                  -40.00
   24   2907  73Y  74L C   N     596  598  -55.63  -70.70   18.29    1.26  -63.50  172.61   24.43
   24         74L  74L N   CA    598  599  131.23  141.60                  -41.20
   25   2908  74L  75R C   N     604  606  -72.21  -72.10   33.10    2.54  -63.00  144.20   20.10
   25         75R  75R N   CA    606  607  175.00  141.90                  -41.10
   26   2910  76S  77D C   N     621  623  -84.11  -96.50   20.36    0.84  -63.30  171.63   20.01
   26         77D  77D N   CA    623  624  130.37  114.20                  -40.00
   27   2911  77D  78S C   N     629  631  -69.24  -72.40    5.96    0.27  -64.10  177.73   13.19
   27         78S  78S N   CA    631  632  147.35  152.40                  -35.00
   28   2912  78S  79R C   N     635  637   69.60   57.30  106.05    7.89  -63.00 -139.99   25.11
   28         79R  79R N   CA    637  638  143.33   38.00                  -41.10
   29   2913  79R  80F C   N     646  648 -113.27 -124.20   21.98    0.72  -63.20  175.81   21.34
   29         80F  80F N   CA    648  649  124.23  143.30                  -44.30
   30   2914  80F  81A C   N     657  659 -142.47 -134.00   10.95    0.62  -62.50 -163.91   36.42
   30         81A  81A N   CA    659  660  140.06  147.00                  -40.90
   31   2915  81A  82D C   N     662  664 -115.55  -96.50   38.73    1.63  -63.30  179.83   25.57
   31         82D  82D N   CA    664  665  147.93  114.20                  -40.00
   32   2916  82D  83L C   N     670  672  -81.80 -108.50   55.37    2.65  -63.50  126.53   16.61
   32         83L  83L N   CA    672  673   84.00  132.50                  -41.20
   33   2917  83L  84H C   N     678  680 -177.26 -125.60   53.01    1.61  -63.20 -157.77   32.54
   33         84H  84H N   CA    680  681  150.71  138.80                  -42.30
   34   2918  84H  85F C   N     688  690 -121.40 -124.20   12.94    0.53  -63.20 -175.61   22.10
   34         85F  85F N   CA    690  691  130.67  143.30                  -44.30
   35   2919  85F  86K C   N     699  701  -74.91  -70.20   14.78    1.17  -62.90  167.62   21.14
   35         86K  86K N   CA    701  702  126.39  140.40                  -40.80
   36   2920  86K  87E C   N     708  710 -132.16 -117.80   14.86    0.46  -63.60 -168.23   29.44
   36         87E  87E N   CA    710  711  140.61  136.80                  -40.30
   37   2921  87E  88T C   N     717  719  -99.07  -78.10   54.35    1.80  -63.20  123.30   18.20
   37         88T  88T N   CA    719  720 -160.06  149.80                  -42.10
   38   2922  88T  89Y C   N     724  726  -66.44  -98.40   32.89    1.57  -63.50  164.03   25.88
   38         89Y  89Y N   CA    726  727  120.60  128.40                  -43.40
   39   2923  89Y  90D C   N     736  738 -139.09  -63.30  101.89   17.09  -63.30  101.89   17.09
   39         90D  90D N   CA    738  739 -108.09  -40.00                  -40.00
   40   2924  90D  91N C   N     744  746 -120.63 -119.90   98.44    4.46  -63.20  101.32   15.81
   40         91N  91N N   CA    746  747 -124.57  137.00                  -41.10
   41   2925  91N  92K C   N     752  754  -54.27  -70.20   16.86    1.10  -62.90  175.90   23.32
   41         92K  92K N   CA    754  755  134.89  140.40                  -40.80
   42   2926  92K  93N C   N     761  763 -116.34 -119.90   18.33    0.91  -63.20  172.32   24.57
   42         93N  93N N   CA    763  764  154.98  137.00                  -41.10


report______> Distribution of short non-bonded contacts:


DISTANCE1:  0.00 2.10 2.20 2.30 2.40 2.50 2.60 2.70 2.80 2.90 3.00 3.10 3.20 3.30 3.40
DISTANCE2:  2.10 2.20 2.30 2.40 2.50 2.60 2.70 2.80 2.90 3.00 3.10 3.20 3.30 3.40 3.50
FREQUENCY:     0    0    0    0    0   12   10   45   43   61   68   61   79   65   81


<< end of ENERGY.
>> Model assessment by DOPE potential
iatmcls_286W> MODEL atom not classified:  PHE:OXT  PHE


>> ENERGY; Differences between the model's features and restraints:
Number of all residues in MODEL                   :       95
Number of all, selected real atoms                :      789     789
Number of all, selected pseudo atoms              :        0       0
Number of all static, selected restraints         :     4493    4493
COVALENT_CYS                                      :        F
NONBONDED_SEL_ATOMS                               :        1
Number of non-bonded pairs (excluding 1-2,1-3,1-4):    53876
Dynamic pairs routine                             : 1, NATM x NATM double loop
Atomic shift for contacts update (UPDATE_DYNAMIC) :    0.390
LENNARD_JONES_SWITCH                              :    6.500   7.500
COULOMB_JONES_SWITCH                              :    6.500   7.500
RESIDUE_SPAN_RANGE                                :        1    9999
NLOGN_USE                                         :       15
CONTACT_SHELL                                     :   15.000
DYNAMIC_PAIRS,_SPHERE,_COULOMB,_LENNARD,_MODELLER :        T       F       F       F       T
SPHERE_STDV                                       :    0.050
RADII_FACTOR                                      :    0.820
Current energy                                    :       -3823.5337




<< end of ENERGY.
DOPE score               : -3823.533691
>> Model assessment by GA341 potential

Surface library          : /Library/modeller-9.16/modlib/surf5.de
Pair library             : /Library/modeller-9.16/modlib/pair9.de
Chain identifier         : _
% sequence identity      :    14.607000
Sequence length          :           95
Compactness              :     0.015552
Native energy (pair)     :    43.726483
Native energy (surface)  :    12.113448
Native energy (combined) :     8.968970
Z score (pair)           :    -0.048689
Z score (surface)        :    -0.612196
Z score (combined)       :    -0.486691
GA341 score              :     0.002811

iupac_m_397W> Atoms were not swapped because of the uncertainty of how to handle the H atom.


>> ENERGY; Differences between the model's features and restraints:
Number of all residues in MODEL                   :       95
Number of all, selected real atoms                :      789     789
Number of all, selected pseudo atoms              :        0       0
Number of all static, selected restraints         :     4493    4493
COVALENT_CYS                                      :        F
NONBONDED_SEL_ATOMS                               :        1
Number of non-bonded pairs (excluding 1-2,1-3,1-4):     1127
Dynamic pairs routine                             : 2, NATM x NATM cell sorting
Atomic shift for contacts update (UPDATE_DYNAMIC) :    0.390
LENNARD_JONES_SWITCH                              :    6.500   7.500
COULOMB_JONES_SWITCH                              :    6.500   7.500
RESIDUE_SPAN_RANGE                                :        0   99999
NLOGN_USE                                         :       15
CONTACT_SHELL                                     :    4.000
DYNAMIC_PAIRS,_SPHERE,_COULOMB,_LENNARD,_MODELLER :        T       T       F       F       F
SPHERE_STDV                                       :    0.050
RADII_FACTOR                                      :    0.820
Current energy                                    :         549.9851





Summary of the restraint violations: 

   NUM     ... number of restraints.
   NUMVI   ... number of restraints with RVIOL > VIOL_REPORT_CUT[i].
   RVIOL   ... relative difference from the best value.
   NUMVP   ... number of restraints with -Ln(pdf) > VIOL_REPORT_CUT2[i].
   RMS_1   ... RMS(feature, minimally_violated_basis_restraint, NUMB).
   RMS_2   ... RMS(feature, best_value, NUMB).
   MOL.PDF ... scaled contribution to -Ln(Molecular pdf).

 #                     RESTRAINT_GROUP      NUM   NUMVI  NUMVP   RMS_1   RMS_2         MOL.PDF     S_i
------------------------------------------------------------------------------------------------------
 1 Bond length potential              :     813       0      0   0.003   0.003      1.9775       1.000
 2 Bond angle potential               :    1093       0      3   1.543   1.543      46.762       1.000
 3 Stereochemical cosine torsion poten:     554       0     11  46.224  46.224      187.28       1.000
 4 Stereochemical improper torsion pot:     374       0      0   0.783   0.783      4.8564       1.000
 5 Soft-sphere overlap restraints     :    1127       0      0   0.002   0.002     0.54094       1.000
 6 Lennard-Jones 6-12 potential       :       0       0      0   0.000   0.000      0.0000       1.000
 7 Coulomb point-point electrostatic p:       0       0      0   0.000   0.000      0.0000       1.000
 8 H-bonding potential                :       0       0      0   0.000   0.000      0.0000       1.000
 9 Distance restraints 1 (CA-CA)      :     395       0      4   1.034   1.034      62.050       1.000
10 Distance restraints 2 (N-O)        :     474       0      6   0.903   0.903      67.787       1.000
11 Mainchain Phi dihedral restraints  :       0       0      0   0.000   0.000      0.0000       1.000
12 Mainchain Psi dihedral restraints  :       0       0      0   0.000   0.000      0.0000       1.000
13 Mainchain Omega dihedral restraints:      94       0      1   3.322   3.322      12.231       1.000
14 Sidechain Chi_1 dihedral restraints:      84       0      1  93.094  93.094      32.086       1.000
15 Sidechain Chi_2 dihedral restraints:      73       0      0  71.439  71.439      24.333       1.000
16 Sidechain Chi_3 dihedral restraints:      24       0      0  83.722  83.722      12.659       1.000
17 Sidechain Chi_4 dihedral restraints:      11       0      0  92.725  92.725      8.8893       1.000
18 Disulfide distance restraints      :       0       0      0   0.000   0.000      0.0000       1.000
19 Disulfide angle restraints         :       0       0      0   0.000   0.000      0.0000       1.000
20 Disulfide dihedral angle restraints:       0       0      0   0.000   0.000      0.0000       1.000
21 Lower bound distance restraints    :       0       0      0   0.000   0.000      0.0000       1.000
22 Upper bound distance restraints    :       0       0      0   0.000   0.000      0.0000       1.000
23 Distance restraints 3 (SDCH-MNCH)  :     383       0      0   0.574   0.574      7.8145       1.000
24 Sidechain Chi_5 dihedral restraints:       0       0      0   0.000   0.000      0.0000       1.000
25 Phi/Psi pair of dihedral restraints:      93      45      6  26.040 123.728      75.667       1.000
26 Distance restraints 4 (SDCH-SDCH)  :      28       0      0   1.349   1.349      5.0547       1.000
27 Distance restraints 5 (X-Y)        :       0       0      0   0.000   0.000      0.0000       1.000
28 NMR distance restraints 6 (X-Y)    :       0       0      0   0.000   0.000      0.0000       1.000
29 NMR distance restraints 7 (X-Y)    :       0       0      0   0.000   0.000      0.0000       1.000
30 Minimal distance restraints        :       0       0      0   0.000   0.000      0.0000       1.000
31 Non-bonded restraints              :       0       0      0   0.000   0.000      0.0000       1.000
32 Atomic accessibility restraints    :       0       0      0   0.000   0.000      0.0000       1.000
33 Atomic density restraints          :       0       0      0   0.000   0.000      0.0000       1.000
34 Absolute position restraints       :       0       0      0   0.000   0.000      0.0000       1.000
35 Dihedral angle difference restraint:       0       0      0   0.000   0.000      0.0000       1.000
36 GBSA implicit solvent potential    :       0       0      0   0.000   0.000      0.0000       1.000
37 EM density fitting potential       :       0       0      0   0.000   0.000      0.0000       1.000
38 SAXS restraints                    :       0       0      0   0.000   0.000      0.0000       1.000
39 Symmetry restraints                :       0       0      0   0.000   0.000      0.0000       1.000



# Heavy relative violation of each residue is written to: D1_3koj_05.V99990002
# The profile is NOT normalized by the number of restraints.
# The profiles are smoothed over a window of residues:    1
# The sum of all numbers in the file:   14973.6484



List of the violated restraints:
   A restraint is violated when the relative difference
   from the best value (RVIOL) is larger than CUTOFF.

   ICSR   ... index of a restraint in the current set.
   RESNO  ... residue numbers of the first two atoms.
   ATM    ... IUPAC atom names of the first two atoms.
   FEAT   ... the value of the feature in the model.
   restr  ... the mean of the basis restraint with the smallest
              difference from the model (local minimum).
   viol   ... difference from the local minimum.
   rviol  ... relative difference from the local minimum.
   RESTR  ... the best value (global minimum).
   VIOL   ... difference from the best value.
   RVIOL  ... relative difference from the best value.


-------------------------------------------------------------------------------------------------

Feature 25                           : Phi/Psi pair of dihedral restraints     
List of the RVIOL violations larger than   :       6.5000

    #   ICSR  RESNO1/2 ATM1/2   INDATM1/2    FEAT   restr    viol   rviol   RESTR    VIOL   RVIOL
    1   2836   2G   3H C   N      11   13 -107.53 -125.60   18.91    0.55  -63.20 -178.98   20.26
    1          3H   3H N   CA     13   14  133.21  138.80                  -42.30
    2   2837   3H   4H C   N      21   23 -121.56 -125.60    7.27    0.19  -63.20 -175.47   20.16
    2          4H   4H N   CA     23   24  132.76  138.80                  -42.30
    3   2838   4H   5H C   N      31   33  -72.78  -67.60    6.22    0.38  -63.20  174.52   22.42
    3          5H   5H N   CA     33   34  143.44  140.00                  -42.30
    4   2840   6H   7H C   N      51   53  -60.64  -63.20   20.47    2.41 -125.60  171.38    7.51
    4          7H   7H N   CA     53   54  -62.61  -42.30                  138.80
    5   2841   7H   8H C   N      61   63 -172.66 -125.60   47.22    1.57  -67.60  105.10    7.82
    5          8H   8H N   CA     63   64  142.60  138.80                  140.00
    6   2857  23F  24I C   N     197  199  -63.87  -63.40   15.35    2.50 -120.60  168.40    7.59
    6         24I  24I N   CA    199  200  -28.26  -43.60                  130.30
    7   2865  31S  32L C   N     264  266   71.72   60.20   29.69    1.03  -63.50  142.03   25.95
    7         32L  32L N   CA    266  267    2.24   29.60                  -41.20
    8   2882  48T  49I C   N     398  400  -61.70  -63.40   18.63    3.11 -120.60  166.14    7.41
    8         49I  49I N   CA    400  401  -25.05  -43.60                  130.30
    9   2887  53H  54E C   N     437  439 -120.72 -117.80    8.28    0.35  -63.60 -175.77   27.80
    9         54E  54E N   CA    439  440  144.54  136.80                  -40.30
   10   2888  54E  55G C   N     446  448 -140.45 -167.20   36.46    0.78   82.20 -162.93   15.07
   10         55G  55G N   CA    448  449  149.82  174.60                    8.50
   11   2890  56V  57N C   N     457  459  -79.64  -71.20   15.13    0.80  -63.20  164.38   21.47
   11         57N  57N N   CA    459  460  155.35  142.80                  -41.10
   12   2891  57N  58G C   N     465  467 -179.65 -167.20   13.72    0.41   82.20 -172.00   13.46
   12         58G  58G N   CA    467  468  168.85  174.60                    8.50
   13   2892  58G  59G C   N     469  471 -127.84 -167.20   48.29    0.88   82.20 -156.13   15.74
   13         59G  59G N   CA    471  472  146.61  174.60                    8.50
   14   2893  59G  60F C   N     473  475  -79.97  -71.40    9.25    0.53  -63.20  172.35   25.06
   14         60F  60F N   CA    475  476  144.17  140.70                  -44.30
   15   2894  60F  61A C   N     484  486 -138.48 -134.00   26.57    1.39  -62.50  164.51   31.03
   15         61A  61A N   CA    486  487  173.19  147.00                  -40.90
   16   2895  61A  62G C   N     489  491  108.44   78.70   61.30    0.92   82.20  134.38    7.81
   16         62G  62G N   CA    491  492  140.30 -166.10                    8.50
   17   2896  62G  63N C   N     493  495  -76.05  -71.20    4.86    0.36  -63.20  176.95   22.84
   17         63N  63N N   CA    495  496  142.42  142.80                  -41.10
   18   2897  63N  64R C   N     501  503  -79.82  -72.10   10.39    0.90  -63.00  176.85   22.80
   18         64R  64R N   CA    503  504  134.95  141.90                  -41.10
   19   2898  64R  65E C   N     512  514  -85.50  -69.30   16.59    1.13  -63.60  174.97   24.55
   19         65E  65E N   CA    514  515  146.10  142.50                  -40.30
   20   2899  65E  66Q C   N     521  523 -143.73 -121.10   33.47    1.11  -63.80  174.69   29.83
   20         66Q  66Q N   CA    523  524  164.36  139.70                  -40.30
   21   2900  66Q  67M C   N     530  532  -71.29  -73.00    4.66    0.29  -63.40  179.34   26.17
   21         67M  67M N   CA    532  533  138.66  143.00                  -40.50
   22   2901  67M  68N C   N     538  540  -71.52  -71.20    7.56    0.48  -63.20  168.76   21.56
   22         68N  68N N   CA    540  541  150.35  142.80                  -41.10
   23   2903  69V  70F C   N     553  555 -124.07 -124.20    5.48    0.26  -63.20 -171.99   30.14
   23         70F  70F N   CA    555  556  137.82  143.30                  -44.30
   24   2904  70F  71Y C   N     564  566 -122.24 -124.30   11.09    0.50  -63.50  177.89   25.54
   24         71Y  71Y N   CA    566  567  124.51  135.40                  -43.40
   25   2905  71Y  72D C   N     576  578 -125.58  -96.50   31.97    1.32  -63.30  178.67   19.23
   25         72D  72D N   CA    578  579  127.47  114.20                  -40.00
   26   2906  72D  73Y C   N     584  586 -121.73 -124.30    3.17    0.16  -63.50 -173.72   26.86
   26         73Y  73Y N   CA    586  587  133.54  135.40                  -43.40
   27   2907  73Y  74L C   N     596  598  -99.63 -108.50   18.66    0.90  -63.50  161.38   20.63
   27         74L  74L N   CA    598  599  116.08  132.50                  -41.20
   28   2908  74L  75R C   N     604  606 -129.19 -125.20    6.78    0.38  -63.00 -171.76   21.85
   28         75R  75R N   CA    606  607  135.12  140.60                  -41.10
   29   2909  75R  76S C   N     615  617 -127.39 -136.60   10.71    0.56  -64.10  179.84   17.49
   29         76S  76S N   CA    617  618  156.66  151.20                  -35.00
   30   2910  76S  77D C   N     621  623  -87.33  -96.50   14.17    0.58  -63.30  166.74   19.24
   30         77D  77D N   CA    623  624  125.00  114.20                  -40.00
   31   2911  77D  78S C   N     629  631 -106.15 -136.60   35.80    1.09  -64.10  172.57   10.76
   31         78S  78S N   CA    631  632  132.37  151.20                  -35.00
   32   2912  78S  79R C   N     635  637 -148.13 -125.20   32.18    0.98  -63.00  177.47   29.72
   32         79R  79R N   CA    637  638  163.18  140.60                  -41.10
   33   2913  79R  80F C   N     646  648  -82.82  -71.40   14.02    0.79  -63.20  168.01   24.65
   33         80F  80F N   CA    648  649  148.84  140.70                  -44.30
   34   2914  80F  81A C   N     657  659  -68.86  -68.20    4.45    0.38  -62.50  178.31   29.54
   34         81A  81A N   CA    659  660  140.90  145.30                  -40.90
   35   2915  81A  82D C   N     662  664 -120.86  -70.90   55.43    3.14  -63.30  156.66   23.06
   35         82D  82D N   CA    664  665  174.30  150.30                  -40.00
   36   2916  82D  83L C   N     670  672  -70.06  -70.70   11.64    0.91  -63.50  165.71   23.39
   36         83L  83L N   CA    672  673  153.22  141.60                  -41.20
   37   2917  83L  84H C   N     678  680  -61.08  -67.60    6.54    0.48  -63.20  178.23   22.15
   37         84H  84H N   CA    680  681  139.48  140.00                  -42.30
   38   2918  84H  85F C   N     688  690  -80.30  -71.40    8.99    0.57  -63.20  174.59   25.40
   38         85F  85F N   CA    690  691  141.94  140.70                  -44.30
   39   2919  85F  86K C   N     699  701 -100.77 -118.00   21.20    1.03  -62.90  171.97   24.56
   39         86K  86K N   CA    701  702  151.45  139.10                  -40.80
   40   2920  86K  87E C   N     708  710  -73.10  -69.30   36.00    2.61  -63.60  141.72   19.42
   40         87E  87E N   CA    710  711  178.30  142.50                  -40.30
   41   2921  87E  88T C   N     717  719  -49.07  -78.10   32.16    1.52  -63.20  178.63   23.84
   41         88T  88T N   CA    719  720  135.97  149.80                  -42.10
   42   2922  88T  89Y C   N     724  726 -132.76 -124.30   32.06    1.38  -63.50  165.46   29.67
   42         89Y  89Y N   CA    726  727  166.33  135.40                  -43.40
   43   2924  90D  91N C   N     744  746  -74.14  -71.20    2.95    0.22  -63.20  176.66   22.69
   43         91N  91N N   CA    746  747  142.58  142.80                  -41.10
   44   2925  91N  92K C   N     752  754 -112.50 -118.00    8.39    0.43  -62.90 -179.31   26.41
   44         92K  92K N   CA    754  755  145.45  139.10                  -40.80
   45   2926  92K  93N C   N     761  763  -80.00  -71.20    8.85    0.62  -63.20  175.94   22.94
   45         93N  93N N   CA    763  764  143.76  142.80                  -41.10


report______> Distribution of short non-bonded contacts:


DISTANCE1:  0.00 2.10 2.20 2.30 2.40 2.50 2.60 2.70 2.80 2.90 3.00 3.10 3.20 3.30 3.40
DISTANCE2:  2.10 2.20 2.30 2.40 2.50 2.60 2.70 2.80 2.90 3.00 3.10 3.20 3.30 3.40 3.50
FREQUENCY:     0    0    0    0    0    5   14   41   37   45   57   66   52   66   85


<< end of ENERGY.
>> Model assessment by DOPE potential
iatmcls_286W> MODEL atom not classified:  PHE:OXT  PHE


>> ENERGY; Differences between the model's features and restraints:
Number of all residues in MODEL                   :       95
Number of all, selected real atoms                :      789     789
Number of all, selected pseudo atoms              :        0       0
Number of all static, selected restraints         :     4493    4493
COVALENT_CYS                                      :        F
NONBONDED_SEL_ATOMS                               :        1
Number of non-bonded pairs (excluding 1-2,1-3,1-4):    51120
Dynamic pairs routine                             : 1, NATM x NATM double loop
Atomic shift for contacts update (UPDATE_DYNAMIC) :    0.390
LENNARD_JONES_SWITCH                              :    6.500   7.500
COULOMB_JONES_SWITCH                              :    6.500   7.500
RESIDUE_SPAN_RANGE                                :        1    9999
NLOGN_USE                                         :       15
CONTACT_SHELL                                     :   15.000
DYNAMIC_PAIRS,_SPHERE,_COULOMB,_LENNARD,_MODELLER :        T       F       F       F       T
SPHERE_STDV                                       :    0.050
RADII_FACTOR                                      :    0.820
Current energy                                    :       -3864.0757




<< end of ENERGY.
DOPE score               : -3864.075684
>> Model assessment by GA341 potential

Surface library          : /Library/modeller-9.16/modlib/surf5.de
Pair library             : /Library/modeller-9.16/modlib/pair9.de
Chain identifier         : _
% sequence identity      :    14.607000
Sequence length          :           95
Compactness              :     0.010425
Native energy (pair)     :    44.403837
Native energy (surface)  :    10.740954
Native energy (combined) :    10.434999
Z score (pair)           :     1.011071
Z score (surface)        :    -1.290331
Z score (combined)       :    -0.202846
GA341 score              :     0.002050

iupac_m_397W> Atoms were not swapped because of the uncertainty of how to handle the H atom.
iupac_m_484W> Dihedral still outside +-90:      -90.5362
iupac_m_397W> Atoms were not swapped because of the uncertainty of how to handle the H atom.
iupac_m_397W> Atoms were not swapped because of the uncertainty of how to handle the H atom.


>> ENERGY; Differences between the model's features and restraints:
Number of all residues in MODEL                   :       95
Number of all, selected real atoms                :      789     789
Number of all, selected pseudo atoms              :        0       0
Number of all static, selected restraints         :     4493    4493
COVALENT_CYS                                      :        F
NONBONDED_SEL_ATOMS                               :        1
Number of non-bonded pairs (excluding 1-2,1-3,1-4):     1055
Dynamic pairs routine                             : 2, NATM x NATM cell sorting
Atomic shift for contacts update (UPDATE_DYNAMIC) :    0.390
LENNARD_JONES_SWITCH                              :    6.500   7.500
COULOMB_JONES_SWITCH                              :    6.500   7.500
RESIDUE_SPAN_RANGE                                :        0   99999
NLOGN_USE                                         :       15
CONTACT_SHELL                                     :    4.000
DYNAMIC_PAIRS,_SPHERE,_COULOMB,_LENNARD,_MODELLER :        T       T       F       F       F
SPHERE_STDV                                       :    0.050
RADII_FACTOR                                      :    0.820
Current energy                                    :         617.0770





Summary of the restraint violations: 

   NUM     ... number of restraints.
   NUMVI   ... number of restraints with RVIOL > VIOL_REPORT_CUT[i].
   RVIOL   ... relative difference from the best value.
   NUMVP   ... number of restraints with -Ln(pdf) > VIOL_REPORT_CUT2[i].
   RMS_1   ... RMS(feature, minimally_violated_basis_restraint, NUMB).
   RMS_2   ... RMS(feature, best_value, NUMB).
   MOL.PDF ... scaled contribution to -Ln(Molecular pdf).

 #                     RESTRAINT_GROUP      NUM   NUMVI  NUMVP   RMS_1   RMS_2         MOL.PDF     S_i
------------------------------------------------------------------------------------------------------
 1 Bond length potential              :     813       0      0   0.004   0.004      3.5778       1.000
 2 Bond angle potential               :    1093       0      0   1.598   1.598      52.735       1.000
 3 Stereochemical cosine torsion poten:     554       0     23  48.830  48.830      207.45       1.000
 4 Stereochemical improper torsion pot:     374       0      0   0.872   0.872      5.7480       1.000
 5 Soft-sphere overlap restraints     :    1055       0      0   0.003   0.003     0.97707       1.000
 6 Lennard-Jones 6-12 potential       :       0       0      0   0.000   0.000      0.0000       1.000
 7 Coulomb point-point electrostatic p:       0       0      0   0.000   0.000      0.0000       1.000
 8 H-bonding potential                :       0       0      0   0.000   0.000      0.0000       1.000
 9 Distance restraints 1 (CA-CA)      :     395       0      2   1.081   1.081      64.383       1.000
10 Distance restraints 2 (N-O)        :     474       0      2   0.828   0.828      56.226       1.000
11 Mainchain Phi dihedral restraints  :       0       0      0   0.000   0.000      0.0000       1.000
12 Mainchain Psi dihedral restraints  :       0       0      0   0.000   0.000      0.0000       1.000
13 Mainchain Omega dihedral restraints:      94       0      0   4.172   4.172      19.297       1.000
14 Sidechain Chi_1 dihedral restraints:      84       0      0  91.057  91.057      36.015       1.000
15 Sidechain Chi_2 dihedral restraints:      73       0      0  75.593  75.593      30.557       1.000
16 Sidechain Chi_3 dihedral restraints:      24       0      0  80.608  80.608      15.990       1.000
17 Sidechain Chi_4 dihedral restraints:      11       0      0  85.750  85.750      8.2386       1.000
18 Disulfide distance restraints      :       0       0      0   0.000   0.000      0.0000       1.000
19 Disulfide angle restraints         :       0       0      0   0.000   0.000      0.0000       1.000
20 Disulfide dihedral angle restraints:       0       0      0   0.000   0.000      0.0000       1.000
21 Lower bound distance restraints    :       0       0      0   0.000   0.000      0.0000       1.000
22 Upper bound distance restraints    :       0       0      0   0.000   0.000      0.0000       1.000
23 Distance restraints 3 (SDCH-MNCH)  :     383       0      0   0.576   0.576      8.1768       1.000
24 Sidechain Chi_5 dihedral restraints:       0       0      0   0.000   0.000      0.0000       1.000
25 Phi/Psi pair of dihedral restraints:      93      44     11  35.110 124.652      103.38       1.000
26 Distance restraints 4 (SDCH-SDCH)  :      28       0      0   1.188   1.188      4.3233       1.000
27 Distance restraints 5 (X-Y)        :       0       0      0   0.000   0.000      0.0000       1.000
28 NMR distance restraints 6 (X-Y)    :       0       0      0   0.000   0.000      0.0000       1.000
29 NMR distance restraints 7 (X-Y)    :       0       0      0   0.000   0.000      0.0000       1.000
30 Minimal distance restraints        :       0       0      0   0.000   0.000      0.0000       1.000
31 Non-bonded restraints              :       0       0      0   0.000   0.000      0.0000       1.000
32 Atomic accessibility restraints    :       0       0      0   0.000   0.000      0.0000       1.000
33 Atomic density restraints          :       0       0      0   0.000   0.000      0.0000       1.000
34 Absolute position restraints       :       0       0      0   0.000   0.000      0.0000       1.000
35 Dihedral angle difference restraint:       0       0      0   0.000   0.000      0.0000       1.000
36 GBSA implicit solvent potential    :       0       0      0   0.000   0.000      0.0000       1.000
37 EM density fitting potential       :       0       0      0   0.000   0.000      0.0000       1.000
38 SAXS restraints                    :       0       0      0   0.000   0.000      0.0000       1.000
39 Symmetry restraints                :       0       0      0   0.000   0.000      0.0000       1.000



# Heavy relative violation of each residue is written to: D1_3koj_05.V99990003
# The profile is NOT normalized by the number of restraints.
# The profiles are smoothed over a window of residues:    1
# The sum of all numbers in the file:   15316.9229



List of the violated restraints:
   A restraint is violated when the relative difference
   from the best value (RVIOL) is larger than CUTOFF.

   ICSR   ... index of a restraint in the current set.
   RESNO  ... residue numbers of the first two atoms.
   ATM    ... IUPAC atom names of the first two atoms.
   FEAT   ... the value of the feature in the model.
   restr  ... the mean of the basis restraint with the smallest
              difference from the model (local minimum).
   viol   ... difference from the local minimum.
   rviol  ... relative difference from the local minimum.
   RESTR  ... the best value (global minimum).
   VIOL   ... difference from the best value.
   RVIOL  ... relative difference from the best value.


-------------------------------------------------------------------------------------------------

Feature 25                           : Phi/Psi pair of dihedral restraints     
List of the RVIOL violations larger than   :       6.5000

    #   ICSR  RESNO1/2 ATM1/2   INDATM1/2    FEAT   restr    viol   rviol   RESTR    VIOL   RVIOL
    1   2835   1M   2G C   N       7    9  -76.82  -80.20   17.14    0.51   82.20 -142.22    7.07
    1          2G   2G N   CA      9   10  157.30  174.10                    8.50
    2   2836   2G   3H C   N      11   13 -127.72 -125.60    6.74    0.21  -63.20 -175.83   27.25
    2          3H   3H N   CA     13   14  145.20  138.80                  -42.30
    3   2837   3H   4H C   N      21   23 -100.47 -125.60   36.79    0.92  -63.20  158.67   17.82
    3          4H   4H N   CA     23   24  111.93  138.80                  -42.30
    4   2838   4H   5H C   N      31   33  -69.61  -67.60   12.05    0.87  -63.20  165.94   21.15
    4          5H   5H N   CA     33   34  151.88  140.00                  -42.30
    5   2839   5H   6H C   N      41   43 -107.98 -125.60   55.14    2.38  -63.20  134.34   19.73
    5          6H   6H N   CA     43   44 -168.96  138.80                  -42.30
    6   2844  10H  11M C   N      87   89  -71.14  -63.40   10.04    1.35 -125.60 -177.09    7.46
    6         11M  11M N   CA     89   90  -34.12  -40.50                  140.50
    7   2863  29F  30R C   N     247  249  -64.11 -125.20   61.10    2.43  -63.00  179.21   24.28
    7         30R  30R N   CA    249  250  139.70  140.60                  -41.10
    8   2864  30R  31S C   N     258  260   55.77  -72.40  146.30    8.02  -64.10  167.42   20.69
    8         31S  31S N   CA    260  261   81.87  152.40                  -35.00
    9   2865  31S  32L C   N     264  266  -55.11  -70.70   57.07    3.78  -63.50  128.18   18.29
    9         32L  32L N   CA    266  267   86.70  141.60                  -41.20
   10   2887  53H  54E C   N     437  439  -87.32  -69.30   20.28    1.81  -63.60  175.11   22.13
   10         54E  54E N   CA    439  440  133.19  142.50                  -40.30
   11   2888  54E  55G C   N     446  448 -145.92 -167.20   41.51    1.20   82.20 -174.49   14.24
   11         55G  55G N   CA    448  449  138.96  174.60                    8.50
   12   2890  56V  57N C   N     457  459 -112.75 -119.90   10.96    0.60  -63.20 -179.47   25.39
   12         57N  57N N   CA    459  460  145.31  137.00                  -41.10
   13   2891  57N  58G C   N     465  467 -121.93  -80.20   45.36    3.34   82.20 -145.19   16.55
   13         58G  58G N   CA    467  468  156.32  174.10                    8.50
   14   2892  58G  59G C   N     469  471   96.83   78.70   49.68    0.78   82.20  139.91    7.52
   14         59G  59G N   CA    471  472  147.64 -166.10                    8.50
   15   2893  59G  60F C   N     473  475 -108.25 -124.20   17.46    0.87  -63.20  171.32   26.80
   15         60F  60F N   CA    475  476  150.41  143.30                  -44.30
   16   2894  60F  61A C   N     484  486  -64.29  -68.20    7.11    0.45  -62.50  179.74   29.54
   16         61A  61A N   CA    486  487  139.37  145.30                  -40.90
   17   2896  62G  63N C   N     493  495 -138.56 -119.90   20.50    0.65  -63.20 -170.92   27.91
   17         63N  63N N   CA    495  496  145.49  137.00                  -41.10
   18   2897  63N  64R C   N     501  503 -120.54 -125.20   16.87    0.70  -63.00  175.20   20.48
   18         64R  64R N   CA    503  504  124.38  140.60                  -41.10
   19   2898  64R  65E C   N     512  514  -80.96  -69.30   11.98    0.81  -63.60  175.31   24.34
   19         65E  65E N   CA    514  515  145.25  142.50                  -40.30
   20   2899  65E  66Q C   N     521  523 -115.11 -121.10   12.49    0.47  -63.80  176.66   23.61
   20         66Q  66Q N   CA    523  524  128.74  139.70                  -40.30
   21   2900  66Q  67M C   N     530  532 -115.42 -125.60   11.60    0.35  -63.40 -177.00   23.82
   21         67M  67M N   CA    532  533  134.94  140.50                  -40.50
   22   2901  67M  68N C   N     538  540  -76.40  -71.20   25.19    1.76  -63.20  159.80   19.28
   22         68N  68N N   CA    540  541  118.15  142.80                  -41.10
   23   2903  69V  70F C   N     553  555 -125.68 -124.20    8.24    0.42  -63.20 -169.94   22.66
   23         70F  70F N   CA    555  556  135.19  143.30                  -44.30
   24   2904  70F  71Y C   N     564  566 -125.15 -124.30    1.23    0.10  -63.50 -171.70   27.05
   24         71Y  71Y N   CA    566  567  134.52  135.40                  -43.40
   25   2905  71Y  72D C   N     576  578 -141.50  -96.50   46.32    1.88  -63.30  163.18   17.31
   25         72D  72D N   CA    578  579  103.22  114.20                  -40.00
   26   2906  72D  73Y C   N     584  586 -106.33  -98.40   29.71    3.02  -63.50  149.44   21.70
   26         73Y  73Y N   CA    586  587   99.77  128.40                  -43.40
   27   2907  73Y  74L C   N     596  598 -141.82 -108.50   42.93    1.91  -63.50  177.44   29.48
   27         74L  74L N   CA    598  599  159.58  132.50                  -41.20
   28   2908  74L  75R C   N     604  606 -148.00 -125.20   24.67    1.22  -63.00 -167.89   21.86
   28         75R  75R N   CA    606  607  131.18  140.60                  -41.10
   29   2909  75R  76S C   N     615  617  -94.39  -72.40   24.14    1.39  -64.10  165.43   14.01
   29         76S  76S N   CA    617  618  162.36  152.40                  -35.00
   30   2910  76S  77D C   N     621  623 -122.77  -96.50   29.54    1.22  -63.30  177.94   19.21
   30         77D  77D N   CA    623  624  127.71  114.20                  -40.00
   31   2911  77D  78S C   N     629  631 -106.78 -136.60   38.80    1.21  -64.10  166.92   10.37
   31         78S  78S N   CA    631  632  126.37  151.20                  -35.00
   32   2912  78S  79R C   N     635  637 -119.52 -125.20    8.91    0.49  -63.00 -179.48   28.29
   32         79R  79R N   CA    637  638  147.45  140.60                  -41.10
   33   2913  79R  80F C   N     646  648 -109.51 -124.20   22.31    0.62  -63.20  176.98   21.70
   33         80F  80F N   CA    648  649  126.51  143.30                  -44.30
   34   2914  80F  81A C   N     657  659 -103.72 -134.00   38.78    1.03  -62.50  168.77   25.96
   34         81A  81A N   CA    659  660  122.76  147.00                  -40.90
   35   2916  82D  83L C   N     670  672  -89.62 -108.50   30.90    1.43  -63.50  151.51   19.69
   35         83L  83L N   CA    672  673  108.04  132.50                  -41.20
   36   2917  83L  84H C   N     678  680 -118.84 -125.60   29.60    1.24  -63.20  160.07   23.65
   36         84H  84H N   CA    680  681  167.62  138.80                  -42.30
   37   2918  84H  85F C   N     688  690  -73.45  -71.40   10.83    0.92  -63.20  174.67   23.57
   37         85F  85F N   CA    690  691  130.07  140.70                  -44.30
   38   2919  85F  86K C   N     699  701 -119.80 -118.00   20.92    1.04  -62.90  168.93   19.63
   38         86K  86K N   CA    701  702  118.26  139.10                  -40.80
   39   2920  86K  87E C   N     708  710 -172.74 -117.80   57.35    2.52  -63.60 -165.80   22.46
   39         87E  87E N   CA    710  711  120.33  136.80                  -40.30
   40   2921  87E  88T C   N     717  719 -119.16 -124.80   20.09    0.70  -63.20  175.48   19.37
   40         88T  88T N   CA    719  720  124.21  143.50                  -42.10
   41   2922  88T  89Y C   N     724  726 -120.56 -124.30   11.57    0.48  -63.50  177.29   25.51
   41         89Y  89Y N   CA    726  727  124.45  135.40                  -43.40
   42   2925  91N  92K C   N     752  754  -80.62  -70.20   15.08    1.26  -62.90  171.22   21.33
   42         92K  92K N   CA    754  755  129.50  140.40                  -40.80
   43   2926  92K  93N C   N     761  763 -146.92 -119.90   44.78    1.37  -63.20  168.47   25.73
   43         93N  93N N   CA    763  764  172.70  137.00                  -41.10
   44   2927  93N  94P C   N     769  771  -66.67  -58.70   14.89    0.89  -64.50  165.14   12.44
   44         94P  94P N   CA    771  772  -17.93  -30.50                  147.20


report______> Distribution of short non-bonded contacts:


DISTANCE1:  0.00 2.10 2.20 2.30 2.40 2.50 2.60 2.70 2.80 2.90 3.00 3.10 3.20 3.30 3.40
DISTANCE2:  2.10 2.20 2.30 2.40 2.50 2.60 2.70 2.80 2.90 3.00 3.10 3.20 3.30 3.40 3.50
FREQUENCY:     0    0    0    0    0    5    7   28   33   44   45   54   63   55   79


<< end of ENERGY.
>> Model assessment by DOPE potential
iatmcls_286W> MODEL atom not classified:  PHE:OXT  PHE


>> ENERGY; Differences between the model's features and restraints:
Number of all residues in MODEL                   :       95
Number of all, selected real atoms                :      789     789
Number of all, selected pseudo atoms              :        0       0
Number of all static, selected restraints         :     4493    4493
COVALENT_CYS                                      :        F
NONBONDED_SEL_ATOMS                               :        1
Number of non-bonded pairs (excluding 1-2,1-3,1-4):    51506
Dynamic pairs routine                             : 1, NATM x NATM double loop
Atomic shift for contacts update (UPDATE_DYNAMIC) :    0.390
LENNARD_JONES_SWITCH                              :    6.500   7.500
COULOMB_JONES_SWITCH                              :    6.500   7.500
RESIDUE_SPAN_RANGE                                :        1    9999
NLOGN_USE                                         :       15
CONTACT_SHELL                                     :   15.000
DYNAMIC_PAIRS,_SPHERE,_COULOMB,_LENNARD,_MODELLER :        T       F       F       F       T
SPHERE_STDV                                       :    0.050
RADII_FACTOR                                      :    0.820
Current energy                                    :       -4012.1079




<< end of ENERGY.
DOPE score               : -4012.107910
>> Model assessment by GA341 potential

Surface library          : /Library/modeller-9.16/modlib/surf5.de
Pair library             : /Library/modeller-9.16/modlib/pair9.de
Chain identifier         : _
% sequence identity      :    14.607000
Sequence length          :           95
Compactness              :     0.012704
Native energy (pair)     :    21.808188
Native energy (surface)  :    10.847345
Native energy (combined) :     7.135807
Z score (pair)           :     0.089422
Z score (surface)        :    -0.496829
Z score (combined)       :    -0.313586
GA341 score              :     0.002323



>> ENERGY; Differences between the model's features and restraints:
Number of all residues in MODEL                   :       95
Number of all, selected real atoms                :      789     789
Number of all, selected pseudo atoms              :        0       0
Number of all static, selected restraints         :     4493    4493
COVALENT_CYS                                      :        F
NONBONDED_SEL_ATOMS                               :        1
Number of non-bonded pairs (excluding 1-2,1-3,1-4):     1126
Dynamic pairs routine                             : 2, NATM x NATM cell sorting
Atomic shift for contacts update (UPDATE_DYNAMIC) :    0.390
LENNARD_JONES_SWITCH                              :    6.500   7.500
COULOMB_JONES_SWITCH                              :    6.500   7.500
RESIDUE_SPAN_RANGE                                :        0   99999
NLOGN_USE                                         :       15
CONTACT_SHELL                                     :    4.000
DYNAMIC_PAIRS,_SPHERE,_COULOMB,_LENNARD,_MODELLER :        T       T       F       F       F
SPHERE_STDV                                       :    0.050
RADII_FACTOR                                      :    0.820
Current energy                                    :         569.3664





Summary of the restraint violations: 

   NUM     ... number of restraints.
   NUMVI   ... number of restraints with RVIOL > VIOL_REPORT_CUT[i].
   RVIOL   ... relative difference from the best value.
   NUMVP   ... number of restraints with -Ln(pdf) > VIOL_REPORT_CUT2[i].
   RMS_1   ... RMS(feature, minimally_violated_basis_restraint, NUMB).
   RMS_2   ... RMS(feature, best_value, NUMB).
   MOL.PDF ... scaled contribution to -Ln(Molecular pdf).

 #                     RESTRAINT_GROUP      NUM   NUMVI  NUMVP   RMS_1   RMS_2         MOL.PDF     S_i
------------------------------------------------------------------------------------------------------
 1 Bond length potential              :     813       0      0   0.003   0.003      2.4831       1.000
 2 Bond angle potential               :    1093       0      0   1.383   1.383      39.650       1.000
 3 Stereochemical cosine torsion poten:     554       0     18  48.372  48.372      198.55       1.000
 4 Stereochemical improper torsion pot:     374       0      0   0.795   0.795      5.0709       1.000
 5 Soft-sphere overlap restraints     :    1126       0      0   0.002   0.002     0.52388       1.000
 6 Lennard-Jones 6-12 potential       :       0       0      0   0.000   0.000      0.0000       1.000
 7 Coulomb point-point electrostatic p:       0       0      0   0.000   0.000      0.0000       1.000
 8 H-bonding potential                :       0       0      0   0.000   0.000      0.0000       1.000
 9 Distance restraints 1 (CA-CA)      :     395       0      3   1.102   1.102      68.051       1.000
10 Distance restraints 2 (N-O)        :     474       0      2   0.865   0.865      56.937       1.000
11 Mainchain Phi dihedral restraints  :       0       0      0   0.000   0.000      0.0000       1.000
12 Mainchain Psi dihedral restraints  :       0       0      0   0.000   0.000      0.0000       1.000
13 Mainchain Omega dihedral restraints:      94       0      0   3.093   3.093      10.604       1.000
14 Sidechain Chi_1 dihedral restraints:      84       0      1  97.942  97.942      33.017       1.000
15 Sidechain Chi_2 dihedral restraints:      73       0      0  77.776  77.776      31.364       1.000
16 Sidechain Chi_3 dihedral restraints:      24       0      0  94.200  94.200      15.888       1.000
17 Sidechain Chi_4 dihedral restraints:      11       0      0  96.363  96.363      6.9060       1.000
18 Disulfide distance restraints      :       0       0      0   0.000   0.000      0.0000       1.000
19 Disulfide angle restraints         :       0       0      0   0.000   0.000      0.0000       1.000
20 Disulfide dihedral angle restraints:       0       0      0   0.000   0.000      0.0000       1.000
21 Lower bound distance restraints    :       0       0      0   0.000   0.000      0.0000       1.000
22 Upper bound distance restraints    :       0       0      0   0.000   0.000      0.0000       1.000
23 Distance restraints 3 (SDCH-MNCH)  :     383       0      0   0.558   0.558      6.5079       1.000
24 Sidechain Chi_5 dihedral restraints:       0       0      0   0.000   0.000      0.0000       1.000
25 Phi/Psi pair of dihedral restraints:      93      44      9  33.001 124.150      90.550       1.000
26 Distance restraints 4 (SDCH-SDCH)  :      28       0      0   1.049   1.049      3.2611       1.000
27 Distance restraints 5 (X-Y)        :       0       0      0   0.000   0.000      0.0000       1.000
28 NMR distance restraints 6 (X-Y)    :       0       0      0   0.000   0.000      0.0000       1.000
29 NMR distance restraints 7 (X-Y)    :       0       0      0   0.000   0.000      0.0000       1.000
30 Minimal distance restraints        :       0       0      0   0.000   0.000      0.0000       1.000
31 Non-bonded restraints              :       0       0      0   0.000   0.000      0.0000       1.000
32 Atomic accessibility restraints    :       0       0      0   0.000   0.000      0.0000       1.000
33 Atomic density restraints          :       0       0      0   0.000   0.000      0.0000       1.000
34 Absolute position restraints       :       0       0      0   0.000   0.000      0.0000       1.000
35 Dihedral angle difference restraint:       0       0      0   0.000   0.000      0.0000       1.000
36 GBSA implicit solvent potential    :       0       0      0   0.000   0.000      0.0000       1.000
37 EM density fitting potential       :       0       0      0   0.000   0.000      0.0000       1.000
38 SAXS restraints                    :       0       0      0   0.000   0.000      0.0000       1.000
39 Symmetry restraints                :       0       0      0   0.000   0.000      0.0000       1.000



# Heavy relative violation of each residue is written to: D1_3koj_05.V99990004
# The profile is NOT normalized by the number of restraints.
# The profiles are smoothed over a window of residues:    1
# The sum of all numbers in the file:   15720.3018



List of the violated restraints:
   A restraint is violated when the relative difference
   from the best value (RVIOL) is larger than CUTOFF.

   ICSR   ... index of a restraint in the current set.
   RESNO  ... residue numbers of the first two atoms.
   ATM    ... IUPAC atom names of the first two atoms.
   FEAT   ... the value of the feature in the model.
   restr  ... the mean of the basis restraint with the smallest
              difference from the model (local minimum).
   viol   ... difference from the local minimum.
   rviol  ... relative difference from the local minimum.
   RESTR  ... the best value (global minimum).
   VIOL   ... difference from the best value.
   RVIOL  ... relative difference from the best value.


-------------------------------------------------------------------------------------------------

Feature 25                           : Phi/Psi pair of dihedral restraints     
List of the RVIOL violations larger than   :       6.5000

    #   ICSR  RESNO1/2 ATM1/2   INDATM1/2    FEAT   restr    viol   rviol   RESTR    VIOL   RVIOL
    1   2835   1M   2G C   N       7    9 -171.75 -167.20   13.22    0.54   82.20 -173.28   13.65
    1          2G   2G N   CA      9   10  162.18  174.60                    8.50
    2   2837   3H   4H C   N      21   23 -108.09 -125.60   19.03    0.80  -63.20  177.22   25.09
    2          4H   4H N   CA     23   24  146.26  138.80                  -42.30
    3   2838   4H   5H C   N      31   33 -107.62 -125.60   22.82    1.02  -63.20  170.73   24.25
    3          5H   5H N   CA     33   34  152.85  138.80                  -42.30
    4   2839   5H   6H C   N      41   43 -111.99 -125.60   32.13    1.42  -63.20  157.54   22.89
    4          6H   6H N   CA     43   44  167.91  138.80                  -42.30
    5   2844  10H  11M C   N      87   89  -65.00  -63.40    4.82    0.85 -125.60 -175.33    9.81
    5         11M  11M N   CA     89   90  -45.05  -40.50                  140.50
    6   2865  31S  32L C   N     264  266   69.66   60.20   16.06    0.66  -63.50  145.17   26.72
    6         32L  32L N   CA    266  267   16.62   29.60                  -41.20
    7   2887  53H  54E C   N     437  439  -85.31  -69.30   24.44    1.37  -63.60  160.21   22.58
    7         54E  54E N   CA    439  440  160.97  142.50                  -40.30
    8   2888  54E  55G C   N     446  448  -86.75  -80.20   16.57    0.39   82.20 -113.73   18.78
    8         55G  55G N   CA    448  449 -170.68  174.10                    8.50
    9   2890  56V  57N C   N     457  459  -91.03  -71.20   40.12    3.09  -63.20  151.60   17.56
    9         57N  57N N   CA    459  460  107.92  142.80                  -41.10
   10   2891  57N  58G C   N     465  467   74.92   78.70    4.08    0.16   82.20  173.22    8.78
   10         58G  58G N   CA    467  468 -164.56 -166.10                    8.50
   11   2892  58G  59G C   N     469  471 -177.35 -167.20   10.22    0.22   82.20 -166.89   13.81
   11         59G  59G N   CA    471  472  173.43  174.60                    8.50
   12   2893  59G  60F C   N     473  475 -130.62 -124.20   10.95    0.33  -63.20  176.88   28.97
   12         60F  60F N   CA    475  476  152.17  143.30                  -44.30
   13   2894  60F  61A C   N     484  486 -145.54 -134.00   18.38    0.63  -62.50  178.31   33.66
   13         61A  61A N   CA    486  487  161.30  147.00                  -40.90
   14   2895  61A  62G C   N     489  491  100.54   78.70   61.40    0.97   82.20  129.32    7.19
   14         62G  62G N   CA    491  492  136.52 -166.10                    8.50
   15   2896  62G  63N C   N     493  495 -153.23 -119.90   37.80    1.15  -63.20 -172.85   28.43
   15         63N  63N N   CA    495  496  154.83  137.00                  -41.10
   16   2897  63N  64R C   N     501  503 -127.80 -125.20    3.20    0.17  -63.00 -168.85   22.28
   16         64R  64R N   CA    503  504  138.73  140.60                  -41.10
   17   2898  64R  65E C   N     512  514  -87.22  -69.30   20.35    1.21  -63.60  169.21   23.89
   17         65E  65E N   CA    514  515  152.15  142.50                  -40.30
   18   2899  65E  66Q C   N     521  523  -89.85  -73.00   18.78    1.17  -63.80  172.67   26.78
   18         66Q  66Q N   CA    523  524  149.00  140.70                  -40.30
   19   2900  66Q  67M C   N     530  532 -101.36 -125.60   30.07    1.58  -63.40  165.61   27.76
   19         67M  67M N   CA    532  533  158.30  140.50                  -40.50
   20   2901  67M  68N C   N     538  540  -95.09 -119.90   25.19    0.94  -63.20  176.67   20.49
   20         68N  68N N   CA    540  541  132.67  137.00                  -41.10
   21   2903  69V  70F C   N     553  555 -144.81 -124.20   23.44    0.63  -63.20 -179.31   30.33
   21         70F  70F N   CA    555  556  154.48  143.30                  -44.30
   22   2904  70F  71Y C   N     564  566 -113.23 -124.30   14.51    0.68  -63.50  176.57   25.68
   22         71Y  71Y N   CA    566  567  126.02  135.40                  -43.40
   23   2905  71Y  72D C   N     576  578 -137.12  -96.50   48.46    2.01  -63.30 -166.03   28.71
   23         72D  72D N   CA    578  579  140.63  114.20                  -40.00
   24   2906  72D  73Y C   N     584  586 -108.35  -98.40   13.00    0.93  -63.50  169.48   24.76
   24         73Y  73Y N   CA    586  587  120.04  128.40                  -43.40
   25   2907  73Y  74L C   N     596  598  -84.17  -70.70   19.81    1.96  -63.50  169.53   22.44
   25         74L  74L N   CA    598  599  127.07  141.60                  -41.20
   26   2908  74L  75R C   N     604  606 -163.07 -125.20   41.15    1.28  -63.00 -169.42   32.43
   26         75R  75R N   CA    606  607  156.71  140.60                  -41.10
   27   2909  75R  76S C   N     615  617 -112.99 -136.60   35.53    1.18  -64.10  166.96   10.30
   27         76S  76S N   CA    617  618  124.64  151.20                  -35.00
   28   2910  76S  77D C   N     621  623 -122.71  -96.50   48.05    1.98  -63.30  128.49   13.63
   28         77D  77D N   CA    623  624   73.93  114.20                  -40.00
   29   2912  78S  79R C   N     635  637  168.63 -125.20   71.10    2.25  -63.00 -160.84   35.13
   29         79R  79R N   CA    637  638  166.63  140.60                  -41.10
   30   2913  79R  80F C   N     646  648 -126.01 -124.20   10.96    0.56  -63.20 -172.38   22.32
   30         80F  80F N   CA    648  649  132.49  143.30                  -44.30
   31   2914  80F  81A C   N     657  659 -101.68  -68.20   41.23    4.06  -62.50  166.81   25.71
   31         81A  81A N   CA    659  660  121.24  145.30                  -40.90
   32   2915  81A  82D C   N     662  664 -129.67  -96.50   33.20    1.36  -63.30  169.12   18.05
   32         82D  82D N   CA    664  665  115.56  114.20                  -40.00
   33   2916  82D  83L C   N     670  672  -94.49 -108.50   28.27    1.35  -63.50  152.33   19.60
   33         83L  83L N   CA    672  673  107.95  132.50                  -41.20
   34   2917  83L  84H C   N     678  680   61.11  -67.60  133.77   11.09  -63.20 -171.86   20.70
   34         84H  84H N   CA    680  681  176.47  140.00                  -42.30
   35   2918  84H  85F C   N     688  690  -76.57  -71.40    5.71    0.33  -63.20  173.09   24.94
   35         85F  85F N   CA    690  691  143.13  140.70                  -44.30
   36   2919  85F  86K C   N     699  701  -60.56  -70.20   11.57    0.71  -62.90  174.80   22.83
   36         86K  86K N   CA    701  702  133.98  140.40                  -40.80
   37   2920  86K  87E C   N     708  710  -72.78  -69.30    5.83    0.33  -63.60  172.77   23.54
   37         87E  87E N   CA    710  711  147.17  142.50                  -40.30
   38   2921  87E  88T C   N     717  719  -94.68  -78.10   22.86    1.48  -63.20  178.95   21.01
   38         88T  88T N   CA    719  720  134.06  149.80                  -42.10
   39   2922  88T  89Y C   N     724  726  -87.60  -98.40   13.58    1.01  -63.50  165.33   25.04
   39         89Y  89Y N   CA    726  727  120.16  128.40                  -43.40
   40   2923  89Y  90D C   N     736  738  -87.28  -70.90   25.82    0.95  -63.30  151.66   20.24
   40         90D  90D N   CA    738  739  170.25  150.30                  -40.00
   41   2924  90D  91N C   N     744  746  -85.95  -71.20   29.43    1.57  -63.20  152.34   20.33
   41         91N  91N N   CA    746  747  168.27  142.80                  -41.10
   42   2925  91N  92K C   N     752  754  -61.64  -70.20    8.57    0.64  -62.90  178.32   23.09
   42         92K  92K N   CA    754  755  140.89  140.40                  -40.80
   43   2926  92K  93N C   N     761  763 -113.31 -119.90    7.91    0.23  -63.20 -179.19   20.26
   43         93N  93N N   CA    763  764  132.63  137.00                  -41.10
   44   2927  93N  94P C   N     769  771  -65.59  -58.70    7.62    0.74  -64.50  174.45   13.07
   44         94P  94P N   CA    771  772  -27.25  -30.50                  147.20


report______> Distribution of short non-bonded contacts:


DISTANCE1:  0.00 2.10 2.20 2.30 2.40 2.50 2.60 2.70 2.80 2.90 3.00 3.10 3.20 3.30 3.40
DISTANCE2:  2.10 2.20 2.30 2.40 2.50 2.60 2.70 2.80 2.90 3.00 3.10 3.20 3.30 3.40 3.50
FREQUENCY:     0    0    0    0    0    2   11   41   35   49   44   62   75   84   73


<< end of ENERGY.
>> Model assessment by DOPE potential
iatmcls_286W> MODEL atom not classified:  PHE:OXT  PHE


>> ENERGY; Differences between the model's features and restraints:
Number of all residues in MODEL                   :       95
Number of all, selected real atoms                :      789     789
Number of all, selected pseudo atoms              :        0       0
Number of all static, selected restraints         :     4493    4493
COVALENT_CYS                                      :        F
NONBONDED_SEL_ATOMS                               :        1
Number of non-bonded pairs (excluding 1-2,1-3,1-4):    52744
Dynamic pairs routine                             : 1, NATM x NATM double loop
Atomic shift for contacts update (UPDATE_DYNAMIC) :    0.390
LENNARD_JONES_SWITCH                              :    6.500   7.500
COULOMB_JONES_SWITCH                              :    6.500   7.500
RESIDUE_SPAN_RANGE                                :        1    9999
NLOGN_USE                                         :       15
CONTACT_SHELL                                     :   15.000
DYNAMIC_PAIRS,_SPHERE,_COULOMB,_LENNARD,_MODELLER :        T       F       F       F       T
SPHERE_STDV                                       :    0.050
RADII_FACTOR                                      :    0.820
Current energy                                    :       -3930.7021




<< end of ENERGY.
DOPE score               : -3930.702148
>> Model assessment by GA341 potential

Surface library          : /Library/modeller-9.16/modlib/surf5.de
Pair library             : /Library/modeller-9.16/modlib/pair9.de
Chain identifier         : _
% sequence identity      :    14.607000
Sequence length          :           95
Compactness              :     0.010718
Native energy (pair)     :    36.878863
Native energy (surface)  :     7.555503
Native energy (combined) :     7.093171
Z score (pair)           :     0.867540
Z score (surface)        :    -2.224827
Z score (combined)       :    -1.023844
GA341 score              :     0.004662

iupac_m_397W> Atoms were not swapped because of the uncertainty of how to handle the H atom.
iupac_m_397W> Atoms were not swapped because of the uncertainty of how to handle the H atom.
iupac_m_397W> Atoms were not swapped because of the uncertainty of how to handle the H atom.
iupac_m_397W> Atoms were not swapped because of the uncertainty of how to handle the H atom.


>> ENERGY; Differences between the model's features and restraints:
Number of all residues in MODEL                   :       95
Number of all, selected real atoms                :      789     789
Number of all, selected pseudo atoms              :        0       0
Number of all static, selected restraints         :     4493    4493
COVALENT_CYS                                      :        F
NONBONDED_SEL_ATOMS                               :        1
Number of non-bonded pairs (excluding 1-2,1-3,1-4):     1041
Dynamic pairs routine                             : 2, NATM x NATM cell sorting
Atomic shift for contacts update (UPDATE_DYNAMIC) :    0.390
LENNARD_JONES_SWITCH                              :    6.500   7.500
COULOMB_JONES_SWITCH                              :    6.500   7.500
RESIDUE_SPAN_RANGE                                :        0   99999
NLOGN_USE                                         :       15
CONTACT_SHELL                                     :    4.000
DYNAMIC_PAIRS,_SPHERE,_COULOMB,_LENNARD,_MODELLER :        T       T       F       F       F
SPHERE_STDV                                       :    0.050
RADII_FACTOR                                      :    0.820
Current energy                                    :         672.3753





Summary of the restraint violations: 

   NUM     ... number of restraints.
   NUMVI   ... number of restraints with RVIOL > VIOL_REPORT_CUT[i].
   RVIOL   ... relative difference from the best value.
   NUMVP   ... number of restraints with -Ln(pdf) > VIOL_REPORT_CUT2[i].
   RMS_1   ... RMS(feature, minimally_violated_basis_restraint, NUMB).
   RMS_2   ... RMS(feature, best_value, NUMB).
   MOL.PDF ... scaled contribution to -Ln(Molecular pdf).

 #                     RESTRAINT_GROUP      NUM   NUMVI  NUMVP   RMS_1   RMS_2         MOL.PDF     S_i
------------------------------------------------------------------------------------------------------
 1 Bond length potential              :     813       0      0   0.005   0.005      5.0032       1.000
 2 Bond angle potential               :    1093       0      3   1.901   1.901      72.989       1.000
 3 Stereochemical cosine torsion poten:     554       0     23  50.679  50.679      216.82       1.000
 4 Stereochemical improper torsion pot:     374       0      0   1.110   1.110      9.8318       1.000
 5 Soft-sphere overlap restraints     :    1041       0      0   0.002   0.002     0.32880       1.000
 6 Lennard-Jones 6-12 potential       :       0       0      0   0.000   0.000      0.0000       1.000
 7 Coulomb point-point electrostatic p:       0       0      0   0.000   0.000      0.0000       1.000
 8 H-bonding potential                :       0       0      0   0.000   0.000      0.0000       1.000
 9 Distance restraints 1 (CA-CA)      :     395       0      5   1.089   1.089      72.198       1.000
10 Distance restraints 2 (N-O)        :     474       0      2   0.862   0.862      63.094       1.000
11 Mainchain Phi dihedral restraints  :       0       0      0   0.000   0.000      0.0000       1.000
12 Mainchain Psi dihedral restraints  :       0       0      0   0.000   0.000      0.0000       1.000
13 Mainchain Omega dihedral restraints:      94       0      0   4.001   4.001      17.745       1.000
14 Sidechain Chi_1 dihedral restraints:      84       0      0  93.054  93.054      37.298       1.000
15 Sidechain Chi_2 dihedral restraints:      73       0      1  72.534  72.534      33.763       1.000
16 Sidechain Chi_3 dihedral restraints:      24       0      0  93.146  93.146      21.880       1.000
17 Sidechain Chi_4 dihedral restraints:      11       0      0  77.712  77.712      7.5741       1.000
18 Disulfide distance restraints      :       0       0      0   0.000   0.000      0.0000       1.000
19 Disulfide angle restraints         :       0       0      0   0.000   0.000      0.0000       1.000
20 Disulfide dihedral angle restraints:       0       0      0   0.000   0.000      0.0000       1.000
21 Lower bound distance restraints    :       0       0      0   0.000   0.000      0.0000       1.000
22 Upper bound distance restraints    :       0       0      0   0.000   0.000      0.0000       1.000
23 Distance restraints 3 (SDCH-MNCH)  :     383       0      0   0.512   0.512      6.8797       1.000
24 Sidechain Chi_5 dihedral restraints:       0       0      0   0.000   0.000      0.0000       1.000
25 Phi/Psi pair of dihedral restraints:      93      44     17  32.315 122.447      104.15       1.000
26 Distance restraints 4 (SDCH-SDCH)  :      28       0      0   1.033   1.033      2.8277       1.000
27 Distance restraints 5 (X-Y)        :       0       0      0   0.000   0.000      0.0000       1.000
28 NMR distance restraints 6 (X-Y)    :       0       0      0   0.000   0.000      0.0000       1.000
29 NMR distance restraints 7 (X-Y)    :       0       0      0   0.000   0.000      0.0000       1.000
30 Minimal distance restraints        :       0       0      0   0.000   0.000      0.0000       1.000
31 Non-bonded restraints              :       0       0      0   0.000   0.000      0.0000       1.000
32 Atomic accessibility restraints    :       0       0      0   0.000   0.000      0.0000       1.000
33 Atomic density restraints          :       0       0      0   0.000   0.000      0.0000       1.000
34 Absolute position restraints       :       0       0      0   0.000   0.000      0.0000       1.000
35 Dihedral angle difference restraint:       0       0      0   0.000   0.000      0.0000       1.000
36 GBSA implicit solvent potential    :       0       0      0   0.000   0.000      0.0000       1.000
37 EM density fitting potential       :       0       0      0   0.000   0.000      0.0000       1.000
38 SAXS restraints                    :       0       0      0   0.000   0.000      0.0000       1.000
39 Symmetry restraints                :       0       0      0   0.000   0.000      0.0000       1.000



# Heavy relative violation of each residue is written to: D1_3koj_05.V99990005
# The profile is NOT normalized by the number of restraints.
# The profiles are smoothed over a window of residues:    1
# The sum of all numbers in the file:   15736.8623



List of the violated restraints:
   A restraint is violated when the relative difference
   from the best value (RVIOL) is larger than CUTOFF.

   ICSR   ... index of a restraint in the current set.
   RESNO  ... residue numbers of the first two atoms.
   ATM    ... IUPAC atom names of the first two atoms.
   FEAT   ... the value of the feature in the model.
   restr  ... the mean of the basis restraint with the smallest
              difference from the model (local minimum).
   viol   ... difference from the local minimum.
   rviol  ... relative difference from the local minimum.
   RESTR  ... the best value (global minimum).
   VIOL   ... difference from the best value.
   RVIOL  ... relative difference from the best value.


-------------------------------------------------------------------------------------------------

Feature 25                           : Phi/Psi pair of dihedral restraints     
List of the RVIOL violations larger than   :       6.5000

    #   ICSR  RESNO1/2 ATM1/2   INDATM1/2    FEAT   restr    viol   rviol   RESTR    VIOL   RVIOL
    1   2835   1M   2G C   N       7    9   66.88   78.70   12.28    0.52   82.20  171.97    9.11
    1          2G   2G N   CA      9   10 -162.78 -166.10                    8.50
    2   2836   2G   3H C   N      11   13  -60.78  -67.60   14.64    0.92  -63.20  169.36   21.32
    2          3H   3H N   CA     13   14  127.04  140.00                  -42.30
    3   2837   3H   4H C   N      21   23 -159.86 -125.60   83.08    2.44  -63.20  141.42   23.59
    3          4H   4H N   CA     23   24 -145.52  138.80                  -42.30
    4   2838   4H   5H C   N      31   33  -75.65  -67.60   17.27    1.09  -63.20  162.89   21.16
    4          5H   5H N   CA     33   34  155.28  140.00                  -42.30
    5   2839   5H   6H C   N      41   43  -91.38  -67.60   25.36    1.64  -63.20  171.24   23.23
    5          6H   6H N   CA     43   44  148.79  140.00                  -42.30
    6   2864  30R  31S C   N     258  260  -73.03  -72.40   31.04    1.85  -64.10  156.63   10.85
    6         31S  31S N   CA    260  261  121.37  152.40                  -35.00
    7   2865  31S  32L C   N     264  266  -58.67  -70.70   34.73    2.24  -63.50  150.30   21.15
    7         32L  32L N   CA    266  267  109.02  141.60                  -41.20
    8   2866  32L  33R C   N     272  274 -161.93 -125.20  111.31    4.46  -63.00  123.08   22.38
    8         33R  33R N   CA    274  275 -114.33  140.60                  -41.10
    9   2888  54E  55G C   N     446  448   84.83   78.70   10.43    0.18   82.20  176.97    8.72
    9         55G  55G N   CA    448  449 -174.55 -166.10                    8.50
   10   2890  56V  57N C   N     457  459 -122.20 -119.90    5.87    0.31  -63.20 -177.51   20.17
   10         57N  57N N   CA    459  460  131.60  137.00                  -41.10
   11   2891  57N  58G C   N     465  467   89.75   78.70   12.02    0.45   82.20  179.50    8.33
   11         58G  58G N   CA    467  468 -170.84 -166.10                    8.50
   12   2893  59G  60F C   N     473  475  -58.22  -71.40   14.33    1.15  -63.20  169.46   23.20
   12         60F  60F N   CA    475  476  146.31  140.70                  -44.30
   13   2894  60F  61A C   N     484  486 -154.23 -134.00   25.55    0.66  -62.50 -178.58   34.62
   13         61A  61A N   CA    486  487  162.59  147.00                  -40.90
   14   2895  61A  62G C   N     489  491   70.50   78.70   10.72    0.28   82.20  168.11    8.75
   14         62G  62G N   CA    491  492 -159.19 -166.10                    8.50
   15   2896  62G  63N C   N     493  495 -120.85 -119.90   20.00    0.93  -63.20  168.30   18.51
   15         63N  63N N   CA    495  496  117.02  137.00                  -41.10
   16   2897  63N  64R C   N     501  503 -105.11 -125.20   55.46    2.17  -63.00  136.65   16.09
   16         64R  64R N   CA    503  504   88.90  140.60                  -41.10
   17   2898  64R  65E C   N     512  514 -161.13 -117.80   44.17    1.84  -63.60 -165.27   22.50
   17         65E  65E N   CA    514  515  128.24  136.80                  -40.30
   18   2899  65E  66Q C   N     521  523 -143.03 -121.10   28.55    1.44  -63.80 -179.92   23.30
   18         66Q  66Q N   CA    523  524  121.42  139.70                  -40.30
   19   2900  66Q  67M C   N     530  532 -105.10 -125.60   40.69    1.44  -63.40  151.70   19.82
   19         67M  67M N   CA    532  533  105.35  140.50                  -40.50
   20   2901  67M  68N C   N     538  540 -152.58 -119.90   43.11    2.32  -63.20  174.60   18.76
   20         68N  68N N   CA    540  541  108.88  137.00                  -41.10
   21   2903  69V  70F C   N     553  555 -145.85 -124.20   21.90    0.95  -63.20 -165.84   32.31
   21         70F  70F N   CA    555  556  140.02  143.30                  -44.30
   22   2904  70F  71Y C   N     564  566 -132.69 -124.30   11.96    0.96  -63.50 -176.20   26.10
   22         71Y  71Y N   CA    566  567  126.88  135.40                  -43.40
   23   2905  71Y  72D C   N     576  578 -102.38  -96.50   33.30    1.39  -63.30  127.56   13.87
   23         72D  72D N   CA    578  579   81.43  114.20                  -40.00
   24   2906  72D  73Y C   N     584  586 -138.20 -124.30   13.92    1.07  -63.50 -166.91   27.35
   24         73Y  73Y N   CA    586  587  134.66  135.40                  -43.40
   25   2907  73Y  74L C   N     596  598 -118.32 -108.50   11.18    0.49  -63.50 -172.74   23.49
   25         74L  74L N   CA    598  599  137.85  132.50                  -41.20
   26   2908  74L  75R C   N     604  606 -138.96 -125.20   13.80    0.58  -63.00 -165.14   31.53
   26         75R  75R N   CA    606  607  139.45  140.60                  -41.10
   27   2909  75R  76S C   N     615  617 -116.54 -136.60   31.24    1.06  -64.10  170.51   10.51
   27         76S  76S N   CA    617  618  127.25  151.20                  -35.00
   28   2910  76S  77D C   N     621  623 -117.19  -96.50   28.57    1.17  -63.30  144.90   15.52
   28         77D  77D N   CA    623  624   94.50  114.20                  -40.00
   29   2911  77D  78S C   N     629  631  -73.92  -72.40    9.44    0.61  -64.10  178.36   12.37
   29         78S  78S N   CA    631  632  143.08  152.40                  -35.00
   30   2912  78S  79R C   N     635  637  -75.83  -72.10   19.72    1.43  -63.00  158.16   22.24
   30         79R  79R N   CA    637  638  161.26  141.90                  -41.10
   31   2913  79R  80F C   N     646  648 -112.80 -124.20   12.32    0.35  -63.20 -176.10   28.85
   31         80F  80F N   CA    648  649  138.62  143.30                  -44.30
   32   2914  80F  81A C   N     657  659 -131.99 -134.00    4.69    0.20  -62.50 -170.46   34.78
   32         81A  81A N   CA    659  660  142.76  147.00                  -40.90
   33   2915  81A  82D C   N     662  664  -89.28  -96.50   52.71    2.22  -63.30  105.24   11.66
   33         82D  82D N   CA    664  665   61.98  114.20                  -40.00
   34   2916  82D  83L C   N     670  672 -107.58 -108.50   10.97    0.58  -63.50  168.64   21.32
   34         83L  83L N   CA    672  673  121.57  132.50                  -41.20
   35   2917  83L  84H C   N     678  680 -121.84 -125.60   29.65    1.05  -63.20  162.63   17.56
   35         84H  84H N   CA    680  681  109.38  138.80                  -42.30
   36   2918  84H  85F C   N     688  690 -118.43 -124.20   19.00    1.01  -63.20  163.88   26.41
   36         85F  85F N   CA    690  691  161.40  143.30                  -44.30
   37   2919  85F  86K C   N     699  701 -121.15 -118.00    5.94    0.31  -62.90 -175.69   21.51
   37         86K  86K N   CA    701  702  134.06  139.10                  -40.80
   38   2920  86K  87E C   N     708  710 -113.15 -117.80   10.45    0.57  -63.60 -179.53   26.87
   38         87E  87E N   CA    710  711  146.16  136.80                  -40.30
   39   2921  87E  88T C   N     717  719  -87.43  -78.10   33.72    1.76  -63.20  161.33   19.18
   39         88T  88T N   CA    719  720  117.40  149.80                  -42.10
   40   2922  88T  89Y C   N     724  726 -126.74 -124.30   10.10    0.44  -63.50 -177.31   32.16
   40         89Y  89Y N   CA    726  727  145.20  135.40                  -43.40
   41   2923  89Y  90D C   N     736  738  -80.21  -96.50   36.05    1.52  -63.30  123.21   14.26
   41         90D  90D N   CA    738  739   82.05  114.20                  -40.00
   42   2924  90D  91N C   N     744  746 -134.45 -119.90   23.98    0.73  -63.20  177.76   26.26
   42         91N  91N N   CA    746  747  156.05  137.00                  -41.10
   43   2925  91N  92K C   N     752  754  -85.83  -70.20   15.66    1.12  -62.90  179.30   24.60
   43         92K  92K N   CA    754  755  141.38  140.40                  -40.80
   44   2926  92K  93N C   N     761  763 -127.42 -119.90   33.57    1.34  -63.20  162.42   23.94
   44         93N  93N N   CA    763  764  169.71  137.00                  -41.10


report______> Distribution of short non-bonded contacts:


DISTANCE1:  0.00 2.10 2.20 2.30 2.40 2.50 2.60 2.70 2.80 2.90 3.00 3.10 3.20 3.30 3.40
DISTANCE2:  2.10 2.20 2.30 2.40 2.50 2.60 2.70 2.80 2.90 3.00 3.10 3.20 3.30 3.40 3.50
FREQUENCY:     0    0    0    0    0    0    8   22   33   45   49   61   60   72   82


<< end of ENERGY.
>> Model assessment by DOPE potential
iatmcls_286W> MODEL atom not classified:  PHE:OXT  PHE


>> ENERGY; Differences between the model's features and restraints:
Number of all residues in MODEL                   :       95
Number of all, selected real atoms                :      789     789
Number of all, selected pseudo atoms              :        0       0
Number of all static, selected restraints         :     4493    4493
COVALENT_CYS                                      :        F
NONBONDED_SEL_ATOMS                               :        1
Number of non-bonded pairs (excluding 1-2,1-3,1-4):    53225
Dynamic pairs routine                             : 1, NATM x NATM double loop
Atomic shift for contacts update (UPDATE_DYNAMIC) :    0.390
LENNARD_JONES_SWITCH                              :    6.500   7.500
COULOMB_JONES_SWITCH                              :    6.500   7.500
RESIDUE_SPAN_RANGE                                :        1    9999
NLOGN_USE                                         :       15
CONTACT_SHELL                                     :   15.000
DYNAMIC_PAIRS,_SPHERE,_COULOMB,_LENNARD,_MODELLER :        T       F       F       F       T
SPHERE_STDV                                       :    0.050
RADII_FACTOR                                      :    0.820
Current energy                                    :       -4088.3416




<< end of ENERGY.
DOPE score               : -4088.341553
>> Model assessment by GA341 potential

Surface library          : /Library/modeller-9.16/modlib/surf5.de
Pair library             : /Library/modeller-9.16/modlib/pair9.de
Chain identifier         : _
% sequence identity      :    14.607000
Sequence length          :           95
Compactness              :     0.011134
Native energy (pair)     :    20.047441
Native energy (surface)  :    11.836694
Native energy (combined) :     8.349309
Z score (pair)           :    -0.218176
Z score (surface)        :     0.022798
Z score (combined)       :    -0.142431
GA341 score              :     0.001939


>> Summary of successfully produced models:
Filename                          molpdf     DOPE score    GA341 score
----------------------------------------------------------------------
D1_3koj_05.B99990001.pdb       555.21497    -3823.53369        0.00281
D1_3koj_05.B99990002.pdb       549.98511    -3864.07568        0.00205
D1_3koj_05.B99990003.pdb       617.07697    -4012.10791        0.00232
D1_3koj_05.B99990004.pdb       569.36639    -3930.70215        0.00466
D1_3koj_05.B99990005.pdb       672.37531    -4088.34155        0.00194

