
                         MODELLER 9.16, 2016/01/07, r10745

     PROTEIN STRUCTURE MODELLING BY SATISFACTION OF SPATIAL RESTRAINTS


                     Copyright(c) 1989-2016 Andrej Sali
                            All Rights Reserved

                             Written by A. Sali
                               with help from
              B. Webb, M.S. Madhusudhan, M-Y. Shen, G.Q. Dong,
          M.A. Marti-Renom, N. Eswar, F. Alber, M. Topf, B. Oliva,
             A. Fiser, R. Sanchez, B. Yerkovich, A. Badretdinov,
                     F. Melo, J.P. Overington, E. Feyfant
                 University of California, San Francisco, USA
                    Rockefeller University, New York, USA
                      Harvard University, Cambridge, USA
                   Imperial Cancer Research Fund, London, UK
              Birkbeck College, University of London, London, UK


Kind, OS, HostName, Kernel, Processor: 4, Darwin Oliviers-MacBook.local 13.4.0 x86_64
Date and time of compilation         : 2016/01/07 09:10:39
MODELLER executable type             : mac10v4-intel64
Job starting time (YY/MM/DD HH:MM:SS): 2016/02/23 14:46:40


check_ali___> Checking the sequence-structure alignment. 

Implied intrachain target CA(i)-CA(i+1) distances longer than  8.0 angstroms:

ALN_POS  TMPL  RID1  RID2  NAM1  NAM2     DIST
----------------------------------------------
     69     1   64    68      N     V   12.963
END OF TABLE
read_to_681_> topology.submodel read from topology file:        3
The following 1 residues contain 6-membered rings with poor geometries
after transfer from templates. Rebuilding rings from internal coordinates:
   <Residue 89 (type TYR)>
mdtrsr__446W> A potential that relies on one protein is used, yet you have at
              least one known structure available. MDT, not library, potential is used.
0 atoms in HETATM/BLK residues constrained
to protein atoms within 2.30 angstroms
and protein CA atoms within 10.00 angstroms
0 atoms in residues without defined topology
constrained to be rigid bodies
condens_443_> Restraints marked for deletion were removed.
              Total number of restraints before, now:     7226     6539


>> ENERGY; Differences between the model's features and restraints:
Number of all residues in MODEL                   :       95
Number of all, selected real atoms                :      789     789
Number of all, selected pseudo atoms              :        0       0
Number of all static, selected restraints         :     6539    6539
COVALENT_CYS                                      :        F
NONBONDED_SEL_ATOMS                               :        1
Number of non-bonded pairs (excluding 1-2,1-3,1-4):     1596
Dynamic pairs routine                             : 2, NATM x NATM cell sorting
Atomic shift for contacts update (UPDATE_DYNAMIC) :    0.390
LENNARD_JONES_SWITCH                              :    6.500   7.500
COULOMB_JONES_SWITCH                              :    6.500   7.500
RESIDUE_SPAN_RANGE                                :        0   99999
NLOGN_USE                                         :       15
CONTACT_SHELL                                     :    4.000
DYNAMIC_PAIRS,_SPHERE,_COULOMB,_LENNARD,_MODELLER :        T       T       F       F       F
SPHERE_STDV                                       :    0.050
RADII_FACTOR                                      :    0.820
Current energy                                    :         624.7497





Summary of the restraint violations: 

   NUM     ... number of restraints.
   NUMVI   ... number of restraints with RVIOL > VIOL_REPORT_CUT[i].
   RVIOL   ... relative difference from the best value.
   NUMVP   ... number of restraints with -Ln(pdf) > VIOL_REPORT_CUT2[i].
   RMS_1   ... RMS(feature, minimally_violated_basis_restraint, NUMB).
   RMS_2   ... RMS(feature, best_value, NUMB).
   MOL.PDF ... scaled contribution to -Ln(Molecular pdf).

 #                     RESTRAINT_GROUP      NUM   NUMVI  NUMVP   RMS_1   RMS_2         MOL.PDF     S_i
------------------------------------------------------------------------------------------------------
 1 Bond length potential              :     813       0      0   0.004   0.004      3.9625       1.000
 2 Bond angle potential               :    1093       0      0   1.573   1.573      52.348       1.000
 3 Stereochemical cosine torsion poten:     554       0     17  48.983  48.983      207.15       1.000
 4 Stereochemical improper torsion pot:     374       0      0   0.948   0.948      7.0846       1.000
 5 Soft-sphere overlap restraints     :    1596       0      0   0.003   0.003      2.1086       1.000
 6 Lennard-Jones 6-12 potential       :       0       0      0   0.000   0.000      0.0000       1.000
 7 Coulomb point-point electrostatic p:       0       0      0   0.000   0.000      0.0000       1.000
 8 H-bonding potential                :       0       0      0   0.000   0.000      0.0000       1.000
 9 Distance restraints 1 (CA-CA)      :    1233       0     11   0.609   0.609      91.580       1.000
10 Distance restraints 2 (N-O)        :    1375       1      4   0.528   0.528      82.276       1.000
11 Mainchain Phi dihedral restraints  :       0       0      0   0.000   0.000      0.0000       1.000
12 Mainchain Psi dihedral restraints  :       0       0      0   0.000   0.000      0.0000       1.000
13 Mainchain Omega dihedral restraints:      94       2      1  26.264  26.264      22.057       1.000
14 Sidechain Chi_1 dihedral restraints:      84       0      1  82.807  82.807      29.828       1.000
15 Sidechain Chi_2 dihedral restraints:      73       0      0  80.225  80.225      31.449       1.000
16 Sidechain Chi_3 dihedral restraints:      24       0      0  70.533  70.533      14.107       1.000
17 Sidechain Chi_4 dihedral restraints:      11       0      0  58.345  58.345      6.5107       1.000
18 Disulfide distance restraints      :       0       0      0   0.000   0.000      0.0000       1.000
19 Disulfide angle restraints         :       0       0      0   0.000   0.000      0.0000       1.000
20 Disulfide dihedral angle restraints:       0       0      0   0.000   0.000      0.0000       1.000
21 Lower bound distance restraints    :       0       0      0   0.000   0.000      0.0000       1.000
22 Upper bound distance restraints    :       0       0      0   0.000   0.000      0.0000       1.000
23 Distance restraints 3 (SDCH-MNCH)  :     638       0      0   0.551   0.551      13.027       1.000
24 Sidechain Chi_5 dihedral restraints:       0       0      0   0.000   0.000      0.0000       1.000
25 Phi/Psi pair of dihedral restraints:      93      15      3  28.432  79.582      51.546       1.000
26 Distance restraints 4 (SDCH-SDCH)  :      80       0      0   1.653   1.653      9.7133       1.000
27 Distance restraints 5 (X-Y)        :       0       0      0   0.000   0.000      0.0000       1.000
28 NMR distance restraints 6 (X-Y)    :       0       0      0   0.000   0.000      0.0000       1.000
29 NMR distance restraints 7 (X-Y)    :       0       0      0   0.000   0.000      0.0000       1.000
30 Minimal distance restraints        :       0       0      0   0.000   0.000      0.0000       1.000
31 Non-bonded restraints              :       0       0      0   0.000   0.000      0.0000       1.000
32 Atomic accessibility restraints    :       0       0      0   0.000   0.000      0.0000       1.000
33 Atomic density restraints          :       0       0      0   0.000   0.000      0.0000       1.000
34 Absolute position restraints       :       0       0      0   0.000   0.000      0.0000       1.000
35 Dihedral angle difference restraint:       0       0      0   0.000   0.000      0.0000       1.000
36 GBSA implicit solvent potential    :       0       0      0   0.000   0.000      0.0000       1.000
37 EM density fitting potential       :       0       0      0   0.000   0.000      0.0000       1.000
38 SAXS restraints                    :       0       0      0   0.000   0.000      0.0000       1.000
39 Symmetry restraints                :       0       0      0   0.000   0.000      0.0000       1.000



# Heavy relative violation of each residue is written to: D1_3koj_06.V99990001
# The profile is NOT normalized by the number of restraints.
# The profiles are smoothed over a window of residues:    1
# The sum of all numbers in the file:   11206.6328



List of the violated restraints:
   A restraint is violated when the relative difference
   from the best value (RVIOL) is larger than CUTOFF.

   ICSR   ... index of a restraint in the current set.
   RESNO  ... residue numbers of the first two atoms.
   ATM    ... IUPAC atom names of the first two atoms.
   FEAT   ... the value of the feature in the model.
   restr  ... the mean of the basis restraint with the smallest
              difference from the model (local minimum).
   viol   ... difference from the local minimum.
   rviol  ... relative difference from the local minimum.
   RESTR  ... the best value (global minimum).
   VIOL   ... difference from the best value.
   RVIOL  ... relative difference from the best value.


-------------------------------------------------------------------------------------------------

Feature 10                           : Distance restraints 2 (N-O)             
List of the RVIOL violations larger than   :       4.5000

    #   ICSR  RESNO1/2 ATM1/2   INDATM1/2    FEAT   restr    viol   rviol   RESTR    VIOL   RVIOL
    1   5454  68N  20F N   O     540  166    5.28    2.85    2.44    4.54    2.85    2.44    4.54

-------------------------------------------------------------------------------------------------

Feature 13                           : Mainchain Omega dihedral restraints     
List of the RVIOL violations larger than   :       4.5000

    #   ICSR  RESNO1/2 ATM1/2   INDATM1/2    FEAT   restr    viol   rviol   RESTR    VIOL   RVIOL
    1   2971  44G  44G CA  C     369  370   -1.45 -179.18  177.74   41.31 -179.18  177.74   41.31
    2   3005  78S  78S CA  C     632  635   -1.77 -179.18  177.41   41.23 -179.18  177.41   41.23

-------------------------------------------------------------------------------------------------

Feature 25                           : Phi/Psi pair of dihedral restraints     
List of the RVIOL violations larger than   :       6.5000

    #   ICSR  RESNO1/2 ATM1/2   INDATM1/2    FEAT   restr    viol   rviol   RESTR    VIOL   RVIOL
    1   2835   1M   2G C   N       7    9  -70.88  -80.20   22.96    0.54   82.20 -149.41    6.80
    1          2G   2G N   CA      9   10  153.12  174.10                    8.50
    2   2836   2G   3H C   N      11   13  -80.96  -67.60   15.63    0.95  -63.20  170.52   22.45
    2          3H   3H N   CA     13   14  148.11  140.00                  -42.30
    3   2837   3H   4H C   N      21   23 -144.68 -125.60   30.51    0.78  -63.20  175.19   27.19
    3          4H   4H N   CA     23   24  162.61  138.80                  -42.30
    4   2838   4H   5H C   N      31   33 -114.03 -125.60   11.57    0.40  -63.20 -173.94   26.59
    4          5H   5H N   CA     33   34  138.72  138.80                  -42.30
    5   2839   5H   6H C   N      41   43 -116.00 -125.60   17.32    0.46  -63.20  174.84   19.18
    5          6H   6H N   CA     43   44  124.38  138.80                  -42.30
    6   2865  31S  32L C   N     264  266   74.71   60.20   32.26    1.12  -63.50  144.45   26.35
    6         32L  32L N   CA    266  267    0.79   29.60                  -41.20
    7   2877  43I  44G C   N     366  368  -76.64  -80.20   29.22    0.97   82.20 -150.50    7.16
    7         44G  44G N   CA    368  369  145.09  174.10                    8.50
    8   2897  63N  64R C   N     501  503 -148.50 -125.20   73.34    3.94  -63.00  141.03   16.10
    8         64R  64R N   CA    503  504   71.06  140.60                  -41.10
    9   2899  65E  66Q C   N     521  523  -75.13  -63.80   12.18    1.79 -121.10 -178.53    7.76
    9         66Q  66Q N   CA    523  524  -35.85  -40.30                  139.70
   10   2901  67M  68N C   N     538  540 -133.14 -119.90   28.95    0.98   55.90 -149.25   25.74
   10         68N  68N N   CA    540  541  162.74  137.00                   39.50
   11   2912  78S  79R C   N     635  637  -72.77  -63.00   10.30    1.51  -72.10  179.72   13.84
   11         79R  79R N   CA    637  638  -37.82  -41.10                  141.90
   12   2923  89Y  90D C   N     736  738 -125.19  -96.50   33.75    1.38  -63.30  149.82   15.95
   12         90D  90D N   CA    738  739   96.44  114.20                  -40.00
   13   2924  90D  91N C   N     744  746 -152.73 -119.90   33.15    1.26  -63.20 -161.39   29.86
   13         91N  91N N   CA    746  747  141.62  137.00                  -41.10
   14   2925  91N  92K C   N     752  754 -133.10 -118.00   15.25    0.54  -62.90 -168.74   29.04
   14         92K  92K N   CA    754  755  141.29  139.10                  -40.80
   15   2926  92K  93N C   N     761  763 -124.14 -119.90    8.72    0.29  -63.20 -175.37   26.55
   15         93N  93N N   CA    763  764  144.62  137.00                  -41.10


report______> Distribution of short non-bonded contacts:


DISTANCE1:  0.00 2.10 2.20 2.30 2.40 2.50 2.60 2.70 2.80 2.90 3.00 3.10 3.20 3.30 3.40
DISTANCE2:  2.10 2.20 2.30 2.40 2.50 2.60 2.70 2.80 2.90 3.00 3.10 3.20 3.30 3.40 3.50
FREQUENCY:     0    0    0    0    0    3   12   51   64   78   78   76   84  119  111


<< end of ENERGY.
>> Model assessment by DOPE potential
iatmcls_286W> MODEL atom not classified:  PHE:OXT  PHE


>> ENERGY; Differences between the model's features and restraints:
Number of all residues in MODEL                   :       95
Number of all, selected real atoms                :      789     789
Number of all, selected pseudo atoms              :        0       0
Number of all static, selected restraints         :     6539    6539
COVALENT_CYS                                      :        F
NONBONDED_SEL_ATOMS                               :        1
Number of non-bonded pairs (excluding 1-2,1-3,1-4):   106307
Dynamic pairs routine                             : 1, NATM x NATM double loop
Atomic shift for contacts update (UPDATE_DYNAMIC) :    0.390
LENNARD_JONES_SWITCH                              :    6.500   7.500
COULOMB_JONES_SWITCH                              :    6.500   7.500
RESIDUE_SPAN_RANGE                                :        1    9999
NLOGN_USE                                         :       15
CONTACT_SHELL                                     :   15.000
DYNAMIC_PAIRS,_SPHERE,_COULOMB,_LENNARD,_MODELLER :        T       F       F       F       T
SPHERE_STDV                                       :    0.050
RADII_FACTOR                                      :    0.820
Current energy                                    :       -6518.0527




<< end of ENERGY.
DOPE score               : -6518.052734
>> Model assessment by GA341 potential

Surface library          : /Library/modeller-9.16/modlib/surf5.de
Pair library             : /Library/modeller-9.16/modlib/pair9.de
Chain identifier         : _
% sequence identity      :    20.225000
Sequence length          :           95
Compactness              :     0.202373
Native energy (pair)     :    46.175983
Native energy (surface)  :     3.437100
Native energy (combined) :     3.985665
Z score (pair)           :     0.442285
Z score (surface)        :    -1.553731
Z score (combined)       :    -0.797838
GA341 score              :     0.018334

iupac_m_397W> Atoms were not swapped because of the uncertainty of how to handle the H atom.
iupac_m_484W> Dihedral still outside +-90:      -90.1757
iupac_m_397W> Atoms were not swapped because of the uncertainty of how to handle the H atom.


>> ENERGY; Differences between the model's features and restraints:
Number of all residues in MODEL                   :       95
Number of all, selected real atoms                :      789     789
Number of all, selected pseudo atoms              :        0       0
Number of all static, selected restraints         :     6539    6539
COVALENT_CYS                                      :        F
NONBONDED_SEL_ATOMS                               :        1
Number of non-bonded pairs (excluding 1-2,1-3,1-4):     1563
Dynamic pairs routine                             : 2, NATM x NATM cell sorting
Atomic shift for contacts update (UPDATE_DYNAMIC) :    0.390
LENNARD_JONES_SWITCH                              :    6.500   7.500
COULOMB_JONES_SWITCH                              :    6.500   7.500
RESIDUE_SPAN_RANGE                                :        0   99999
NLOGN_USE                                         :       15
CONTACT_SHELL                                     :    4.000
DYNAMIC_PAIRS,_SPHERE,_COULOMB,_LENNARD,_MODELLER :        T       T       F       F       F
SPHERE_STDV                                       :    0.050
RADII_FACTOR                                      :    0.820
Current energy                                    :         597.2258





Summary of the restraint violations: 

   NUM     ... number of restraints.
   NUMVI   ... number of restraints with RVIOL > VIOL_REPORT_CUT[i].
   RVIOL   ... relative difference from the best value.
   NUMVP   ... number of restraints with -Ln(pdf) > VIOL_REPORT_CUT2[i].
   RMS_1   ... RMS(feature, minimally_violated_basis_restraint, NUMB).
   RMS_2   ... RMS(feature, best_value, NUMB).
   MOL.PDF ... scaled contribution to -Ln(Molecular pdf).

 #                     RESTRAINT_GROUP      NUM   NUMVI  NUMVP   RMS_1   RMS_2         MOL.PDF     S_i
------------------------------------------------------------------------------------------------------
 1 Bond length potential              :     813       0      0   0.005   0.005      5.3938       1.000
 2 Bond angle potential               :    1093       0      1   1.720   1.720      61.741       1.000
 3 Stereochemical cosine torsion poten:     554       0     13  47.510  47.510      195.71       1.000
 4 Stereochemical improper torsion pot:     374       0      0   0.964   0.964      7.5099       1.000
 5 Soft-sphere overlap restraints     :    1563       0      0   0.003   0.003      1.4533       1.000
 6 Lennard-Jones 6-12 potential       :       0       0      0   0.000   0.000      0.0000       1.000
 7 Coulomb point-point electrostatic p:       0       0      0   0.000   0.000      0.0000       1.000
 8 H-bonding potential                :       0       0      0   0.000   0.000      0.0000       1.000
 9 Distance restraints 1 (CA-CA)      :    1233       1      8   0.612   0.612      89.464       1.000
10 Distance restraints 2 (N-O)        :    1375       1      4   0.534   0.534      80.775       1.000
11 Mainchain Phi dihedral restraints  :       0       0      0   0.000   0.000      0.0000       1.000
12 Mainchain Psi dihedral restraints  :       0       0      0   0.000   0.000      0.0000       1.000
13 Mainchain Omega dihedral restraints:      94       1      2  18.636  18.636      20.190       1.000
14 Sidechain Chi_1 dihedral restraints:      84       0      1  82.661  82.661      30.476       1.000
15 Sidechain Chi_2 dihedral restraints:      73       0      1  79.275  79.275      25.202       1.000
16 Sidechain Chi_3 dihedral restraints:      24       0      0  76.626  76.626      17.227       1.000
17 Sidechain Chi_4 dihedral restraints:      11       0      0  66.224  66.224      7.8634       1.000
18 Disulfide distance restraints      :       0       0      0   0.000   0.000      0.0000       1.000
19 Disulfide angle restraints         :       0       0      0   0.000   0.000      0.0000       1.000
20 Disulfide dihedral angle restraints:       0       0      0   0.000   0.000      0.0000       1.000
21 Lower bound distance restraints    :       0       0      0   0.000   0.000      0.0000       1.000
22 Upper bound distance restraints    :       0       0      0   0.000   0.000      0.0000       1.000
23 Distance restraints 3 (SDCH-MNCH)  :     638       0      0   0.481   0.481      9.1974       1.000
24 Sidechain Chi_5 dihedral restraints:       0       0      0   0.000   0.000      0.0000       1.000
25 Phi/Psi pair of dihedral restraints:      93      16      5  25.601  76.908      39.649       1.000
26 Distance restraints 4 (SDCH-SDCH)  :      80       0      0   1.178   1.178      5.3729       1.000
27 Distance restraints 5 (X-Y)        :       0       0      0   0.000   0.000      0.0000       1.000
28 NMR distance restraints 6 (X-Y)    :       0       0      0   0.000   0.000      0.0000       1.000
29 NMR distance restraints 7 (X-Y)    :       0       0      0   0.000   0.000      0.0000       1.000
30 Minimal distance restraints        :       0       0      0   0.000   0.000      0.0000       1.000
31 Non-bonded restraints              :       0       0      0   0.000   0.000      0.0000       1.000
32 Atomic accessibility restraints    :       0       0      0   0.000   0.000      0.0000       1.000
33 Atomic density restraints          :       0       0      0   0.000   0.000      0.0000       1.000
34 Absolute position restraints       :       0       0      0   0.000   0.000      0.0000       1.000
35 Dihedral angle difference restraint:       0       0      0   0.000   0.000      0.0000       1.000
36 GBSA implicit solvent potential    :       0       0      0   0.000   0.000      0.0000       1.000
37 EM density fitting potential       :       0       0      0   0.000   0.000      0.0000       1.000
38 SAXS restraints                    :       0       0      0   0.000   0.000      0.0000       1.000
39 Symmetry restraints                :       0       0      0   0.000   0.000      0.0000       1.000



# Heavy relative violation of each residue is written to: D1_3koj_06.V99990002
# The profile is NOT normalized by the number of restraints.
# The profiles are smoothed over a window of residues:    1
# The sum of all numbers in the file:   10513.9092



List of the violated restraints:
   A restraint is violated when the relative difference
   from the best value (RVIOL) is larger than CUTOFF.

   ICSR   ... index of a restraint in the current set.
   RESNO  ... residue numbers of the first two atoms.
   ATM    ... IUPAC atom names of the first two atoms.
   FEAT   ... the value of the feature in the model.
   restr  ... the mean of the basis restraint with the smallest
              difference from the model (local minimum).
   viol   ... difference from the local minimum.
   rviol  ... relative difference from the local minimum.
   RESTR  ... the best value (global minimum).
   VIOL   ... difference from the best value.
   RVIOL  ... relative difference from the best value.


-------------------------------------------------------------------------------------------------

Feature  9                           : Distance restraints 1 (CA-CA)           
List of the RVIOL violations larger than   :       4.5000

    #   ICSR  RESNO1/2 ATM1/2   INDATM1/2    FEAT   restr    viol   rviol   RESTR    VIOL   RVIOL
    1   3516  21Y  68N CA  CA    168  541    9.26    6.06    3.21    4.60    6.06    3.21    4.60

-------------------------------------------------------------------------------------------------

Feature 10                           : Distance restraints 2 (N-O)             
List of the RVIOL violations larger than   :       4.5000

    #   ICSR  RESNO1/2 ATM1/2   INDATM1/2    FEAT   restr    viol   rviol   RESTR    VIOL   RVIOL
    1   5454  68N  20F N   O     540  166    5.48    2.85    2.64    4.92    2.85    2.64    4.92

-------------------------------------------------------------------------------------------------

Feature 13                           : Mainchain Omega dihedral restraints     
List of the RVIOL violations larger than   :       4.5000

    #   ICSR  RESNO1/2 ATM1/2   INDATM1/2    FEAT   restr    viol   rviol   RESTR    VIOL   RVIOL
    1   2971  44G  44G CA  C     369  370   -3.27 -179.18  175.92   40.89 -179.18  175.92   40.89

-------------------------------------------------------------------------------------------------

Feature 25                           : Phi/Psi pair of dihedral restraints     
List of the RVIOL violations larger than   :       6.5000

    #   ICSR  RESNO1/2 ATM1/2   INDATM1/2    FEAT   restr    viol   rviol   RESTR    VIOL   RVIOL
    1   2835   1M   2G C   N       7    9 -160.57 -167.20    6.67    0.14   82.20 -156.12   14.94
    1          2G   2G N   CA      9   10  175.31  174.60                    8.50
    2   2836   2G   3H C   N      11   13  -78.55  -67.60   24.79    1.58  -63.20  156.21   20.51
    2          3H   3H N   CA     13   14  162.25  140.00                  -42.30
    3   2837   3H   4H C   N      21   23  -68.33  -67.60   43.55    3.33  -63.20  134.25   17.11
    3          4H   4H N   CA     23   24 -176.45  140.00                  -42.30
    4   2838   4H   5H C   N      31   33  -50.13  -67.60   17.50    1.35  -63.20  177.18   21.37
    4          5H   5H N   CA     33   34  141.00  140.00                  -42.30
    5   2840   6H   7H C   N      51   53  -61.94  -63.20    4.04    0.44 -125.60 -173.73    8.08
    5          7H   7H N   CA     53   54  -46.14  -42.30                  138.80
    6   2865  31S  32L C   N     264  266   73.88   60.20   30.84    1.07  -63.50  144.01   26.30
    6         32L  32L N   CA    266  267    1.96   29.60                  -41.20
    7   2877  43I  44G C   N     366  368  -75.51  -80.20   16.90    0.45   82.20 -142.79    7.01
    7         44G  44G N   CA    368  369  157.86  174.10                    8.50
    8   2878  44G  45I C   N     370  372  -67.48  -63.40    4.20    0.78 -120.60 -177.23    8.50
    8         45I  45I N   CA    372  373  -44.58  -43.60                  130.30
    9   2899  65E  66Q C   N     521  523  -78.05  -63.80   15.59    2.26 -121.10  178.93    7.70
    9         66Q  66Q N   CA    523  524  -33.98  -40.30                  139.70
   10   2901  67M  68N C   N     538  540 -150.08 -119.90   56.25    1.80   55.90 -148.48   25.19
   10         68N  68N N   CA    540  541 -175.53  137.00                   39.50
   11   2911  77D  78S C   N     629  631  -63.13  -64.10   22.77    1.59 -136.60  167.97    9.50
   11         78S  78S N   CA    631  632  -57.75  -35.00                  151.20
   12   2912  78S  79R C   N     635  637  -62.24  -63.00   10.43    1.36  -72.10  166.89   13.05
   12         79R  79R N   CA    637  638  -51.50  -41.10                  141.90
   13   2923  89Y  90D C   N     736  738 -116.13  -96.50   68.57    2.86  -63.30  103.06   10.95
   13         90D  90D N   CA    738  739   48.50  114.20                  -40.00
   14   2924  90D  91N C   N     744  746 -139.57 -119.90   38.51    1.26  -63.20  167.25   25.20
   14         91N  91N N   CA    746  747  170.11  137.00                  -41.10
   15   2925  91N  92K C   N     752  754 -111.37 -118.00   11.45    0.59  -62.90  177.51   25.92
   15         92K  92K N   CA    754  755  148.44  139.10                  -40.80
   16   2926  92K  93N C   N     761  763 -131.87 -119.90   26.71    0.91  -63.20  172.30   25.43
   16         93N  93N N   CA    763  764  160.88  137.00                  -41.10


report______> Distribution of short non-bonded contacts:


DISTANCE1:  0.00 2.10 2.20 2.30 2.40 2.50 2.60 2.70 2.80 2.90 3.00 3.10 3.20 3.30 3.40
DISTANCE2:  2.10 2.20 2.30 2.40 2.50 2.60 2.70 2.80 2.90 3.00 3.10 3.20 3.30 3.40 3.50
FREQUENCY:     0    0    0    0    0    4    4   40   52   87   68   77   97   93  132


<< end of ENERGY.
>> Model assessment by DOPE potential
iatmcls_286W> MODEL atom not classified:  PHE:OXT  PHE


>> ENERGY; Differences between the model's features and restraints:
Number of all residues in MODEL                   :       95
Number of all, selected real atoms                :      789     789
Number of all, selected pseudo atoms              :        0       0
Number of all static, selected restraints         :     6539    6539
COVALENT_CYS                                      :        F
NONBONDED_SEL_ATOMS                               :        1
Number of non-bonded pairs (excluding 1-2,1-3,1-4):   107942
Dynamic pairs routine                             : 1, NATM x NATM double loop
Atomic shift for contacts update (UPDATE_DYNAMIC) :    0.390
LENNARD_JONES_SWITCH                              :    6.500   7.500
COULOMB_JONES_SWITCH                              :    6.500   7.500
RESIDUE_SPAN_RANGE                                :        1    9999
NLOGN_USE                                         :       15
CONTACT_SHELL                                     :   15.000
DYNAMIC_PAIRS,_SPHERE,_COULOMB,_LENNARD,_MODELLER :        T       F       F       F       T
SPHERE_STDV                                       :    0.050
RADII_FACTOR                                      :    0.820
Current energy                                    :       -6988.9014




<< end of ENERGY.
DOPE score               : -6988.901367
>> Model assessment by GA341 potential

Surface library          : /Library/modeller-9.16/modlib/surf5.de
Pair library             : /Library/modeller-9.16/modlib/pair9.de
Chain identifier         : _
% sequence identity      :    20.225000
Sequence length          :           95
Compactness              :     0.218682
Native energy (pair)     :    39.897245
Native energy (surface)  :     4.200144
Native energy (combined) :     3.727668
Z score (pair)           :    -0.282427
Z score (surface)        :    -1.530495
Z score (combined)       :    -1.199045
GA341 score              :     0.028343

iupac_m_397W> Atoms were not swapped because of the uncertainty of how to handle the H atom.
iupac_m_397W> Atoms were not swapped because of the uncertainty of how to handle the H atom.


>> ENERGY; Differences between the model's features and restraints:
Number of all residues in MODEL                   :       95
Number of all, selected real atoms                :      789     789
Number of all, selected pseudo atoms              :        0       0
Number of all static, selected restraints         :     6539    6539
COVALENT_CYS                                      :        F
NONBONDED_SEL_ATOMS                               :        1
Number of non-bonded pairs (excluding 1-2,1-3,1-4):     1588
Dynamic pairs routine                             : 2, NATM x NATM cell sorting
Atomic shift for contacts update (UPDATE_DYNAMIC) :    0.390
LENNARD_JONES_SWITCH                              :    6.500   7.500
COULOMB_JONES_SWITCH                              :    6.500   7.500
RESIDUE_SPAN_RANGE                                :        0   99999
NLOGN_USE                                         :       15
CONTACT_SHELL                                     :    4.000
DYNAMIC_PAIRS,_SPHERE,_COULOMB,_LENNARD,_MODELLER :        T       T       F       F       F
SPHERE_STDV                                       :    0.050
RADII_FACTOR                                      :    0.820
Current energy                                    :         722.9248





Summary of the restraint violations: 

   NUM     ... number of restraints.
   NUMVI   ... number of restraints with RVIOL > VIOL_REPORT_CUT[i].
   RVIOL   ... relative difference from the best value.
   NUMVP   ... number of restraints with -Ln(pdf) > VIOL_REPORT_CUT2[i].
   RMS_1   ... RMS(feature, minimally_violated_basis_restraint, NUMB).
   RMS_2   ... RMS(feature, best_value, NUMB).
   MOL.PDF ... scaled contribution to -Ln(Molecular pdf).

 #                     RESTRAINT_GROUP      NUM   NUMVI  NUMVP   RMS_1   RMS_2         MOL.PDF     S_i
------------------------------------------------------------------------------------------------------
 1 Bond length potential              :     813       0      0   0.004   0.004      4.6943       1.000
 2 Bond angle potential               :    1093       0      3   1.742   1.742      64.004       1.000
 3 Stereochemical cosine torsion poten:     554       0     21  48.398  48.398      203.65       1.000
 4 Stereochemical improper torsion pot:     374       0      0   1.077   1.077      8.7832       1.000
 5 Soft-sphere overlap restraints     :    1588       0      0   0.003   0.003      1.8483       1.000
 6 Lennard-Jones 6-12 potential       :       0       0      0   0.000   0.000      0.0000       1.000
 7 Coulomb point-point electrostatic p:       0       0      0   0.000   0.000      0.0000       1.000
 8 H-bonding potential                :       0       0      0   0.000   0.000      0.0000       1.000
 9 Distance restraints 1 (CA-CA)      :    1233       0      9   0.644   0.644      100.21       1.000
10 Distance restraints 2 (N-O)        :    1375       0      5   0.585   0.585      105.52       1.000
11 Mainchain Phi dihedral restraints  :       0       0      0   0.000   0.000      0.0000       1.000
12 Mainchain Psi dihedral restraints  :       0       0      0   0.000   0.000      0.0000       1.000
13 Mainchain Omega dihedral restraints:      94       1      0  18.548  18.548      16.718       1.000
14 Sidechain Chi_1 dihedral restraints:      84       0      0  88.775  88.775      31.791       1.000
15 Sidechain Chi_2 dihedral restraints:      73       0      1  84.804  84.804      34.487       1.000
16 Sidechain Chi_3 dihedral restraints:      24       0      0  65.106  65.106      12.293       1.000
17 Sidechain Chi_4 dihedral restraints:      11       0      0  66.813  66.813      8.8568       1.000
18 Disulfide distance restraints      :       0       0      0   0.000   0.000      0.0000       1.000
19 Disulfide angle restraints         :       0       0      0   0.000   0.000      0.0000       1.000
20 Disulfide dihedral angle restraints:       0       0      0   0.000   0.000      0.0000       1.000
21 Lower bound distance restraints    :       0       0      0   0.000   0.000      0.0000       1.000
22 Upper bound distance restraints    :       0       0      0   0.000   0.000      0.0000       1.000
23 Distance restraints 3 (SDCH-MNCH)  :     638       0      0   0.558   0.558      15.444       1.000
24 Sidechain Chi_5 dihedral restraints:       0       0      0   0.000   0.000      0.0000       1.000
25 Phi/Psi pair of dihedral restraints:      93      20     13  37.465  81.504      103.17       1.000
26 Distance restraints 4 (SDCH-SDCH)  :      80       0      0   2.136   2.136      11.446       1.000
27 Distance restraints 5 (X-Y)        :       0       0      0   0.000   0.000      0.0000       1.000
28 NMR distance restraints 6 (X-Y)    :       0       0      0   0.000   0.000      0.0000       1.000
29 NMR distance restraints 7 (X-Y)    :       0       0      0   0.000   0.000      0.0000       1.000
30 Minimal distance restraints        :       0       0      0   0.000   0.000      0.0000       1.000
31 Non-bonded restraints              :       0       0      0   0.000   0.000      0.0000       1.000
32 Atomic accessibility restraints    :       0       0      0   0.000   0.000      0.0000       1.000
33 Atomic density restraints          :       0       0      0   0.000   0.000      0.0000       1.000
34 Absolute position restraints       :       0       0      0   0.000   0.000      0.0000       1.000
35 Dihedral angle difference restraint:       0       0      0   0.000   0.000      0.0000       1.000
36 GBSA implicit solvent potential    :       0       0      0   0.000   0.000      0.0000       1.000
37 EM density fitting potential       :       0       0      0   0.000   0.000      0.0000       1.000
38 SAXS restraints                    :       0       0      0   0.000   0.000      0.0000       1.000
39 Symmetry restraints                :       0       0      0   0.000   0.000      0.0000       1.000



# Heavy relative violation of each residue is written to: D1_3koj_06.V99990003
# The profile is NOT normalized by the number of restraints.
# The profiles are smoothed over a window of residues:    1
# The sum of all numbers in the file:   12042.4023



List of the violated restraints:
   A restraint is violated when the relative difference
   from the best value (RVIOL) is larger than CUTOFF.

   ICSR   ... index of a restraint in the current set.
   RESNO  ... residue numbers of the first two atoms.
   ATM    ... IUPAC atom names of the first two atoms.
   FEAT   ... the value of the feature in the model.
   restr  ... the mean of the basis restraint with the smallest
              difference from the model (local minimum).
   viol   ... difference from the local minimum.
   rviol  ... relative difference from the local minimum.
   RESTR  ... the best value (global minimum).
   VIOL   ... difference from the best value.
   RVIOL  ... relative difference from the best value.


-------------------------------------------------------------------------------------------------

Feature 13                           : Mainchain Omega dihedral restraints     
List of the RVIOL violations larger than   :       4.5000

    #   ICSR  RESNO1/2 ATM1/2   INDATM1/2    FEAT   restr    viol   rviol   RESTR    VIOL   RVIOL
    1   3005  78S  78S CA  C     632  635   -3.28 -179.18  175.90   40.88 -179.18  175.90   40.88

-------------------------------------------------------------------------------------------------

Feature 25                           : Phi/Psi pair of dihedral restraints     
List of the RVIOL violations larger than   :       6.5000

    #   ICSR  RESNO1/2 ATM1/2   INDATM1/2    FEAT   restr    viol   rviol   RESTR    VIOL   RVIOL
    1   2835   1M   2G C   N       7    9  -62.36  -62.40    0.38    0.06   82.20  152.99   11.64
    1          2G   2G N   CA      9   10  -41.58  -41.20                    8.50
    2   2836   2G   3H C   N      11   13  -94.97  -67.60   27.40    2.10  -63.20 -178.31   24.77
    2          3H   3H N   CA     13   14  138.81  140.00                  -42.30
    3   2837   3H   4H C   N      21   23 -108.86 -125.60   25.01    0.63  -63.20  168.81   18.72
    3          4H   4H N   CA     23   24  120.21  138.80                  -42.30
    4   2838   4H   5H C   N      31   33 -120.93 -125.60    4.67    0.16  -63.20 -171.91   27.30
    4          5H   5H N   CA     33   34  138.69  138.80                  -42.30
    5   2839   5H   6H C   N      41   43 -107.64 -125.60   41.70    1.21  -63.20  150.19   16.51
    5          6H   6H N   CA     43   44  101.17  138.80                  -42.30
    6   2865  31S  32L C   N     264  266   73.80   60.20   32.21    1.11  -63.50  143.47   26.17
    6         32L  32L N   CA    266  267    0.40   29.60                  -41.20
    7   2877  43I  44G C   N     366  368   88.96   78.70   13.89    0.34   82.20  176.17    8.89
    7         44G  44G N   CA    368  369 -175.46 -166.10                    8.50
    8   2878  44G  45I C   N     370  372  -62.17  -63.40    3.13    0.48 -120.60 -173.81    8.52
    8         45I  45I N   CA    372  373  -46.48  -43.60                  130.30
    9   2895  61A  62G C   N     489  491  -72.07  -62.40  138.14   21.11  -62.40  138.14   21.11
    9         62G  62G N   CA    491  492 -179.00  -41.20                  -41.20
   10   2896  62G  63N C   N     493  495   57.73   55.90   24.75    1.60  -63.20  133.23   21.84
   10         63N  63N N   CA    495  496   14.82   39.50                  -41.10
   11   2897  63N  64R C   N     501  503 -164.31  -63.00  107.77   19.42  -63.00  107.77   19.42
   11         64R  64R N   CA    503  504  -77.87  -41.10                  -41.10
   12   2901  67M  68N C   N     538  540 -159.50 -119.90   56.09    1.64   55.90 -160.65   23.72
   12         68N  68N N   CA    540  541  176.72  137.00                   39.50
   13   2909  75R  76S C   N     615  617  -58.58  -64.10   35.73    2.32 -136.60  158.96    9.02
   13         76S  76S N   CA    617  618  -70.30  -35.00                  151.20
   14   2911  77D  78S C   N     629  631  -69.17  -64.10   13.41    1.33 -136.60  174.90    9.84
   14         78S  78S N   CA    631  632  -47.42  -35.00                  151.20
   15   2912  78S  79R C   N     635  637  104.59 -125.20  144.64    4.42  -72.10 -172.85   15.53
   15         79R  79R N   CA    637  638 -156.42  140.60                  141.90
   16   2923  89Y  90D C   N     736  738 -102.80  -70.90   59.88    2.03  -63.30  125.42   18.03
   16         90D  90D N   CA    738  739 -159.03  150.30                  -40.00
   17   2924  90D  91N C   N     744  746  -67.05  -71.20   40.95    2.51  -63.20  143.21   17.70
   17         91N  91N N   CA    746  747  102.06  142.80                  -41.10
   18   2925  91N  92K C   N     752  754 -139.50 -118.00   32.17    1.16  -62.90  173.95   27.17
   18         92K  92K N   CA    754  755  163.03  139.10                  -40.80
   19   2926  92K  93N C   N     761  763 -110.64 -119.90   31.70    1.62  -63.20  158.83   22.56
   19         93N  93N N   CA    763  764  167.32  137.00                  -41.10
   20   2927  93N  94P C   N     769  771  -64.97  -58.70    8.65    0.62  -64.50  171.73   12.84
   20         94P  94P N   CA    771  772  -24.54  -30.50                  147.20


report______> Distribution of short non-bonded contacts:


DISTANCE1:  0.00 2.10 2.20 2.30 2.40 2.50 2.60 2.70 2.80 2.90 3.00 3.10 3.20 3.30 3.40
DISTANCE2:  2.10 2.20 2.30 2.40 2.50 2.60 2.70 2.80 2.90 3.00 3.10 3.20 3.30 3.40 3.50
FREQUENCY:     0    0    0    0    0    2   13   44   59   84   71   85   83  113  122


<< end of ENERGY.
>> Model assessment by DOPE potential
iatmcls_286W> MODEL atom not classified:  PHE:OXT  PHE


>> ENERGY; Differences between the model's features and restraints:
Number of all residues in MODEL                   :       95
Number of all, selected real atoms                :      789     789
Number of all, selected pseudo atoms              :        0       0
Number of all static, selected restraints         :     6539    6539
COVALENT_CYS                                      :        F
NONBONDED_SEL_ATOMS                               :        1
Number of non-bonded pairs (excluding 1-2,1-3,1-4):   110140
Dynamic pairs routine                             : 1, NATM x NATM double loop
Atomic shift for contacts update (UPDATE_DYNAMIC) :    0.390
LENNARD_JONES_SWITCH                              :    6.500   7.500
COULOMB_JONES_SWITCH                              :    6.500   7.500
RESIDUE_SPAN_RANGE                                :        1    9999
NLOGN_USE                                         :       15
CONTACT_SHELL                                     :   15.000
DYNAMIC_PAIRS,_SPHERE,_COULOMB,_LENNARD,_MODELLER :        T       F       F       F       T
SPHERE_STDV                                       :    0.050
RADII_FACTOR                                      :    0.820
Current energy                                    :       -6627.7715




<< end of ENERGY.
DOPE score               : -6627.771484
>> Model assessment by GA341 potential

Surface library          : /Library/modeller-9.16/modlib/surf5.de
Pair library             : /Library/modeller-9.16/modlib/pair9.de
Chain identifier         : _
% sequence identity      :    20.225000
Sequence length          :           95
Compactness              :     0.242236
Native energy (pair)     :    50.909325
Native energy (surface)  :     4.064149
Native energy (combined) :     4.423254
Z score (pair)           :     0.429385
Z score (surface)        :    -1.290008
Z score (combined)       :    -0.559753
GA341 score              :     0.015893

iupac_m_397W> Atoms were not swapped because of the uncertainty of how to handle the H atom.


>> ENERGY; Differences between the model's features and restraints:
Number of all residues in MODEL                   :       95
Number of all, selected real atoms                :      789     789
Number of all, selected pseudo atoms              :        0       0
Number of all static, selected restraints         :     6539    6539
COVALENT_CYS                                      :        F
NONBONDED_SEL_ATOMS                               :        1
Number of non-bonded pairs (excluding 1-2,1-3,1-4):     1561
Dynamic pairs routine                             : 2, NATM x NATM cell sorting
Atomic shift for contacts update (UPDATE_DYNAMIC) :    0.390
LENNARD_JONES_SWITCH                              :    6.500   7.500
COULOMB_JONES_SWITCH                              :    6.500   7.500
RESIDUE_SPAN_RANGE                                :        0   99999
NLOGN_USE                                         :       15
CONTACT_SHELL                                     :    4.000
DYNAMIC_PAIRS,_SPHERE,_COULOMB,_LENNARD,_MODELLER :        T       T       F       F       F
SPHERE_STDV                                       :    0.050
RADII_FACTOR                                      :    0.820
Current energy                                    :         696.5801





Summary of the restraint violations: 

   NUM     ... number of restraints.
   NUMVI   ... number of restraints with RVIOL > VIOL_REPORT_CUT[i].
   RVIOL   ... relative difference from the best value.
   NUMVP   ... number of restraints with -Ln(pdf) > VIOL_REPORT_CUT2[i].
   RMS_1   ... RMS(feature, minimally_violated_basis_restraint, NUMB).
   RMS_2   ... RMS(feature, best_value, NUMB).
   MOL.PDF ... scaled contribution to -Ln(Molecular pdf).

 #                     RESTRAINT_GROUP      NUM   NUMVI  NUMVP   RMS_1   RMS_2         MOL.PDF     S_i
------------------------------------------------------------------------------------------------------
 1 Bond length potential              :     813       0      0   0.004   0.004      4.1878       1.000
 2 Bond angle potential               :    1093       0      0   1.713   1.713      61.440       1.000
 3 Stereochemical cosine torsion poten:     554       0     22  49.674  49.674      215.91       1.000
 4 Stereochemical improper torsion pot:     374       0      0   0.943   0.943      7.0697       1.000
 5 Soft-sphere overlap restraints     :    1561       0      0   0.003   0.003      1.2015       1.000
 6 Lennard-Jones 6-12 potential       :       0       0      0   0.000   0.000      0.0000       1.000
 7 Coulomb point-point electrostatic p:       0       0      0   0.000   0.000      0.0000       1.000
 8 H-bonding potential                :       0       0      0   0.000   0.000      0.0000       1.000
 9 Distance restraints 1 (CA-CA)      :    1233       0      8   0.667   0.667      102.76       1.000
10 Distance restraints 2 (N-O)        :    1375       1      5   0.534   0.534      87.628       1.000
11 Mainchain Phi dihedral restraints  :       0       0      0   0.000   0.000      0.0000       1.000
12 Mainchain Psi dihedral restraints  :       0       0      0   0.000   0.000      0.0000       1.000
13 Mainchain Omega dihedral restraints:      94       1      1  18.543  18.543      20.015       1.000
14 Sidechain Chi_1 dihedral restraints:      84       0      1  91.594  91.594      39.145       1.000
15 Sidechain Chi_2 dihedral restraints:      73       0      0  74.993  74.993      31.940       1.000
16 Sidechain Chi_3 dihedral restraints:      24       0      0  75.059  75.059      17.706       1.000
17 Sidechain Chi_4 dihedral restraints:      11       0      0  90.578  90.578      8.2903       1.000
18 Disulfide distance restraints      :       0       0      0   0.000   0.000      0.0000       1.000
19 Disulfide angle restraints         :       0       0      0   0.000   0.000      0.0000       1.000
20 Disulfide dihedral angle restraints:       0       0      0   0.000   0.000      0.0000       1.000
21 Lower bound distance restraints    :       0       0      0   0.000   0.000      0.0000       1.000
22 Upper bound distance restraints    :       0       0      0   0.000   0.000      0.0000       1.000
23 Distance restraints 3 (SDCH-MNCH)  :     638       0      0   0.597   0.597      17.317       1.000
24 Sidechain Chi_5 dihedral restraints:       0       0      0   0.000   0.000      0.0000       1.000
25 Phi/Psi pair of dihedral restraints:      93      19     14  32.287  81.412      74.608       1.000
26 Distance restraints 4 (SDCH-SDCH)  :      80       0      0   1.464   1.464      7.3688       1.000
27 Distance restraints 5 (X-Y)        :       0       0      0   0.000   0.000      0.0000       1.000
28 NMR distance restraints 6 (X-Y)    :       0       0      0   0.000   0.000      0.0000       1.000
29 NMR distance restraints 7 (X-Y)    :       0       0      0   0.000   0.000      0.0000       1.000
30 Minimal distance restraints        :       0       0      0   0.000   0.000      0.0000       1.000
31 Non-bonded restraints              :       0       0      0   0.000   0.000      0.0000       1.000
32 Atomic accessibility restraints    :       0       0      0   0.000   0.000      0.0000       1.000
33 Atomic density restraints          :       0       0      0   0.000   0.000      0.0000       1.000
34 Absolute position restraints       :       0       0      0   0.000   0.000      0.0000       1.000
35 Dihedral angle difference restraint:       0       0      0   0.000   0.000      0.0000       1.000
36 GBSA implicit solvent potential    :       0       0      0   0.000   0.000      0.0000       1.000
37 EM density fitting potential       :       0       0      0   0.000   0.000      0.0000       1.000
38 SAXS restraints                    :       0       0      0   0.000   0.000      0.0000       1.000
39 Symmetry restraints                :       0       0      0   0.000   0.000      0.0000       1.000



# Heavy relative violation of each residue is written to: D1_3koj_06.V99990004
# The profile is NOT normalized by the number of restraints.
# The profiles are smoothed over a window of residues:    1
# The sum of all numbers in the file:   11886.2500



List of the violated restraints:
   A restraint is violated when the relative difference
   from the best value (RVIOL) is larger than CUTOFF.

   ICSR   ... index of a restraint in the current set.
   RESNO  ... residue numbers of the first two atoms.
   ATM    ... IUPAC atom names of the first two atoms.
   FEAT   ... the value of the feature in the model.
   restr  ... the mean of the basis restraint with the smallest
              difference from the model (local minimum).
   viol   ... difference from the local minimum.
   rviol  ... relative difference from the local minimum.
   RESTR  ... the best value (global minimum).
   VIOL   ... difference from the best value.
   RVIOL  ... relative difference from the best value.


-------------------------------------------------------------------------------------------------

Feature 10                           : Distance restraints 2 (N-O)             
List of the RVIOL violations larger than   :       4.5000

    #   ICSR  RESNO1/2 ATM1/2   INDATM1/2    FEAT   restr    viol   rviol   RESTR    VIOL   RVIOL
    1   5454  68N  20F N   O     540  166    5.36    2.85    2.52    4.69    2.85    2.52    4.69

-------------------------------------------------------------------------------------------------

Feature 13                           : Mainchain Omega dihedral restraints     
List of the RVIOL violations larger than   :       4.5000

    #   ICSR  RESNO1/2 ATM1/2   INDATM1/2    FEAT   restr    viol   rviol   RESTR    VIOL   RVIOL
    1   3005  78S  78S CA  C     632  635   -4.14 -179.18  175.04   40.68 -179.18  175.04   40.68

-------------------------------------------------------------------------------------------------

Feature 25                           : Phi/Psi pair of dihedral restraints     
List of the RVIOL violations larger than   :       6.5000

    #   ICSR  RESNO1/2 ATM1/2   INDATM1/2    FEAT   restr    viol   rviol   RESTR    VIOL   RVIOL
    1   2835   1M   2G C   N       7    9  141.06 -167.20   55.49    1.59   82.20  157.48   10.39
    1          2G   2G N   CA      9   10  154.57  174.60                    8.50
    2   2836   2G   3H C   N      11   13  -82.66  -67.60   15.29    1.23  -63.20 -179.27   21.45
    2          3H   3H N   CA     13   14  137.38  140.00                  -42.30
    3   2837   3H   4H C   N      21   23 -164.81 -125.60   39.21    1.37  -63.20 -154.25   32.28
    3          4H   4H N   CA     23   24  138.80  138.80                  -42.30
    4   2838   4H   5H C   N      31   33 -171.76 -125.60   53.73    1.37  -63.20 -173.70   30.16
    4          5H   5H N   CA     33   34  166.30  138.80                  -42.30
    5   2839   5H   6H C   N      41   43 -150.76 -125.60   48.68    1.33  -63.20  162.79   25.96
    5          6H   6H N   CA     43   44 -179.53  138.80                  -42.30
    6   2844  10H  11M C   N      87   89  -68.77  -63.40    5.50    0.94 -125.60 -171.40    7.67
    6         11M  11M N   CA     89   90  -39.34  -40.50                  140.50
    7   2864  30R  31S C   N     258  260  -78.95  -72.40   55.51    3.49  -64.10  133.11    8.87
    7         31S  31S N   CA    260  261   97.28  152.40                  -35.00
    8   2865  31S  32L C   N     264  266  -51.90  -70.70   44.43    2.80  -63.50  143.02   20.54
    8         32L  32L N   CA    266  267  101.35  141.60                  -41.20
    9   2866  32L  33R C   N     272  274 -153.54  -63.00   94.91   17.01  -63.00   94.91   17.01
    9         33R  33R N   CA    274  275  -69.59  -41.10                  -41.10
   10   2877  43I  44G C   N     366  368   64.91   78.70   30.56    0.45   82.20  148.34    8.06
   10         44G  44G N   CA    368  369 -138.83 -166.10                    8.50
   11   2879  45I  46K C   N     378  380   59.54   56.60    3.84    0.27 -118.00 -154.75    6.81
   11         46K  46K N   CA    380  381   36.12   38.60                  139.10
   12   2897  63N  64R C   N     501  503 -144.64 -125.20   78.80    4.16  -63.00  133.27   15.24
   12         64R  64R N   CA    503  504   64.23  140.60                  -41.10
   13   2899  65E  66Q C   N     521  523  -75.50  -63.80   12.19    1.86 -121.10 -177.61    7.81
   13         66Q  66Q N   CA    523  524  -36.90  -40.30                  139.70
   14   2901  67M  68N C   N     538  540 -159.69 -119.90   57.91    1.70   55.90 -159.16   23.84
   14         68N  68N N   CA    540  541  179.07  137.00                   39.50
   15   2923  89Y  90D C   N     736  738  -95.82  -70.90   43.83    1.52  -63.30  137.55   19.07
   15         90D  90D N   CA    738  739 -173.65  150.30                  -40.00
   16   2924  90D  91N C   N     744  746  -77.32  -71.20   12.72    0.97  -63.20  173.32   20.92
   16         91N  91N N   CA    746  747  131.65  142.80                  -41.10
   17   2925  91N  92K C   N     752  754 -136.18 -118.00   33.87    1.31  -62.90  168.31   26.24
   17         92K  92K N   CA    754  755  167.68  139.10                  -40.80
   18   2926  92K  93N C   N     761  763 -116.87 -119.90   21.85    1.06  -63.20  169.01   24.19
   18         93N  93N N   CA    763  764  158.64  137.00                  -41.10
   19   2927  93N  94P C   N     769  771  -67.88  -58.70   17.30    1.03  -64.50  163.07   12.35
   19         94P  94P N   CA    771  772  -15.84  -30.50                  147.20


report______> Distribution of short non-bonded contacts:


DISTANCE1:  0.00 2.10 2.20 2.30 2.40 2.50 2.60 2.70 2.80 2.90 3.00 3.10 3.20 3.30 3.40
DISTANCE2:  2.10 2.20 2.30 2.40 2.50 2.60 2.70 2.80 2.90 3.00 3.10 3.20 3.30 3.40 3.50
FREQUENCY:     0    0    0    0    0    1   12   34   59   78   68   77   88   99  120


<< end of ENERGY.
>> Model assessment by DOPE potential
iatmcls_286W> MODEL atom not classified:  PHE:OXT  PHE


>> ENERGY; Differences between the model's features and restraints:
Number of all residues in MODEL                   :       95
Number of all, selected real atoms                :      789     789
Number of all, selected pseudo atoms              :        0       0
Number of all static, selected restraints         :     6539    6539
COVALENT_CYS                                      :        F
NONBONDED_SEL_ATOMS                               :        1
Number of non-bonded pairs (excluding 1-2,1-3,1-4):   104704
Dynamic pairs routine                             : 1, NATM x NATM double loop
Atomic shift for contacts update (UPDATE_DYNAMIC) :    0.390
LENNARD_JONES_SWITCH                              :    6.500   7.500
COULOMB_JONES_SWITCH                              :    6.500   7.500
RESIDUE_SPAN_RANGE                                :        1    9999
NLOGN_USE                                         :       15
CONTACT_SHELL                                     :   15.000
DYNAMIC_PAIRS,_SPHERE,_COULOMB,_LENNARD,_MODELLER :        T       F       F       F       T
SPHERE_STDV                                       :    0.050
RADII_FACTOR                                      :    0.820
Current energy                                    :       -6740.5947




<< end of ENERGY.
DOPE score               : -6740.594727
>> Model assessment by GA341 potential

Surface library          : /Library/modeller-9.16/modlib/surf5.de
Pair library             : /Library/modeller-9.16/modlib/pair9.de
Chain identifier         : _
% sequence identity      :    20.225000
Sequence length          :           95
Compactness              :     0.201762
Native energy (pair)     :    44.796785
Native energy (surface)  :     5.520797
Native energy (combined) :     4.524225
Z score (pair)           :     0.185105
Z score (surface)        :    -0.785568
Z score (combined)       :    -0.386420
GA341 score              :     0.012170

iupac_m_397W> Atoms were not swapped because of the uncertainty of how to handle the H atom.
iupac_m_484W> Dihedral still outside +-90:       91.4777
iupac_m_397W> Atoms were not swapped because of the uncertainty of how to handle the H atom.


>> ENERGY; Differences between the model's features and restraints:
Number of all residues in MODEL                   :       95
Number of all, selected real atoms                :      789     789
Number of all, selected pseudo atoms              :        0       0
Number of all static, selected restraints         :     6539    6539
COVALENT_CYS                                      :        F
NONBONDED_SEL_ATOMS                               :        1
Number of non-bonded pairs (excluding 1-2,1-3,1-4):     1600
Dynamic pairs routine                             : 2, NATM x NATM cell sorting
Atomic shift for contacts update (UPDATE_DYNAMIC) :    0.390
LENNARD_JONES_SWITCH                              :    6.500   7.500
COULOMB_JONES_SWITCH                              :    6.500   7.500
RESIDUE_SPAN_RANGE                                :        0   99999
NLOGN_USE                                         :       15
CONTACT_SHELL                                     :    4.000
DYNAMIC_PAIRS,_SPHERE,_COULOMB,_LENNARD,_MODELLER :        T       T       F       F       F
SPHERE_STDV                                       :    0.050
RADII_FACTOR                                      :    0.820
Current energy                                    :         678.3351





Summary of the restraint violations: 

   NUM     ... number of restraints.
   NUMVI   ... number of restraints with RVIOL > VIOL_REPORT_CUT[i].
   RVIOL   ... relative difference from the best value.
   NUMVP   ... number of restraints with -Ln(pdf) > VIOL_REPORT_CUT2[i].
   RMS_1   ... RMS(feature, minimally_violated_basis_restraint, NUMB).
   RMS_2   ... RMS(feature, best_value, NUMB).
   MOL.PDF ... scaled contribution to -Ln(Molecular pdf).

 #                     RESTRAINT_GROUP      NUM   NUMVI  NUMVP   RMS_1   RMS_2         MOL.PDF     S_i
------------------------------------------------------------------------------------------------------
 1 Bond length potential              :     813       0      0   0.004   0.004      4.6850       1.000
 2 Bond angle potential               :    1093       0      0   1.645   1.645      56.800       1.000
 3 Stereochemical cosine torsion poten:     554       0     24  48.817  48.817      204.26       1.000
 4 Stereochemical improper torsion pot:     374       0      0   0.973   0.973      7.2745       1.000
 5 Soft-sphere overlap restraints     :    1600       0      0   0.003   0.003      1.6239       1.000
 6 Lennard-Jones 6-12 potential       :       0       0      0   0.000   0.000      0.0000       1.000
 7 Coulomb point-point electrostatic p:       0       0      0   0.000   0.000      0.0000       1.000
 8 H-bonding potential                :       0       0      0   0.000   0.000      0.0000       1.000
 9 Distance restraints 1 (CA-CA)      :    1233       0      9   0.640   0.640      95.356       1.000
10 Distance restraints 2 (N-O)        :    1375       0      5   0.590   0.590      100.16       1.000
11 Mainchain Phi dihedral restraints  :       0       0      0   0.000   0.000      0.0000       1.000
12 Mainchain Psi dihedral restraints  :       0       0      0   0.000   0.000      0.0000       1.000
13 Mainchain Omega dihedral restraints:      94       1      1  18.832  18.832      17.375       1.000
14 Sidechain Chi_1 dihedral restraints:      84       0      0  79.945  79.945      25.138       1.000
15 Sidechain Chi_2 dihedral restraints:      73       0      1  77.295  77.295      32.434       1.000
16 Sidechain Chi_3 dihedral restraints:      24       0      0  69.566  69.566      15.866       1.000
17 Sidechain Chi_4 dihedral restraints:      11       0      0 103.584 103.584      8.5114       1.000
18 Disulfide distance restraints      :       0       0      0   0.000   0.000      0.0000       1.000
19 Disulfide angle restraints         :       0       0      0   0.000   0.000      0.0000       1.000
20 Disulfide dihedral angle restraints:       0       0      0   0.000   0.000      0.0000       1.000
21 Lower bound distance restraints    :       0       0      0   0.000   0.000      0.0000       1.000
22 Upper bound distance restraints    :       0       0      0   0.000   0.000      0.0000       1.000
23 Distance restraints 3 (SDCH-MNCH)  :     638       0      0   0.532   0.532      13.647       1.000
24 Sidechain Chi_5 dihedral restraints:       0       0      0   0.000   0.000      0.0000       1.000
25 Phi/Psi pair of dihedral restraints:      93      18     10  32.408  82.942      90.638       1.000
26 Distance restraints 4 (SDCH-SDCH)  :      80       0      0   1.153   1.153      4.5713       1.000
27 Distance restraints 5 (X-Y)        :       0       0      0   0.000   0.000      0.0000       1.000
28 NMR distance restraints 6 (X-Y)    :       0       0      0   0.000   0.000      0.0000       1.000
29 NMR distance restraints 7 (X-Y)    :       0       0      0   0.000   0.000      0.0000       1.000
30 Minimal distance restraints        :       0       0      0   0.000   0.000      0.0000       1.000
31 Non-bonded restraints              :       0       0      0   0.000   0.000      0.0000       1.000
32 Atomic accessibility restraints    :       0       0      0   0.000   0.000      0.0000       1.000
33 Atomic density restraints          :       0       0      0   0.000   0.000      0.0000       1.000
34 Absolute position restraints       :       0       0      0   0.000   0.000      0.0000       1.000
35 Dihedral angle difference restraint:       0       0      0   0.000   0.000      0.0000       1.000
36 GBSA implicit solvent potential    :       0       0      0   0.000   0.000      0.0000       1.000
37 EM density fitting potential       :       0       0      0   0.000   0.000      0.0000       1.000
38 SAXS restraints                    :       0       0      0   0.000   0.000      0.0000       1.000
39 Symmetry restraints                :       0       0      0   0.000   0.000      0.0000       1.000



# Heavy relative violation of each residue is written to: D1_3koj_06.V99990005
# The profile is NOT normalized by the number of restraints.
# The profiles are smoothed over a window of residues:    1
# The sum of all numbers in the file:   11159.8086



List of the violated restraints:
   A restraint is violated when the relative difference
   from the best value (RVIOL) is larger than CUTOFF.

   ICSR   ... index of a restraint in the current set.
   RESNO  ... residue numbers of the first two atoms.
   ATM    ... IUPAC atom names of the first two atoms.
   FEAT   ... the value of the feature in the model.
   restr  ... the mean of the basis restraint with the smallest
              difference from the model (local minimum).
   viol   ... difference from the local minimum.
   rviol  ... relative difference from the local minimum.
   RESTR  ... the best value (global minimum).
   VIOL   ... difference from the best value.
   RVIOL  ... relative difference from the best value.


-------------------------------------------------------------------------------------------------

Feature 13                           : Mainchain Omega dihedral restraints     
List of the RVIOL violations larger than   :       4.5000

    #   ICSR  RESNO1/2 ATM1/2   INDATM1/2    FEAT   restr    viol   rviol   RESTR    VIOL   RVIOL
    1   2971  44G  44G CA  C     369  370   -0.78 -179.18  178.40   41.47 -179.18  178.40   41.47

-------------------------------------------------------------------------------------------------

Feature 25                           : Phi/Psi pair of dihedral restraints     
List of the RVIOL violations larger than   :       6.5000

    #   ICSR  RESNO1/2 ATM1/2   INDATM1/2    FEAT   restr    viol   rviol   RESTR    VIOL   RVIOL
    1   2835   1M   2G C   N       7    9  -82.91  -80.20    8.83    0.48   82.20 -132.03    7.33
    1          2G   2G N   CA      9   10  165.69  174.10                    8.50
    2   2836   2G   3H C   N      11   13  -71.04  -67.60    5.78    0.35  -63.20  173.24   22.15
    2          3H   3H N   CA     13   14  144.64  140.00                  -42.30
    3   2837   3H   4H C   N      21   23  -64.11  -67.60    6.91    0.43  -63.20  176.34   21.99
    3          4H   4H N   CA     23   24  134.03  140.00                  -42.30
    4   2838   4H   5H C   N      31   33  -97.38 -125.60   31.21    0.83  -63.20  171.21   19.50
    4          5H   5H N   CA     33   34  125.46  138.80                  -42.30
    5   2839   5H   6H C   N      41   43  -67.62  -67.60    4.16    0.32  -63.20  173.59   21.98
    5          6H   6H N   CA     43   44  144.16  140.00                  -42.30
    6   2840   6H   7H C   N      51   53  -61.02  -63.20    6.12    0.66 -125.60 -175.18    8.04
    6          7H   7H N   CA     53   54  -48.03  -42.30                  138.80
    7   2865  31S  32L C   N     264  266   74.94   60.20   39.65    1.38  -63.50  142.55   25.83
    7         32L  32L N   CA    266  267   -7.21   29.60                  -41.20
    8   2877  43I  44G C   N     366  368  -71.05  -80.20   28.52    0.72   82.20 -153.38    6.85
    8         44G  44G N   CA    368  369  147.08  174.10                    8.50
    9   2895  61A  62G C   N     489  491  -66.32  -62.40  144.12   21.71  -62.40  144.12   21.71
    9         62G  62G N   CA    491  492  174.73  -41.20                  -41.20
   10   2896  62G  63N C   N     493  495   55.90   55.90   22.82    1.60  -63.20  132.37   21.72
   10         63N  63N N   CA    495  496   16.68   39.50                  -41.10
   11   2897  63N  64R C   N     501  503 -160.33  -63.00  100.16   17.75  -63.00  100.16   17.75
   11         64R  64R N   CA    503  504  -64.73  -41.10                  -41.10
   12   2899  65E  66Q C   N     521  523  -76.36  -63.80   12.59    2.06 -121.10 -175.34    7.94
   12         66Q  66Q N   CA    523  524  -39.46  -40.30                  139.70
   13   2901  67M  68N C   N     538  540 -162.66 -119.90   62.18    1.83   55.90 -159.11   23.71
   13         68N  68N N   CA    540  541 -177.85  137.00                   39.50
   14   2912  78S  79R C   N     635  637  -62.48  -63.00    6.20    0.87  -72.10  177.08   13.41
   14         79R  79R N   CA    637  638  -34.92  -41.10                  141.90
   15   2923  89Y  90D C   N     736  738 -102.84  -70.90   57.74    1.98  -63.30  127.87   18.34
   15         90D  90D N   CA    738  739 -161.60  150.30                  -40.00
   16   2924  90D  91N C   N     744  746  -71.91  -71.20   22.96    1.45  -63.20  153.40   19.66
   16         91N  91N N   CA    746  747  165.75  142.80                  -41.10
   17   2925  91N  92K C   N     752  754  -62.74  -70.20   23.15    1.50  -62.90  159.29   20.69
   17         92K  92K N   CA    754  755  118.49  140.40                  -40.80
   18   2926  92K  93N C   N     761  763 -140.67 -119.90   29.91    0.88  -63.20  178.11   26.63
   18         93N  93N N   CA    763  764  158.52  137.00                  -41.10


report______> Distribution of short non-bonded contacts:


DISTANCE1:  0.00 2.10 2.20 2.30 2.40 2.50 2.60 2.70 2.80 2.90 3.00 3.10 3.20 3.30 3.40
DISTANCE2:  2.10 2.20 2.30 2.40 2.50 2.60 2.70 2.80 2.90 3.00 3.10 3.20 3.30 3.40 3.50
FREQUENCY:     0    0    0    0    0    6    9   50   53   79   68   75   98  102  126


<< end of ENERGY.
>> Model assessment by DOPE potential
iatmcls_286W> MODEL atom not classified:  PHE:OXT  PHE


>> ENERGY; Differences between the model's features and restraints:
Number of all residues in MODEL                   :       95
Number of all, selected real atoms                :      789     789
Number of all, selected pseudo atoms              :        0       0
Number of all static, selected restraints         :     6539    6539
COVALENT_CYS                                      :        F
NONBONDED_SEL_ATOMS                               :        1
Number of non-bonded pairs (excluding 1-2,1-3,1-4):   113112
Dynamic pairs routine                             : 1, NATM x NATM double loop
Atomic shift for contacts update (UPDATE_DYNAMIC) :    0.390
LENNARD_JONES_SWITCH                              :    6.500   7.500
COULOMB_JONES_SWITCH                              :    6.500   7.500
RESIDUE_SPAN_RANGE                                :        1    9999
NLOGN_USE                                         :       15
CONTACT_SHELL                                     :   15.000
DYNAMIC_PAIRS,_SPHERE,_COULOMB,_LENNARD,_MODELLER :        T       F       F       F       T
SPHERE_STDV                                       :    0.050
RADII_FACTOR                                      :    0.820
Current energy                                    :       -7039.5713




<< end of ENERGY.
DOPE score               : -7039.571289
>> Model assessment by GA341 potential

Surface library          : /Library/modeller-9.16/modlib/surf5.de
Pair library             : /Library/modeller-9.16/modlib/pair9.de
Chain identifier         : _
% sequence identity      :    20.225000
Sequence length          :           95
Compactness              :     0.290696
Native energy (pair)     :    33.415481
Native energy (surface)  :     4.575084
Native energy (combined) :     3.470849
Z score (pair)           :    -0.732385
Z score (surface)        :    -1.309449
Z score (combined)       :    -1.298655
GA341 score              :     0.036515


>> Summary of successfully produced models:
Filename                          molpdf     DOPE score    GA341 score
----------------------------------------------------------------------
D1_3koj_06.B99990001.pdb       624.74969    -6518.05273        0.01833
D1_3koj_06.B99990002.pdb       597.22577    -6988.90137        0.02834
D1_3koj_06.B99990003.pdb       722.92480    -6627.77148        0.01589
D1_3koj_06.B99990004.pdb       696.58014    -6740.59473        0.01217
D1_3koj_06.B99990005.pdb       678.33508    -7039.57129        0.03652

